<html>
<head>
<title>TestNG:  all</title>
<link href="../testng.css" rel="stylesheet" type="text/css" />
<link href="../my-testng.css" rel="stylesheet" type="text/css" />

<style type="text/css">
.log { display: none;} 
.stack-trace { display: none;} 
</style>
<script type="text/javascript">
<!--
function flip(e) {
  current = e.style.display;
  if (current == 'block') {
    e.style.display = 'none';
    return 0;
  }
  else {
    e.style.display = 'block';
    return 1;
  }
}

function toggleBox(szDivId, elem, msg1, msg2)
{
  var res = -1;  if (document.getElementById) {
    res = flip(document.getElementById(szDivId));
  }
  else if (document.all) {
    // this is the way old msie versions work
    res = flip(document.all[szDivId]);
  }
  if(elem) {
    if(res == 0) elem.innerHTML = msg1; else elem.innerHTML = msg2;
  }

}

function toggleAllBoxes() {
  if (document.getElementsByTagName) {
    d = document.getElementsByTagName('div');
    for (i = 0; i < d.length; i++) {
      if (d[i].className == 'log') {
        flip(d[i]);
      }
    }
  }
}

// -->
</script>

</head>
<body>
<h2 align='center'>all</h2><table border='1' align="center">
<tr>
<td>Tests passed/Failed/Skipped:</td><td>6/17/0</td>
</tr><tr>
<td>Started on:</td><td>Mon Oct 05 13:30:35 EDT 2015</td>
</tr>
<tr><td>Total time:</td><td>81 seconds (81228 ms)</td>
</tr><tr>
<td>Included groups:</td><td></td>
</tr><tr>
<td>Excluded groups:</td><td></td>
</tr>
</table><p/>
<small><i>(Hover the method name to see the test class name)</i></small><p/>
<table width='100%' border='1' class='invocation-failed'>
<tr><td colspan='4' align='center'><b>FAILED TESTS</b></td></tr>
<tr><td><b>Test method</b></td>
<td width="30%"><b>Exception</b></td>
<td width="10%"><b>Time (seconds)</b></td>
<td><b>Instance</b></td>
</tr>
<tr>
<td title='com.teradata.tempto.sample_hive_table.allRows()'><b>allRows</b><br>Test class: com.teradata.tempto.sample_hive_table (sql_tests.testcases.sample_hive_table.allRows)</td>
<td><div><pre>java.lang.NoClassDefFoundError: com/facebook/presto/hive/$internal/com/google/common/primitives/Ints
	at org.apache.hive.service.cli.Column.&lt;init&gt;(Column.java:149)
	at org.apache.hive.service.cli.ColumnBasedSet.&lt;init&gt;(ColumnBasedSet.java:51)
	at org.apache.hive.service.cli.RowSetFactory.create(RowSetFactory.java:37)
	at org.apache.hive.jdbc.HiveQueryResultSet.next(HiveQueryResultSet.java:333)
	at com.teradata.tempto.query.QueryResult$QueryResultBuilder.addRows(QueryResult.java:230)
	at com.teradata.tempto.query.QueryResult.forResultSet(QueryResult.java:178)
	at com.teradata.tempto.query.JdbcQueryExecutor.executeQueryNoParams(JdbcQueryExecutor.java:102)
	at com.teradata.tempto.query.JdbcQueryExecutor.execute(JdbcQueryExecutor.java:85)
	at com.teradata.tempto.query.JdbcQueryExecutor.executeQuery(JdbcQueryExecutor.java:62)
	at com.teradata.tempto.internal.convention.sql.SqlQueryConventionBasedTest.runTestQuery(SqlQueryConventionBasedTest.java:116)
	at com.teradata.tempto.internal.convention.sql.SqlQueryConventionBasedTest.test(SqlQueryConventionBasedTest.java:94)
	at com.teradata.tempto.internal.convention.ConventionBasedTestProxyGenerator$ConventionBasedTestProxy.test(ConventionBasedTestProxyGenerator.java:120)
	at com.teradata.tempto.sample_hive_table.allRows(Unknown Source)
	at com.teradata.tempto.runner.TemptoRunner.run(TemptoRunner.java:81)
	at com.teradata.tempto.runner.TemptoRunner.runTempto(TemptoRunner.java:59)
	at com.teradata.tempto.runner.TemptoRunner.runTempto(TemptoRunner.java:47)
	at com.teradata.tempto.examples.TemptoExamples.main(TemptoExamples.java:30)
... Removed 21 stack frames</pre></div><a href='#' onClick='toggleBox("stack-trace45579823", this, "Click to show all stack frames", "Click to hide stack frames")'>Click to show all stack frames</a>
<div class='stack-trace' id='stack-trace45579823'><pre>java.lang.NoClassDefFoundError: com/facebook/presto/hive/$internal/com/google/common/primitives/Ints
	at org.apache.hive.service.cli.Column.&lt;init&gt;(Column.java:149)
	at org.apache.hive.service.cli.ColumnBasedSet.&lt;init&gt;(ColumnBasedSet.java:51)
	at org.apache.hive.service.cli.RowSetFactory.create(RowSetFactory.java:37)
	at org.apache.hive.jdbc.HiveQueryResultSet.next(HiveQueryResultSet.java:333)
	at com.teradata.tempto.query.QueryResult$QueryResultBuilder.addRows(QueryResult.java:230)
	at com.teradata.tempto.query.QueryResult.forResultSet(QueryResult.java:178)
	at com.teradata.tempto.query.JdbcQueryExecutor.executeQueryNoParams(JdbcQueryExecutor.java:102)
	at com.teradata.tempto.query.JdbcQueryExecutor.execute(JdbcQueryExecutor.java:85)
	at com.teradata.tempto.query.JdbcQueryExecutor.executeQuery(JdbcQueryExecutor.java:62)
	at com.teradata.tempto.internal.convention.sql.SqlQueryConventionBasedTest.runTestQuery(SqlQueryConventionBasedTest.java:116)
	at com.teradata.tempto.internal.convention.sql.SqlQueryConventionBasedTest.test(SqlQueryConventionBasedTest.java:94)
	at com.teradata.tempto.internal.convention.ConventionBasedTestProxyGenerator$ConventionBasedTestProxy.test(ConventionBasedTestProxyGenerator.java:120)
	at com.teradata.tempto.sample_hive_table.allRows(Unknown Source)
	at sun.reflect.NativeMethodAccessorImpl.invoke0(Native Method)
	at sun.reflect.NativeMethodAccessorImpl.invoke(NativeMethodAccessorImpl.java:62)
	at sun.reflect.DelegatingMethodAccessorImpl.invoke(DelegatingMethodAccessorImpl.java:43)
	at java.lang.reflect.Method.invoke(Method.java:497)
	at org.testng.internal.MethodInvocationHelper.invokeMethod(MethodInvocationHelper.java:85)
	at org.testng.internal.Invoker.invokeMethod(Invoker.java:639)
	at org.testng.internal.Invoker.invokeTestMethod(Invoker.java:821)
	at org.testng.internal.Invoker.invokeTestMethods(Invoker.java:1131)
	at org.testng.internal.TestMethodWorker.invokeTestMethods(TestMethodWorker.java:124)
	at org.testng.internal.TestMethodWorker.run(TestMethodWorker.java:108)
	at org.testng.TestRunner.privateRun(TestRunner.java:773)
	at org.testng.TestRunner.run(TestRunner.java:623)
	at org.testng.SuiteRunner.runTest(SuiteRunner.java:357)
	at org.testng.SuiteRunner.runSequentially(SuiteRunner.java:352)
	at org.testng.SuiteRunner.privateRun(SuiteRunner.java:310)
	at org.testng.SuiteRunner.run(SuiteRunner.java:259)
	at org.testng.SuiteRunnerWorker.runSuite(SuiteRunnerWorker.java:52)
	at org.testng.SuiteRunnerWorker.run(SuiteRunnerWorker.java:86)
	at org.testng.TestNG.runSuitesSequentially(TestNG.java:1185)
	at org.testng.TestNG.runSuitesLocally(TestNG.java:1110)
	at org.testng.TestNG.run(TestNG.java:1018)
	at com.teradata.tempto.runner.TemptoRunner.run(TemptoRunner.java:81)
	at com.teradata.tempto.runner.TemptoRunner.runTempto(TemptoRunner.java:59)
	at com.teradata.tempto.runner.TemptoRunner.runTempto(TemptoRunner.java:47)
	at com.teradata.tempto.examples.TemptoExamples.main(TemptoExamples.java:30)
</pre></div></td>
<td>0</td>
<td>com.teradata.tempto.sample_hive_table@4602fa2f</td></tr>
<tr>
<td title='com.teradata.tempto.sample_presto_table.allRows()'><b>allRows</b><br>Test class: com.teradata.tempto.sample_presto_table (sql_tests.testcases.sample_presto_table.allRows)</td>
<td><div><pre>com.teradata.tempto.query.QueryExecutionException: java.sql.SQLException: Error executing query
	at com.teradata.tempto.query.JdbcQueryExecutor.execute(JdbcQueryExecutor.java:92)
	at com.teradata.tempto.query.JdbcQueryExecutor.executeQuery(JdbcQueryExecutor.java:62)
	at com.teradata.tempto.internal.convention.sql.SqlQueryConventionBasedTest.runTestQuery(SqlQueryConventionBasedTest.java:116)
	at com.teradata.tempto.internal.convention.sql.SqlQueryConventionBasedTest.test(SqlQueryConventionBasedTest.java:94)
	at com.teradata.tempto.internal.convention.ConventionBasedTestProxyGenerator$ConventionBasedTestProxy.test(ConventionBasedTestProxyGenerator.java:120)
	at com.teradata.tempto.sample_presto_table.allRows(Unknown Source)
	at com.teradata.tempto.runner.TemptoRunner.run(TemptoRunner.java:81)
	at com.teradata.tempto.runner.TemptoRunner.runTempto(TemptoRunner.java:59)
	at com.teradata.tempto.runner.TemptoRunner.runTempto(TemptoRunner.java:47)
	at com.teradata.tempto.examples.TemptoExamples.main(TemptoExamples.java:30)
Caused by: java.sql.SQLException: Error executing query
	at com.facebook.presto.jdbc.PrestoStatement.executeQuery(PrestoStatement.java:54)
	at com.teradata.tempto.query.JdbcQueryExecutor.executeQueryNoParams(JdbcQueryExecutor.java:101)
	at com.teradata.tempto.query.JdbcQueryExecutor.execute(JdbcQueryExecutor.java:85)
	... 30 more
Caused by: com.facebook.presto.jdbc.internal.airlift.http.client.RuntimeIOException: Server refused connection: http://localhost:8080/v1/statement
	at com.facebook.presto.jdbc.internal.airlift.http.client.ResponseHandlerUtils.propagate(ResponseHandlerUtils.java:17)
	at com.facebook.presto.jdbc.internal.airlift.http.client.FullJsonResponseHandler.handleException(FullJsonResponseHandler.java:55)
	at com.facebook.presto.jdbc.internal.airlift.http.client.FullJsonResponseHandler.handleException(FullJsonResponseHandler.java:35)
	at com.facebook.presto.jdbc.internal.airlift.http.client.jetty.JettyHttpClient.execute(JettyHttpClient.java:297)
	at com.facebook.presto.jdbc.internal.client.StatementClient.&lt;init&gt;(StatementClient.java:96)
	at com.facebook.presto.jdbc.QueryExecutor.startQuery(QueryExecutor.java:63)
	at com.facebook.presto.jdbc.PrestoConnection.startQuery(PrestoConnection.java:588)
	at com.facebook.presto.jdbc.PrestoStatement.executeQuery(PrestoStatement.java:49)
	... 32 more
Caused by: java.net.ConnectException: Connection refused
	at sun.nio.ch.SocketChannelImpl.checkConnect(Native Method)
	at sun.nio.ch.SocketChannelImpl.finishConnect(SocketChannelImpl.java:717)
	at com.facebook.presto.jdbc.internal.jetty.io.SelectorManager.finishConnect(SelectorManager.java:340)
	at com.facebook.presto.jdbc.internal.jetty.io.SelectorManager$ManagedSelector.processConnect(SelectorManager.java:671)
	at com.facebook.presto.jdbc.internal.jetty.io.SelectorManager$ManagedSelector.processKey(SelectorManager.java:640)
	at com.facebook.presto.jdbc.internal.jetty.io.SelectorManager$ManagedSelector.select(SelectorManager.java:607)
	at com.facebook.presto.jdbc.internal.jetty.io.SelectorManager$ManagedSelector.run(SelectorManager.java:545)
	at com.facebook.presto.jdbc.internal.jetty.util.thread.NonBlockingThread.run(NonBlockingThread.java:52)
	at com.facebook.presto.jdbc.internal.jetty.util.thread.QueuedThreadPool.runJob(QueuedThreadPool.java:635)
	at com.facebook.presto.jdbc.internal.jetty.util.thread.QueuedThreadPool$3.run(QueuedThreadPool.java:555)
	at java.lang.Thread.run(Thread.java:745)
... Removed 21 stack frames</pre></div><a href='#' onClick='toggleBox("stack-trace1630826452", this, "Click to show all stack frames", "Click to hide stack frames")'>Click to show all stack frames</a>
<div class='stack-trace' id='stack-trace1630826452'><pre>com.teradata.tempto.query.QueryExecutionException: java.sql.SQLException: Error executing query
	at com.teradata.tempto.query.JdbcQueryExecutor.execute(JdbcQueryExecutor.java:92)
	at com.teradata.tempto.query.JdbcQueryExecutor.executeQuery(JdbcQueryExecutor.java:62)
	at com.teradata.tempto.internal.convention.sql.SqlQueryConventionBasedTest.runTestQuery(SqlQueryConventionBasedTest.java:116)
	at com.teradata.tempto.internal.convention.sql.SqlQueryConventionBasedTest.test(SqlQueryConventionBasedTest.java:94)
	at com.teradata.tempto.internal.convention.ConventionBasedTestProxyGenerator$ConventionBasedTestProxy.test(ConventionBasedTestProxyGenerator.java:120)
	at com.teradata.tempto.sample_presto_table.allRows(Unknown Source)
	at sun.reflect.NativeMethodAccessorImpl.invoke0(Native Method)
	at sun.reflect.NativeMethodAccessorImpl.invoke(NativeMethodAccessorImpl.java:62)
	at sun.reflect.DelegatingMethodAccessorImpl.invoke(DelegatingMethodAccessorImpl.java:43)
	at java.lang.reflect.Method.invoke(Method.java:497)
	at org.testng.internal.MethodInvocationHelper.invokeMethod(MethodInvocationHelper.java:85)
	at org.testng.internal.Invoker.invokeMethod(Invoker.java:639)
	at org.testng.internal.Invoker.invokeTestMethod(Invoker.java:821)
	at org.testng.internal.Invoker.invokeTestMethods(Invoker.java:1131)
	at org.testng.internal.TestMethodWorker.invokeTestMethods(TestMethodWorker.java:124)
	at org.testng.internal.TestMethodWorker.run(TestMethodWorker.java:108)
	at org.testng.TestRunner.privateRun(TestRunner.java:773)
	at org.testng.TestRunner.run(TestRunner.java:623)
	at org.testng.SuiteRunner.runTest(SuiteRunner.java:357)
	at org.testng.SuiteRunner.runSequentially(SuiteRunner.java:352)
	at org.testng.SuiteRunner.privateRun(SuiteRunner.java:310)
	at org.testng.SuiteRunner.run(SuiteRunner.java:259)
	at org.testng.SuiteRunnerWorker.runSuite(SuiteRunnerWorker.java:52)
	at org.testng.SuiteRunnerWorker.run(SuiteRunnerWorker.java:86)
	at org.testng.TestNG.runSuitesSequentially(TestNG.java:1185)
	at org.testng.TestNG.runSuitesLocally(TestNG.java:1110)
	at org.testng.TestNG.run(TestNG.java:1018)
	at com.teradata.tempto.runner.TemptoRunner.run(TemptoRunner.java:81)
	at com.teradata.tempto.runner.TemptoRunner.runTempto(TemptoRunner.java:59)
	at com.teradata.tempto.runner.TemptoRunner.runTempto(TemptoRunner.java:47)
	at com.teradata.tempto.examples.TemptoExamples.main(TemptoExamples.java:30)
Caused by: java.sql.SQLException: Error executing query
	at com.facebook.presto.jdbc.PrestoStatement.executeQuery(PrestoStatement.java:54)
	at com.teradata.tempto.query.JdbcQueryExecutor.executeQueryNoParams(JdbcQueryExecutor.java:101)
	at com.teradata.tempto.query.JdbcQueryExecutor.execute(JdbcQueryExecutor.java:85)
	... 30 more
Caused by: com.facebook.presto.jdbc.internal.airlift.http.client.RuntimeIOException: Server refused connection: http://localhost:8080/v1/statement
	at com.facebook.presto.jdbc.internal.airlift.http.client.ResponseHandlerUtils.propagate(ResponseHandlerUtils.java:17)
	at com.facebook.presto.jdbc.internal.airlift.http.client.FullJsonResponseHandler.handleException(FullJsonResponseHandler.java:55)
	at com.facebook.presto.jdbc.internal.airlift.http.client.FullJsonResponseHandler.handleException(FullJsonResponseHandler.java:35)
	at com.facebook.presto.jdbc.internal.airlift.http.client.jetty.JettyHttpClient.execute(JettyHttpClient.java:297)
	at com.facebook.presto.jdbc.internal.client.StatementClient.&lt;init&gt;(StatementClient.java:96)
	at com.facebook.presto.jdbc.QueryExecutor.startQuery(QueryExecutor.java:63)
	at com.facebook.presto.jdbc.PrestoConnection.startQuery(PrestoConnection.java:588)
	at com.facebook.presto.jdbc.PrestoStatement.executeQuery(PrestoStatement.java:49)
	... 32 more
Caused by: java.net.ConnectException: Connection refused
	at sun.nio.ch.SocketChannelImpl.checkConnect(Native Method)
	at sun.nio.ch.SocketChannelImpl.finishConnect(SocketChannelImpl.java:717)
	at com.facebook.presto.jdbc.internal.jetty.io.SelectorManager.finishConnect(SelectorManager.java:340)
	at com.facebook.presto.jdbc.internal.jetty.io.SelectorManager$ManagedSelector.processConnect(SelectorManager.java:671)
	at com.facebook.presto.jdbc.internal.jetty.io.SelectorManager$ManagedSelector.processKey(SelectorManager.java:640)
	at com.facebook.presto.jdbc.internal.jetty.io.SelectorManager$ManagedSelector.select(SelectorManager.java:607)
	at com.facebook.presto.jdbc.internal.jetty.io.SelectorManager$ManagedSelector.run(SelectorManager.java:545)
	at com.facebook.presto.jdbc.internal.jetty.util.thread.NonBlockingThread.run(NonBlockingThread.java:52)
	at com.facebook.presto.jdbc.internal.jetty.util.thread.QueuedThreadPool.runJob(QueuedThreadPool.java:635)
	at com.facebook.presto.jdbc.internal.jetty.util.thread.QueuedThreadPool$3.run(QueuedThreadPool.java:555)
	at java.lang.Thread.run(Thread.java:745)
</pre></div></td>
<td>0</td>
<td>com.teradata.tempto.sample_presto_table@6a4bd9e4</td></tr>
<tr>
<td title='com.teradata.tempto.examples.SimpleQueryTest.createAndDropMutableTable()'><b>createAndDropMutableTable</b><br>Test class: com.teradata.tempto.examples.SimpleQueryTest</td>
<td><div><pre>java.lang.RuntimeException: error invoking methods annotated with com.teradata.tempto.AfterTestWithContext
	at com.teradata.tempto.internal.initialization.TestInitializationListener.invokeMethodsAnnotatedWith(TestInitializationListener.java:277)
	at com.teradata.tempto.internal.initialization.TestInitializationListener.runAfterWithContextMethods(TestInitializationListener.java:266)
	at com.teradata.tempto.internal.initialization.TestInitializationListener.onTestFinished(TestInitializationListener.java:244)
	at com.teradata.tempto.internal.initialization.TestInitializationListener.onTestSuccess(TestInitializationListener.java:219)
	at com.teradata.tempto.runner.TemptoRunner.run(TemptoRunner.java:81)
	at com.teradata.tempto.runner.TemptoRunner.runTempto(TemptoRunner.java:59)
	at com.teradata.tempto.runner.TemptoRunner.runTempto(TemptoRunner.java:47)
	at com.teradata.tempto.examples.TemptoExamples.main(TemptoExamples.java:30)
	at com.teradata.tempto.internal.initialization.TestInitializationListener.invokeMethodsAnnotatedWith(TestInitializationListener.java:274)
	... 25 more
Caused by: org.junit.ComparisonFailure: expected:&lt;[tru]e&gt; but was:&lt;[fals]e&gt;
	at com.teradata.tempto.examples.SimpleQueryTest.afterTest(SimpleQueryTest.java:87)
	... 30 more
... Removed 26 stack frames</pre></div><a href='#' onClick='toggleBox("stack-trace1308155217", this, "Click to show all stack frames", "Click to hide stack frames")'>Click to show all stack frames</a>
<div class='stack-trace' id='stack-trace1308155217'><pre>java.lang.RuntimeException: error invoking methods annotated with com.teradata.tempto.AfterTestWithContext
	at com.teradata.tempto.internal.initialization.TestInitializationListener.invokeMethodsAnnotatedWith(TestInitializationListener.java:277)
	at com.teradata.tempto.internal.initialization.TestInitializationListener.runAfterWithContextMethods(TestInitializationListener.java:266)
	at com.teradata.tempto.internal.initialization.TestInitializationListener.onTestFinished(TestInitializationListener.java:244)
	at com.teradata.tempto.internal.initialization.TestInitializationListener.onTestSuccess(TestInitializationListener.java:219)
	at org.testng.internal.Invoker.runTestListeners(Invoker.java:1703)
	at org.testng.internal.Invoker.runTestListeners(Invoker.java:1683)
	at org.testng.internal.Invoker.invokeMethod(Invoker.java:697)
	at org.testng.internal.Invoker.invokeTestMethod(Invoker.java:821)
	at org.testng.internal.Invoker.invokeTestMethods(Invoker.java:1131)
	at org.testng.internal.TestMethodWorker.invokeTestMethods(TestMethodWorker.java:124)
	at org.testng.internal.TestMethodWorker.run(TestMethodWorker.java:108)
	at org.testng.TestRunner.privateRun(TestRunner.java:773)
	at org.testng.TestRunner.run(TestRunner.java:623)
	at org.testng.SuiteRunner.runTest(SuiteRunner.java:357)
	at org.testng.SuiteRunner.runSequentially(SuiteRunner.java:352)
	at org.testng.SuiteRunner.privateRun(SuiteRunner.java:310)
	at org.testng.SuiteRunner.run(SuiteRunner.java:259)
	at org.testng.SuiteRunnerWorker.runSuite(SuiteRunnerWorker.java:52)
	at org.testng.SuiteRunnerWorker.run(SuiteRunnerWorker.java:86)
	at org.testng.TestNG.runSuitesSequentially(TestNG.java:1185)
	at org.testng.TestNG.runSuitesLocally(TestNG.java:1110)
	at org.testng.TestNG.run(TestNG.java:1018)
	at com.teradata.tempto.runner.TemptoRunner.run(TemptoRunner.java:81)
	at com.teradata.tempto.runner.TemptoRunner.runTempto(TemptoRunner.java:59)
	at com.teradata.tempto.runner.TemptoRunner.runTempto(TemptoRunner.java:47)
	at com.teradata.tempto.examples.TemptoExamples.main(TemptoExamples.java:30)
Caused by: java.lang.reflect.InvocationTargetException
	at sun.reflect.NativeMethodAccessorImpl.invoke0(Native Method)
	at sun.reflect.NativeMethodAccessorImpl.invoke(NativeMethodAccessorImpl.java:62)
	at sun.reflect.DelegatingMethodAccessorImpl.invoke(DelegatingMethodAccessorImpl.java:43)
	at java.lang.reflect.Method.invoke(Method.java:497)
	at com.teradata.tempto.internal.initialization.TestInitializationListener.invokeMethodsAnnotatedWith(TestInitializationListener.java:274)
	... 25 more
Caused by: org.junit.ComparisonFailure: expected:&lt;[tru]e&gt; but was:&lt;[fals]e&gt;
	at sun.reflect.NativeConstructorAccessorImpl.newInstance0(Native Method)
	at sun.reflect.NativeConstructorAccessorImpl.newInstance(NativeConstructorAccessorImpl.java:62)
	at sun.reflect.DelegatingConstructorAccessorImpl.newInstance(DelegatingConstructorAccessorImpl.java:45)
	at com.teradata.tempto.examples.SimpleQueryTest.afterTest(SimpleQueryTest.java:87)
	... 30 more
</pre></div></td>
<td>0</td>
<td>com.teradata.tempto.examples.SimpleQueryTest@786125a6</td></tr>
<tr>
<td title='com.teradata.tempto.examples.SimpleQueryTest.failingTest()'><b>failingTest</b><br>Test class: com.teradata.tempto.examples.SimpleQueryTest</td>
<td><div><pre>java.lang.RuntimeException: error invoking methods annotated with com.teradata.tempto.AfterTestWithContext
	at com.teradata.tempto.internal.initialization.TestInitializationListener.invokeMethodsAnnotatedWith(TestInitializationListener.java:277)
	at com.teradata.tempto.internal.initialization.TestInitializationListener.runAfterWithContextMethods(TestInitializationListener.java:266)
	at com.teradata.tempto.internal.initialization.TestInitializationListener.onTestFinished(TestInitializationListener.java:244)
	at com.teradata.tempto.internal.initialization.TestInitializationListener.onTestFailure(TestInitializationListener.java:226)
	at com.teradata.tempto.runner.TemptoRunner.run(TemptoRunner.java:81)
	at com.teradata.tempto.runner.TemptoRunner.runTempto(TemptoRunner.java:59)
	at com.teradata.tempto.runner.TemptoRunner.runTempto(TemptoRunner.java:47)
	at com.teradata.tempto.examples.TemptoExamples.main(TemptoExamples.java:30)
	at com.teradata.tempto.internal.initialization.TestInitializationListener.invokeMethodsAnnotatedWith(TestInitializationListener.java:274)
	... 25 more
Caused by: org.junit.ComparisonFailure: expected:&lt;[tru]e&gt; but was:&lt;[fals]e&gt;
	at com.teradata.tempto.examples.SimpleQueryTest.afterTest(SimpleQueryTest.java:87)
	... 30 more
... Removed 26 stack frames</pre></div><a href='#' onClick='toggleBox("stack-trace1700183448", this, "Click to show all stack frames", "Click to hide stack frames")'>Click to show all stack frames</a>
<div class='stack-trace' id='stack-trace1700183448'><pre>java.lang.RuntimeException: error invoking methods annotated with com.teradata.tempto.AfterTestWithContext
	at com.teradata.tempto.internal.initialization.TestInitializationListener.invokeMethodsAnnotatedWith(TestInitializationListener.java:277)
	at com.teradata.tempto.internal.initialization.TestInitializationListener.runAfterWithContextMethods(TestInitializationListener.java:266)
	at com.teradata.tempto.internal.initialization.TestInitializationListener.onTestFinished(TestInitializationListener.java:244)
	at com.teradata.tempto.internal.initialization.TestInitializationListener.onTestFailure(TestInitializationListener.java:226)
	at org.testng.internal.Invoker.runTestListeners(Invoker.java:1699)
	at org.testng.internal.Invoker.runTestListeners(Invoker.java:1683)
	at org.testng.internal.Invoker.invokeMethod(Invoker.java:697)
	at org.testng.internal.Invoker.invokeTestMethod(Invoker.java:821)
	at org.testng.internal.Invoker.invokeTestMethods(Invoker.java:1131)
	at org.testng.internal.TestMethodWorker.invokeTestMethods(TestMethodWorker.java:124)
	at org.testng.internal.TestMethodWorker.run(TestMethodWorker.java:108)
	at org.testng.TestRunner.privateRun(TestRunner.java:773)
	at org.testng.TestRunner.run(TestRunner.java:623)
	at org.testng.SuiteRunner.runTest(SuiteRunner.java:357)
	at org.testng.SuiteRunner.runSequentially(SuiteRunner.java:352)
	at org.testng.SuiteRunner.privateRun(SuiteRunner.java:310)
	at org.testng.SuiteRunner.run(SuiteRunner.java:259)
	at org.testng.SuiteRunnerWorker.runSuite(SuiteRunnerWorker.java:52)
	at org.testng.SuiteRunnerWorker.run(SuiteRunnerWorker.java:86)
	at org.testng.TestNG.runSuitesSequentially(TestNG.java:1185)
	at org.testng.TestNG.runSuitesLocally(TestNG.java:1110)
	at org.testng.TestNG.run(TestNG.java:1018)
	at com.teradata.tempto.runner.TemptoRunner.run(TemptoRunner.java:81)
	at com.teradata.tempto.runner.TemptoRunner.runTempto(TemptoRunner.java:59)
	at com.teradata.tempto.runner.TemptoRunner.runTempto(TemptoRunner.java:47)
	at com.teradata.tempto.examples.TemptoExamples.main(TemptoExamples.java:30)
Caused by: java.lang.reflect.InvocationTargetException
	at sun.reflect.NativeMethodAccessorImpl.invoke0(Native Method)
	at sun.reflect.NativeMethodAccessorImpl.invoke(NativeMethodAccessorImpl.java:62)
	at sun.reflect.DelegatingMethodAccessorImpl.invoke(DelegatingMethodAccessorImpl.java:43)
	at java.lang.reflect.Method.invoke(Method.java:497)
	at com.teradata.tempto.internal.initialization.TestInitializationListener.invokeMethodsAnnotatedWith(TestInitializationListener.java:274)
	... 25 more
Caused by: org.junit.ComparisonFailure: expected:&lt;[tru]e&gt; but was:&lt;[fals]e&gt;
	at sun.reflect.NativeConstructorAccessorImpl.newInstance0(Native Method)
	at sun.reflect.NativeConstructorAccessorImpl.newInstance(NativeConstructorAccessorImpl.java:62)
	at sun.reflect.DelegatingConstructorAccessorImpl.newInstance(DelegatingConstructorAccessorImpl.java:45)
	at com.teradata.tempto.examples.SimpleQueryTest.afterTest(SimpleQueryTest.java:87)
	... 30 more
</pre></div></td>
<td>0</td>
<td>com.teradata.tempto.examples.SimpleQueryTest@786125a6</td></tr>
<tr>
<td title='com.teradata.tempto.nation.generated_nation()'><b>generated_nation</b><br>Test class: com.teradata.tempto.nation (sql_tests.testcases.generated.nation.generated_nation)</td>
<td><div><pre>java.lang.NoClassDefFoundError: com/facebook/presto/hive/$internal/com/google/common/primitives/Ints
	at org.apache.hive.service.cli.Column.&lt;init&gt;(Column.java:149)
	at org.apache.hive.service.cli.ColumnBasedSet.&lt;init&gt;(ColumnBasedSet.java:51)
	at org.apache.hive.service.cli.RowSetFactory.create(RowSetFactory.java:37)
	at org.apache.hive.jdbc.HiveQueryResultSet.next(HiveQueryResultSet.java:333)
	at com.teradata.tempto.query.QueryResult$QueryResultBuilder.addRows(QueryResult.java:230)
	at com.teradata.tempto.query.QueryResult.forResultSet(QueryResult.java:178)
	at com.teradata.tempto.query.JdbcQueryExecutor.executeQueryNoParams(JdbcQueryExecutor.java:102)
	at com.teradata.tempto.query.JdbcQueryExecutor.execute(JdbcQueryExecutor.java:85)
	at com.teradata.tempto.query.JdbcQueryExecutor.executeQuery(JdbcQueryExecutor.java:62)
	at com.teradata.tempto.internal.convention.sql.SqlQueryConventionBasedTest.runTestQuery(SqlQueryConventionBasedTest.java:116)
	at com.teradata.tempto.internal.convention.sql.SqlQueryConventionBasedTest.test(SqlQueryConventionBasedTest.java:94)
	at com.teradata.tempto.internal.convention.ConventionBasedTestProxyGenerator$ConventionBasedTestProxy.test(ConventionBasedTestProxyGenerator.java:120)
	at com.teradata.tempto.nation.generated_nation(Unknown Source)
	at com.teradata.tempto.runner.TemptoRunner.run(TemptoRunner.java:81)
	at com.teradata.tempto.runner.TemptoRunner.runTempto(TemptoRunner.java:59)
	at com.teradata.tempto.runner.TemptoRunner.runTempto(TemptoRunner.java:47)
	at com.teradata.tempto.examples.TemptoExamples.main(TemptoExamples.java:30)
... Removed 21 stack frames</pre></div><a href='#' onClick='toggleBox("stack-trace949892578", this, "Click to show all stack frames", "Click to hide stack frames")'>Click to show all stack frames</a>
<div class='stack-trace' id='stack-trace949892578'><pre>java.lang.NoClassDefFoundError: com/facebook/presto/hive/$internal/com/google/common/primitives/Ints
	at org.apache.hive.service.cli.Column.&lt;init&gt;(Column.java:149)
	at org.apache.hive.service.cli.ColumnBasedSet.&lt;init&gt;(ColumnBasedSet.java:51)
	at org.apache.hive.service.cli.RowSetFactory.create(RowSetFactory.java:37)
	at org.apache.hive.jdbc.HiveQueryResultSet.next(HiveQueryResultSet.java:333)
	at com.teradata.tempto.query.QueryResult$QueryResultBuilder.addRows(QueryResult.java:230)
	at com.teradata.tempto.query.QueryResult.forResultSet(QueryResult.java:178)
	at com.teradata.tempto.query.JdbcQueryExecutor.executeQueryNoParams(JdbcQueryExecutor.java:102)
	at com.teradata.tempto.query.JdbcQueryExecutor.execute(JdbcQueryExecutor.java:85)
	at com.teradata.tempto.query.JdbcQueryExecutor.executeQuery(JdbcQueryExecutor.java:62)
	at com.teradata.tempto.internal.convention.sql.SqlQueryConventionBasedTest.runTestQuery(SqlQueryConventionBasedTest.java:116)
	at com.teradata.tempto.internal.convention.sql.SqlQueryConventionBasedTest.test(SqlQueryConventionBasedTest.java:94)
	at com.teradata.tempto.internal.convention.ConventionBasedTestProxyGenerator$ConventionBasedTestProxy.test(ConventionBasedTestProxyGenerator.java:120)
	at com.teradata.tempto.nation.generated_nation(Unknown Source)
	at sun.reflect.NativeMethodAccessorImpl.invoke0(Native Method)
	at sun.reflect.NativeMethodAccessorImpl.invoke(NativeMethodAccessorImpl.java:62)
	at sun.reflect.DelegatingMethodAccessorImpl.invoke(DelegatingMethodAccessorImpl.java:43)
	at java.lang.reflect.Method.invoke(Method.java:497)
	at org.testng.internal.MethodInvocationHelper.invokeMethod(MethodInvocationHelper.java:85)
	at org.testng.internal.Invoker.invokeMethod(Invoker.java:639)
	at org.testng.internal.Invoker.invokeTestMethod(Invoker.java:821)
	at org.testng.internal.Invoker.invokeTestMethods(Invoker.java:1131)
	at org.testng.internal.TestMethodWorker.invokeTestMethods(TestMethodWorker.java:124)
	at org.testng.internal.TestMethodWorker.run(TestMethodWorker.java:108)
	at org.testng.TestRunner.privateRun(TestRunner.java:773)
	at org.testng.TestRunner.run(TestRunner.java:623)
	at org.testng.SuiteRunner.runTest(SuiteRunner.java:357)
	at org.testng.SuiteRunner.runSequentially(SuiteRunner.java:352)
	at org.testng.SuiteRunner.privateRun(SuiteRunner.java:310)
	at org.testng.SuiteRunner.run(SuiteRunner.java:259)
	at org.testng.SuiteRunnerWorker.runSuite(SuiteRunnerWorker.java:52)
	at org.testng.SuiteRunnerWorker.run(SuiteRunnerWorker.java:86)
	at org.testng.TestNG.runSuitesSequentially(TestNG.java:1185)
	at org.testng.TestNG.runSuitesLocally(TestNG.java:1110)
	at org.testng.TestNG.run(TestNG.java:1018)
	at com.teradata.tempto.runner.TemptoRunner.run(TemptoRunner.java:81)
	at com.teradata.tempto.runner.TemptoRunner.runTempto(TemptoRunner.java:59)
	at com.teradata.tempto.runner.TemptoRunner.runTempto(TemptoRunner.java:47)
	at com.teradata.tempto.examples.TemptoExamples.main(TemptoExamples.java:30)
</pre></div></td>
<td>0</td>
<td>com.teradata.tempto.nation@7a90796c</td></tr>
<tr>
<td title='com.teradata.tempto.sample_table_insert.insert_0()'><b>insert_0</b><br>Test class: com.teradata.tempto.sample_table_insert (sql_tests.testcases.sample_table_insert.insert_0)</td>
<td><div><pre>java.lang.NoClassDefFoundError: com/facebook/presto/hive/$internal/com/google/common/primitives/Ints
	at org.apache.hive.service.cli.Column.&lt;init&gt;(Column.java:149)
	at org.apache.hive.service.cli.ColumnBasedSet.&lt;init&gt;(ColumnBasedSet.java:51)
	at org.apache.hive.service.cli.RowSetFactory.create(RowSetFactory.java:37)
	at org.apache.hive.jdbc.HiveQueryResultSet.next(HiveQueryResultSet.java:333)
	at com.teradata.tempto.query.QueryResult$QueryResultBuilder.addRows(QueryResult.java:230)
	at com.teradata.tempto.query.QueryResult.forResultSet(QueryResult.java:178)
	at com.teradata.tempto.query.JdbcQueryExecutor.executeQueryNoParams(JdbcQueryExecutor.java:102)
	at com.teradata.tempto.query.JdbcQueryExecutor.execute(JdbcQueryExecutor.java:85)
	at com.teradata.tempto.query.JdbcQueryExecutor.executeQuery(JdbcQueryExecutor.java:62)
	at com.teradata.tempto.internal.convention.sql.SqlQueryConventionBasedTest.runTestQuery(SqlQueryConventionBasedTest.java:116)
	at com.teradata.tempto.internal.convention.sql.SqlQueryConventionBasedTest.test(SqlQueryConventionBasedTest.java:94)
	at com.teradata.tempto.internal.convention.ConventionBasedTestProxyGenerator$ConventionBasedTestProxy.test(ConventionBasedTestProxyGenerator.java:120)
	at com.teradata.tempto.sample_table_insert.insert_0(Unknown Source)
	at com.teradata.tempto.runner.TemptoRunner.run(TemptoRunner.java:81)
	at com.teradata.tempto.runner.TemptoRunner.runTempto(TemptoRunner.java:59)
	at com.teradata.tempto.runner.TemptoRunner.runTempto(TemptoRunner.java:47)
	at com.teradata.tempto.examples.TemptoExamples.main(TemptoExamples.java:30)
... Removed 21 stack frames</pre></div><a href='#' onClick='toggleBox("stack-trace143481906", this, "Click to show all stack frames", "Click to hide stack frames")'>Click to show all stack frames</a>
<div class='stack-trace' id='stack-trace143481906'><pre>java.lang.NoClassDefFoundError: com/facebook/presto/hive/$internal/com/google/common/primitives/Ints
	at org.apache.hive.service.cli.Column.&lt;init&gt;(Column.java:149)
	at org.apache.hive.service.cli.ColumnBasedSet.&lt;init&gt;(ColumnBasedSet.java:51)
	at org.apache.hive.service.cli.RowSetFactory.create(RowSetFactory.java:37)
	at org.apache.hive.jdbc.HiveQueryResultSet.next(HiveQueryResultSet.java:333)
	at com.teradata.tempto.query.QueryResult$QueryResultBuilder.addRows(QueryResult.java:230)
	at com.teradata.tempto.query.QueryResult.forResultSet(QueryResult.java:178)
	at com.teradata.tempto.query.JdbcQueryExecutor.executeQueryNoParams(JdbcQueryExecutor.java:102)
	at com.teradata.tempto.query.JdbcQueryExecutor.execute(JdbcQueryExecutor.java:85)
	at com.teradata.tempto.query.JdbcQueryExecutor.executeQuery(JdbcQueryExecutor.java:62)
	at com.teradata.tempto.internal.convention.sql.SqlQueryConventionBasedTest.runTestQuery(SqlQueryConventionBasedTest.java:116)
	at com.teradata.tempto.internal.convention.sql.SqlQueryConventionBasedTest.test(SqlQueryConventionBasedTest.java:94)
	at com.teradata.tempto.internal.convention.ConventionBasedTestProxyGenerator$ConventionBasedTestProxy.test(ConventionBasedTestProxyGenerator.java:120)
	at com.teradata.tempto.sample_table_insert.insert_0(Unknown Source)
	at sun.reflect.NativeMethodAccessorImpl.invoke0(Native Method)
	at sun.reflect.NativeMethodAccessorImpl.invoke(NativeMethodAccessorImpl.java:62)
	at sun.reflect.DelegatingMethodAccessorImpl.invoke(DelegatingMethodAccessorImpl.java:43)
	at java.lang.reflect.Method.invoke(Method.java:497)
	at org.testng.internal.MethodInvocationHelper.invokeMethod(MethodInvocationHelper.java:85)
	at org.testng.internal.Invoker.invokeMethod(Invoker.java:639)
	at org.testng.internal.Invoker.invokeTestMethod(Invoker.java:821)
	at org.testng.internal.Invoker.invokeTestMethods(Invoker.java:1131)
	at org.testng.internal.TestMethodWorker.invokeTestMethods(TestMethodWorker.java:124)
	at org.testng.internal.TestMethodWorker.run(TestMethodWorker.java:108)
	at org.testng.TestRunner.privateRun(TestRunner.java:773)
	at org.testng.TestRunner.run(TestRunner.java:623)
	at org.testng.SuiteRunner.runTest(SuiteRunner.java:357)
	at org.testng.SuiteRunner.runSequentially(SuiteRunner.java:352)
	at org.testng.SuiteRunner.privateRun(SuiteRunner.java:310)
	at org.testng.SuiteRunner.run(SuiteRunner.java:259)
	at org.testng.SuiteRunnerWorker.runSuite(SuiteRunnerWorker.java:52)
	at org.testng.SuiteRunnerWorker.run(SuiteRunnerWorker.java:86)
	at org.testng.TestNG.runSuitesSequentially(TestNG.java:1185)
	at org.testng.TestNG.runSuitesLocally(TestNG.java:1110)
	at org.testng.TestNG.run(TestNG.java:1018)
	at com.teradata.tempto.runner.TemptoRunner.run(TemptoRunner.java:81)
	at com.teradata.tempto.runner.TemptoRunner.runTempto(TemptoRunner.java:59)
	at com.teradata.tempto.runner.TemptoRunner.runTempto(TemptoRunner.java:47)
	at com.teradata.tempto.examples.TemptoExamples.main(TemptoExamples.java:30)
</pre></div></td>
<td>15</td>
<td>com.teradata.tempto.sample_table_insert@1196950e</td></tr>
<tr>
<td title='com.teradata.tempto.sample_table_insert.insert_1()'><b>insert_1</b><br>Test class: com.teradata.tempto.sample_table_insert (sql_tests.testcases.sample_table_insert.insert_1)</td>
<td><div><pre>java.lang.RuntimeException: freemarker.core.InvalidReferenceException: The following has evaluated to null or missing:
==&gt; mutableTables.sample_table_prepared  [in template &quot;name&quot; at line 1, column 17]

----
Tip: It&apos;s the step after the last dot that caused this error, not those before it.
----
Tip: If the failing expression is known to be legally refer to something that&apos;s null or missing, either specify a default value like myOptionalVar!myDefault, or use &lt;#if myOptionalVar??&gt;when-present&lt;#else&gt;when-missing&lt;/#if&gt;. (These only cover the last step of the expression; to cover the whole expression, use parenthesis: (myOptionalVar.foo)!myDefault, (myOptionalVar.foo)??
----

----
FTL stack trace (&quot;~&quot; means nesting-related):
	- Failed at: ${mutableTables.sample_table_prepared}  [in template &quot;name&quot; at line 1, column 15]
----
	at com.teradata.tempto.internal.convention.sql.SqlQueryConventionBasedTest.resolveTemplates(SqlQueryConventionBasedTest.java:139)
	at com.teradata.tempto.internal.convention.sql.SqlQueryConventionBasedTest.runTestQuery(SqlQueryConventionBasedTest.java:115)
	at com.teradata.tempto.internal.convention.sql.SqlQueryConventionBasedTest.test(SqlQueryConventionBasedTest.java:94)
	at com.teradata.tempto.internal.convention.ConventionBasedTestProxyGenerator$ConventionBasedTestProxy.test(ConventionBasedTestProxyGenerator.java:120)
	at com.teradata.tempto.sample_table_insert.insert_1(Unknown Source)
	at com.teradata.tempto.runner.TemptoRunner.run(TemptoRunner.java:81)
	at com.teradata.tempto.runner.TemptoRunner.runTempto(TemptoRunner.java:59)
	at com.teradata.tempto.runner.TemptoRunner.runTempto(TemptoRunner.java:47)
	at com.teradata.tempto.examples.TemptoExamples.main(TemptoExamples.java:30)
Caused by: freemarker.core.InvalidReferenceException: The following has evaluated to null or missing:
==&gt; mutableTables.sample_table_prepared  [in template &quot;name&quot; at line 1, column 17]

----
Tip: It&apos;s the step after the last dot that caused this error, not those before it.
----
Tip: If the failing expression is known to be legally refer to something that&apos;s null or missing, either specify a default value like myOptionalVar!myDefault, or use &lt;#if myOptionalVar??&gt;when-present&lt;#else&gt;when-missing&lt;/#if&gt;. (These only cover the last step of the expression; to cover the whole expression, use parenthesis: (myOptionalVar.foo)!myDefault, (myOptionalVar.foo)??
----

----
FTL stack trace (&quot;~&quot; means nesting-related):
	- Failed at: ${mutableTables.sample_table_prepared}  [in template &quot;name&quot; at line 1, column 15]
----
	at freemarker.core.InvalidReferenceException.getInstance(InvalidReferenceException.java:116)
	at freemarker.core.EvalUtil.coerceModelToString(EvalUtil.java:346)
	at freemarker.core.Expression.evalAndCoerceToString(Expression.java:82)
	at freemarker.core.DollarVariable.accept(DollarVariable.java:40)
	at freemarker.core.Environment.visit(Environment.java:312)
	at freemarker.core.MixedContent.accept(MixedContent.java:62)
	at freemarker.core.Environment.visit(Environment.java:312)
	at freemarker.core.Environment.process(Environment.java:290)
	at freemarker.template.Template.process(Template.java:312)
	at com.teradata.tempto.internal.convention.sql.SqlQueryConventionBasedTest.resolveTemplates(SqlQueryConventionBasedTest.java:133)
	... 29 more
... Removed 21 stack frames</pre></div><a href='#' onClick='toggleBox("stack-trace1029881336", this, "Click to show all stack frames", "Click to hide stack frames")'>Click to show all stack frames</a>
<div class='stack-trace' id='stack-trace1029881336'><pre>java.lang.RuntimeException: freemarker.core.InvalidReferenceException: The following has evaluated to null or missing:
==&gt; mutableTables.sample_table_prepared  [in template &quot;name&quot; at line 1, column 17]

----
Tip: It&apos;s the step after the last dot that caused this error, not those before it.
----
Tip: If the failing expression is known to be legally refer to something that&apos;s null or missing, either specify a default value like myOptionalVar!myDefault, or use &lt;#if myOptionalVar??&gt;when-present&lt;#else&gt;when-missing&lt;/#if&gt;. (These only cover the last step of the expression; to cover the whole expression, use parenthesis: (myOptionalVar.foo)!myDefault, (myOptionalVar.foo)??
----

----
FTL stack trace (&quot;~&quot; means nesting-related):
	- Failed at: ${mutableTables.sample_table_prepared}  [in template &quot;name&quot; at line 1, column 15]
----
	at com.teradata.tempto.internal.convention.sql.SqlQueryConventionBasedTest.resolveTemplates(SqlQueryConventionBasedTest.java:139)
	at com.teradata.tempto.internal.convention.sql.SqlQueryConventionBasedTest.runTestQuery(SqlQueryConventionBasedTest.java:115)
	at com.teradata.tempto.internal.convention.sql.SqlQueryConventionBasedTest.test(SqlQueryConventionBasedTest.java:94)
	at com.teradata.tempto.internal.convention.ConventionBasedTestProxyGenerator$ConventionBasedTestProxy.test(ConventionBasedTestProxyGenerator.java:120)
	at com.teradata.tempto.sample_table_insert.insert_1(Unknown Source)
	at sun.reflect.NativeMethodAccessorImpl.invoke0(Native Method)
	at sun.reflect.NativeMethodAccessorImpl.invoke(NativeMethodAccessorImpl.java:62)
	at sun.reflect.DelegatingMethodAccessorImpl.invoke(DelegatingMethodAccessorImpl.java:43)
	at java.lang.reflect.Method.invoke(Method.java:497)
	at org.testng.internal.MethodInvocationHelper.invokeMethod(MethodInvocationHelper.java:85)
	at org.testng.internal.Invoker.invokeMethod(Invoker.java:639)
	at org.testng.internal.Invoker.invokeTestMethod(Invoker.java:821)
	at org.testng.internal.Invoker.invokeTestMethods(Invoker.java:1131)
	at org.testng.internal.TestMethodWorker.invokeTestMethods(TestMethodWorker.java:124)
	at org.testng.internal.TestMethodWorker.run(TestMethodWorker.java:108)
	at org.testng.TestRunner.privateRun(TestRunner.java:773)
	at org.testng.TestRunner.run(TestRunner.java:623)
	at org.testng.SuiteRunner.runTest(SuiteRunner.java:357)
	at org.testng.SuiteRunner.runSequentially(SuiteRunner.java:352)
	at org.testng.SuiteRunner.privateRun(SuiteRunner.java:310)
	at org.testng.SuiteRunner.run(SuiteRunner.java:259)
	at org.testng.SuiteRunnerWorker.runSuite(SuiteRunnerWorker.java:52)
	at org.testng.SuiteRunnerWorker.run(SuiteRunnerWorker.java:86)
	at org.testng.TestNG.runSuitesSequentially(TestNG.java:1185)
	at org.testng.TestNG.runSuitesLocally(TestNG.java:1110)
	at org.testng.TestNG.run(TestNG.java:1018)
	at com.teradata.tempto.runner.TemptoRunner.run(TemptoRunner.java:81)
	at com.teradata.tempto.runner.TemptoRunner.runTempto(TemptoRunner.java:59)
	at com.teradata.tempto.runner.TemptoRunner.runTempto(TemptoRunner.java:47)
	at com.teradata.tempto.examples.TemptoExamples.main(TemptoExamples.java:30)
Caused by: freemarker.core.InvalidReferenceException: The following has evaluated to null or missing:
==&gt; mutableTables.sample_table_prepared  [in template &quot;name&quot; at line 1, column 17]

----
Tip: It&apos;s the step after the last dot that caused this error, not those before it.
----
Tip: If the failing expression is known to be legally refer to something that&apos;s null or missing, either specify a default value like myOptionalVar!myDefault, or use &lt;#if myOptionalVar??&gt;when-present&lt;#else&gt;when-missing&lt;/#if&gt;. (These only cover the last step of the expression; to cover the whole expression, use parenthesis: (myOptionalVar.foo)!myDefault, (myOptionalVar.foo)??
----

----
FTL stack trace (&quot;~&quot; means nesting-related):
	- Failed at: ${mutableTables.sample_table_prepared}  [in template &quot;name&quot; at line 1, column 15]
----
	at freemarker.core.InvalidReferenceException.getInstance(InvalidReferenceException.java:116)
	at freemarker.core.EvalUtil.coerceModelToString(EvalUtil.java:346)
	at freemarker.core.Expression.evalAndCoerceToString(Expression.java:82)
	at freemarker.core.DollarVariable.accept(DollarVariable.java:40)
	at freemarker.core.Environment.visit(Environment.java:312)
	at freemarker.core.MixedContent.accept(MixedContent.java:62)
	at freemarker.core.Environment.visit(Environment.java:312)
	at freemarker.core.Environment.process(Environment.java:290)
	at freemarker.template.Template.process(Template.java:312)
	at com.teradata.tempto.internal.convention.sql.SqlQueryConventionBasedTest.resolveTemplates(SqlQueryConventionBasedTest.java:133)
	... 29 more
</pre></div></td>
<td>19</td>
<td>com.teradata.tempto.sample_table_insert@490dc900</td></tr>
<tr>
<td title='com.teradata.tempto.examples.ExampleSshClientUsage.longRunningCommandTimeout()'><b>longRunningCommandTimeout</b><br>Test class: com.teradata.tempto.examples.ExampleSshClientUsage</td>
<td><div><pre>java.lang.AssertionError: 
Expecting:
 &lt;&quot;com.jcraft.jsch.JSchException: Auth fail&quot;&gt;
to contain:
 &lt;&quot;did not finish within given timeout&quot;&gt; 
	at com.teradata.tempto.examples.ExampleSshClientUsage.longRunningCommandTimeout(ExampleSshClientUsage.java:79)
	at com.teradata.tempto.runner.TemptoRunner.run(TemptoRunner.java:81)
	at com.teradata.tempto.runner.TemptoRunner.runTempto(TemptoRunner.java:59)
	at com.teradata.tempto.runner.TemptoRunner.runTempto(TemptoRunner.java:47)
	at com.teradata.tempto.examples.TemptoExamples.main(TemptoExamples.java:30)
... Removed 21 stack frames</pre></div><a href='#' onClick='toggleBox("stack-trace661121561", this, "Click to show all stack frames", "Click to hide stack frames")'>Click to show all stack frames</a>
<div class='stack-trace' id='stack-trace661121561'><pre>java.lang.AssertionError: 
Expecting:
 &lt;&quot;com.jcraft.jsch.JSchException: Auth fail&quot;&gt;
to contain:
 &lt;&quot;did not finish within given timeout&quot;&gt; 
	at com.teradata.tempto.examples.ExampleSshClientUsage.longRunningCommandTimeout(ExampleSshClientUsage.java:79)
	at sun.reflect.NativeMethodAccessorImpl.invoke0(Native Method)
	at sun.reflect.NativeMethodAccessorImpl.invoke(NativeMethodAccessorImpl.java:62)
	at sun.reflect.DelegatingMethodAccessorImpl.invoke(DelegatingMethodAccessorImpl.java:43)
	at java.lang.reflect.Method.invoke(Method.java:497)
	at org.testng.internal.MethodInvocationHelper.invokeMethod(MethodInvocationHelper.java:85)
	at org.testng.internal.Invoker.invokeMethod(Invoker.java:639)
	at org.testng.internal.Invoker.invokeTestMethod(Invoker.java:821)
	at org.testng.internal.Invoker.invokeTestMethods(Invoker.java:1131)
	at org.testng.internal.TestMethodWorker.invokeTestMethods(TestMethodWorker.java:124)
	at org.testng.internal.TestMethodWorker.run(TestMethodWorker.java:108)
	at org.testng.TestRunner.privateRun(TestRunner.java:773)
	at org.testng.TestRunner.run(TestRunner.java:623)
	at org.testng.SuiteRunner.runTest(SuiteRunner.java:357)
	at org.testng.SuiteRunner.runSequentially(SuiteRunner.java:352)
	at org.testng.SuiteRunner.privateRun(SuiteRunner.java:310)
	at org.testng.SuiteRunner.run(SuiteRunner.java:259)
	at org.testng.SuiteRunnerWorker.runSuite(SuiteRunnerWorker.java:52)
	at org.testng.SuiteRunnerWorker.run(SuiteRunnerWorker.java:86)
	at org.testng.TestNG.runSuitesSequentially(TestNG.java:1185)
	at org.testng.TestNG.runSuitesLocally(TestNG.java:1110)
	at org.testng.TestNG.run(TestNG.java:1018)
	at com.teradata.tempto.runner.TemptoRunner.run(TemptoRunner.java:81)
	at com.teradata.tempto.runner.TemptoRunner.runTempto(TemptoRunner.java:59)
	at com.teradata.tempto.runner.TemptoRunner.runTempto(TemptoRunner.java:47)
	at com.teradata.tempto.examples.TemptoExamples.main(TemptoExamples.java:30)
</pre></div></td>
<td>2</td>
<td>com.teradata.tempto.examples.ExampleSshClientUsage@3c32f3d8</td></tr>
<tr>
<td title='com.teradata.tempto.sample_presto_table.psqlOverPrestoAllRows()'><b>psqlOverPrestoAllRows</b><br>Test class: com.teradata.tempto.sample_presto_table (sql_tests.testcases.sample_presto_table.psqlOverPrestoAllRows)</td>
<td><div><pre>com.teradata.tempto.query.QueryExecutionException: java.sql.SQLException: Error executing query
	at com.teradata.tempto.query.JdbcQueryExecutor.execute(JdbcQueryExecutor.java:92)
	at com.teradata.tempto.query.JdbcQueryExecutor.executeQuery(JdbcQueryExecutor.java:62)
	at com.teradata.tempto.internal.convention.sql.SqlQueryConventionBasedTest.runTestQuery(SqlQueryConventionBasedTest.java:116)
	at com.teradata.tempto.internal.convention.sql.SqlQueryConventionBasedTest.test(SqlQueryConventionBasedTest.java:94)
	at com.teradata.tempto.internal.convention.ConventionBasedTestProxyGenerator$ConventionBasedTestProxy.test(ConventionBasedTestProxyGenerator.java:120)
	at com.teradata.tempto.sample_presto_table.psqlOverPrestoAllRows(Unknown Source)
	at com.teradata.tempto.runner.TemptoRunner.run(TemptoRunner.java:81)
	at com.teradata.tempto.runner.TemptoRunner.runTempto(TemptoRunner.java:59)
	at com.teradata.tempto.runner.TemptoRunner.runTempto(TemptoRunner.java:47)
	at com.teradata.tempto.examples.TemptoExamples.main(TemptoExamples.java:30)
Caused by: java.sql.SQLException: Error executing query
	at com.facebook.presto.jdbc.PrestoStatement.executeQuery(PrestoStatement.java:54)
	at com.teradata.tempto.query.JdbcQueryExecutor.executeQueryNoParams(JdbcQueryExecutor.java:101)
	at com.teradata.tempto.query.JdbcQueryExecutor.execute(JdbcQueryExecutor.java:85)
	... 30 more
Caused by: com.facebook.presto.jdbc.internal.airlift.http.client.RuntimeIOException: Server refused connection: http://localhost:8080/v1/statement
	at com.facebook.presto.jdbc.internal.airlift.http.client.ResponseHandlerUtils.propagate(ResponseHandlerUtils.java:17)
	at com.facebook.presto.jdbc.internal.airlift.http.client.FullJsonResponseHandler.handleException(FullJsonResponseHandler.java:55)
	at com.facebook.presto.jdbc.internal.airlift.http.client.FullJsonResponseHandler.handleException(FullJsonResponseHandler.java:35)
	at com.facebook.presto.jdbc.internal.airlift.http.client.jetty.JettyHttpClient.execute(JettyHttpClient.java:297)
	at com.facebook.presto.jdbc.internal.client.StatementClient.&lt;init&gt;(StatementClient.java:96)
	at com.facebook.presto.jdbc.QueryExecutor.startQuery(QueryExecutor.java:63)
	at com.facebook.presto.jdbc.PrestoConnection.startQuery(PrestoConnection.java:588)
	at com.facebook.presto.jdbc.PrestoStatement.executeQuery(PrestoStatement.java:49)
	... 32 more
Caused by: java.net.ConnectException: Connection refused
	at sun.nio.ch.SocketChannelImpl.checkConnect(Native Method)
	at sun.nio.ch.SocketChannelImpl.finishConnect(SocketChannelImpl.java:717)
	at com.facebook.presto.jdbc.internal.jetty.io.SelectorManager.finishConnect(SelectorManager.java:340)
	at com.facebook.presto.jdbc.internal.jetty.io.SelectorManager$ManagedSelector.processConnect(SelectorManager.java:671)
	at com.facebook.presto.jdbc.internal.jetty.io.SelectorManager$ManagedSelector.processKey(SelectorManager.java:640)
	at com.facebook.presto.jdbc.internal.jetty.io.SelectorManager$ManagedSelector.select(SelectorManager.java:607)
	at com.facebook.presto.jdbc.internal.jetty.io.SelectorManager$ManagedSelector.run(SelectorManager.java:545)
	at com.facebook.presto.jdbc.internal.jetty.util.thread.NonBlockingThread.run(NonBlockingThread.java:52)
	at com.facebook.presto.jdbc.internal.jetty.util.thread.QueuedThreadPool.runJob(QueuedThreadPool.java:635)
	at com.facebook.presto.jdbc.internal.jetty.util.thread.QueuedThreadPool$3.run(QueuedThreadPool.java:555)
	at java.lang.Thread.run(Thread.java:745)
... Removed 21 stack frames</pre></div><a href='#' onClick='toggleBox("stack-trace1176349224", this, "Click to show all stack frames", "Click to hide stack frames")'>Click to show all stack frames</a>
<div class='stack-trace' id='stack-trace1176349224'><pre>com.teradata.tempto.query.QueryExecutionException: java.sql.SQLException: Error executing query
	at com.teradata.tempto.query.JdbcQueryExecutor.execute(JdbcQueryExecutor.java:92)
	at com.teradata.tempto.query.JdbcQueryExecutor.executeQuery(JdbcQueryExecutor.java:62)
	at com.teradata.tempto.internal.convention.sql.SqlQueryConventionBasedTest.runTestQuery(SqlQueryConventionBasedTest.java:116)
	at com.teradata.tempto.internal.convention.sql.SqlQueryConventionBasedTest.test(SqlQueryConventionBasedTest.java:94)
	at com.teradata.tempto.internal.convention.ConventionBasedTestProxyGenerator$ConventionBasedTestProxy.test(ConventionBasedTestProxyGenerator.java:120)
	at com.teradata.tempto.sample_presto_table.psqlOverPrestoAllRows(Unknown Source)
	at sun.reflect.NativeMethodAccessorImpl.invoke0(Native Method)
	at sun.reflect.NativeMethodAccessorImpl.invoke(NativeMethodAccessorImpl.java:62)
	at sun.reflect.DelegatingMethodAccessorImpl.invoke(DelegatingMethodAccessorImpl.java:43)
	at java.lang.reflect.Method.invoke(Method.java:497)
	at org.testng.internal.MethodInvocationHelper.invokeMethod(MethodInvocationHelper.java:85)
	at org.testng.internal.Invoker.invokeMethod(Invoker.java:639)
	at org.testng.internal.Invoker.invokeTestMethod(Invoker.java:821)
	at org.testng.internal.Invoker.invokeTestMethods(Invoker.java:1131)
	at org.testng.internal.TestMethodWorker.invokeTestMethods(TestMethodWorker.java:124)
	at org.testng.internal.TestMethodWorker.run(TestMethodWorker.java:108)
	at org.testng.TestRunner.privateRun(TestRunner.java:773)
	at org.testng.TestRunner.run(TestRunner.java:623)
	at org.testng.SuiteRunner.runTest(SuiteRunner.java:357)
	at org.testng.SuiteRunner.runSequentially(SuiteRunner.java:352)
	at org.testng.SuiteRunner.privateRun(SuiteRunner.java:310)
	at org.testng.SuiteRunner.run(SuiteRunner.java:259)
	at org.testng.SuiteRunnerWorker.runSuite(SuiteRunnerWorker.java:52)
	at org.testng.SuiteRunnerWorker.run(SuiteRunnerWorker.java:86)
	at org.testng.TestNG.runSuitesSequentially(TestNG.java:1185)
	at org.testng.TestNG.runSuitesLocally(TestNG.java:1110)
	at org.testng.TestNG.run(TestNG.java:1018)
	at com.teradata.tempto.runner.TemptoRunner.run(TemptoRunner.java:81)
	at com.teradata.tempto.runner.TemptoRunner.runTempto(TemptoRunner.java:59)
	at com.teradata.tempto.runner.TemptoRunner.runTempto(TemptoRunner.java:47)
	at com.teradata.tempto.examples.TemptoExamples.main(TemptoExamples.java:30)
Caused by: java.sql.SQLException: Error executing query
	at com.facebook.presto.jdbc.PrestoStatement.executeQuery(PrestoStatement.java:54)
	at com.teradata.tempto.query.JdbcQueryExecutor.executeQueryNoParams(JdbcQueryExecutor.java:101)
	at com.teradata.tempto.query.JdbcQueryExecutor.execute(JdbcQueryExecutor.java:85)
	... 30 more
Caused by: com.facebook.presto.jdbc.internal.airlift.http.client.RuntimeIOException: Server refused connection: http://localhost:8080/v1/statement
	at com.facebook.presto.jdbc.internal.airlift.http.client.ResponseHandlerUtils.propagate(ResponseHandlerUtils.java:17)
	at com.facebook.presto.jdbc.internal.airlift.http.client.FullJsonResponseHandler.handleException(FullJsonResponseHandler.java:55)
	at com.facebook.presto.jdbc.internal.airlift.http.client.FullJsonResponseHandler.handleException(FullJsonResponseHandler.java:35)
	at com.facebook.presto.jdbc.internal.airlift.http.client.jetty.JettyHttpClient.execute(JettyHttpClient.java:297)
	at com.facebook.presto.jdbc.internal.client.StatementClient.&lt;init&gt;(StatementClient.java:96)
	at com.facebook.presto.jdbc.QueryExecutor.startQuery(QueryExecutor.java:63)
	at com.facebook.presto.jdbc.PrestoConnection.startQuery(PrestoConnection.java:588)
	at com.facebook.presto.jdbc.PrestoStatement.executeQuery(PrestoStatement.java:49)
	... 32 more
Caused by: java.net.ConnectException: Connection refused
	at sun.nio.ch.SocketChannelImpl.checkConnect(Native Method)
	at sun.nio.ch.SocketChannelImpl.finishConnect(SocketChannelImpl.java:717)
	at com.facebook.presto.jdbc.internal.jetty.io.SelectorManager.finishConnect(SelectorManager.java:340)
	at com.facebook.presto.jdbc.internal.jetty.io.SelectorManager$ManagedSelector.processConnect(SelectorManager.java:671)
	at com.facebook.presto.jdbc.internal.jetty.io.SelectorManager$ManagedSelector.processKey(SelectorManager.java:640)
	at com.facebook.presto.jdbc.internal.jetty.io.SelectorManager$ManagedSelector.select(SelectorManager.java:607)
	at com.facebook.presto.jdbc.internal.jetty.io.SelectorManager$ManagedSelector.run(SelectorManager.java:545)
	at com.facebook.presto.jdbc.internal.jetty.util.thread.NonBlockingThread.run(NonBlockingThread.java:52)
	at com.facebook.presto.jdbc.internal.jetty.util.thread.QueuedThreadPool.runJob(QueuedThreadPool.java:635)
	at com.facebook.presto.jdbc.internal.jetty.util.thread.QueuedThreadPool$3.run(QueuedThreadPool.java:555)
	at java.lang.Thread.run(Thread.java:745)
</pre></div></td>
<td>0</td>
<td>com.teradata.tempto.sample_presto_table@8ea1521</td></tr>
<tr>
<td title='com.teradata.tempto.allRows.query_1()'><b>query_1</b><br>Test class: com.teradata.tempto.allRows (sql_tests.testcases.nation.allRows.query_1)</td>
<td><div><pre>java.lang.NoClassDefFoundError: com/facebook/presto/hive/$internal/com/google/common/primitives/Ints
	at org.apache.hive.service.cli.Column.&lt;init&gt;(Column.java:149)
	at org.apache.hive.service.cli.ColumnBasedSet.&lt;init&gt;(ColumnBasedSet.java:51)
	at org.apache.hive.service.cli.RowSetFactory.create(RowSetFactory.java:37)
	at org.apache.hive.jdbc.HiveQueryResultSet.next(HiveQueryResultSet.java:333)
	at com.teradata.tempto.query.QueryResult$QueryResultBuilder.addRows(QueryResult.java:230)
	at com.teradata.tempto.query.QueryResult.forResultSet(QueryResult.java:178)
	at com.teradata.tempto.query.JdbcQueryExecutor.executeQueryNoParams(JdbcQueryExecutor.java:102)
	at com.teradata.tempto.query.JdbcQueryExecutor.execute(JdbcQueryExecutor.java:85)
	at com.teradata.tempto.query.JdbcQueryExecutor.executeQuery(JdbcQueryExecutor.java:62)
	at com.teradata.tempto.internal.convention.sql.SqlQueryConventionBasedTest.runTestQuery(SqlQueryConventionBasedTest.java:116)
	at com.teradata.tempto.internal.convention.sql.SqlQueryConventionBasedTest.test(SqlQueryConventionBasedTest.java:94)
	at com.teradata.tempto.internal.convention.ConventionBasedTestProxyGenerator$ConventionBasedTestProxy.test(ConventionBasedTestProxyGenerator.java:120)
	at com.teradata.tempto.allRows.query_1(Unknown Source)
	at com.teradata.tempto.runner.TemptoRunner.run(TemptoRunner.java:81)
	at com.teradata.tempto.runner.TemptoRunner.runTempto(TemptoRunner.java:59)
	at com.teradata.tempto.runner.TemptoRunner.runTempto(TemptoRunner.java:47)
	at com.teradata.tempto.examples.TemptoExamples.main(TemptoExamples.java:30)
Caused by: java.lang.ClassNotFoundException: com.facebook.presto.hive.$internal.com.google.common.primitives.Ints
	at java.net.URLClassLoader.findClass(URLClassLoader.java:381)
	at java.lang.ClassLoader.loadClass(ClassLoader.java:424)
	at sun.misc.Launcher$AppClassLoader.loadClass(Launcher.java:331)
	at java.lang.ClassLoader.loadClass(ClassLoader.java:357)
	... 38 more
... Removed 21 stack frames</pre></div><a href='#' onClick='toggleBox("stack-trace1202263535", this, "Click to show all stack frames", "Click to hide stack frames")'>Click to show all stack frames</a>
<div class='stack-trace' id='stack-trace1202263535'><pre>java.lang.NoClassDefFoundError: com/facebook/presto/hive/$internal/com/google/common/primitives/Ints
	at org.apache.hive.service.cli.Column.&lt;init&gt;(Column.java:149)
	at org.apache.hive.service.cli.ColumnBasedSet.&lt;init&gt;(ColumnBasedSet.java:51)
	at org.apache.hive.service.cli.RowSetFactory.create(RowSetFactory.java:37)
	at org.apache.hive.jdbc.HiveQueryResultSet.next(HiveQueryResultSet.java:333)
	at com.teradata.tempto.query.QueryResult$QueryResultBuilder.addRows(QueryResult.java:230)
	at com.teradata.tempto.query.QueryResult.forResultSet(QueryResult.java:178)
	at com.teradata.tempto.query.JdbcQueryExecutor.executeQueryNoParams(JdbcQueryExecutor.java:102)
	at com.teradata.tempto.query.JdbcQueryExecutor.execute(JdbcQueryExecutor.java:85)
	at com.teradata.tempto.query.JdbcQueryExecutor.executeQuery(JdbcQueryExecutor.java:62)
	at com.teradata.tempto.internal.convention.sql.SqlQueryConventionBasedTest.runTestQuery(SqlQueryConventionBasedTest.java:116)
	at com.teradata.tempto.internal.convention.sql.SqlQueryConventionBasedTest.test(SqlQueryConventionBasedTest.java:94)
	at com.teradata.tempto.internal.convention.ConventionBasedTestProxyGenerator$ConventionBasedTestProxy.test(ConventionBasedTestProxyGenerator.java:120)
	at com.teradata.tempto.allRows.query_1(Unknown Source)
	at sun.reflect.NativeMethodAccessorImpl.invoke0(Native Method)
	at sun.reflect.NativeMethodAccessorImpl.invoke(NativeMethodAccessorImpl.java:62)
	at sun.reflect.DelegatingMethodAccessorImpl.invoke(DelegatingMethodAccessorImpl.java:43)
	at java.lang.reflect.Method.invoke(Method.java:497)
	at org.testng.internal.MethodInvocationHelper.invokeMethod(MethodInvocationHelper.java:85)
	at org.testng.internal.Invoker.invokeMethod(Invoker.java:639)
	at org.testng.internal.Invoker.invokeTestMethod(Invoker.java:821)
	at org.testng.internal.Invoker.invokeTestMethods(Invoker.java:1131)
	at org.testng.internal.TestMethodWorker.invokeTestMethods(TestMethodWorker.java:124)
	at org.testng.internal.TestMethodWorker.run(TestMethodWorker.java:108)
	at org.testng.TestRunner.privateRun(TestRunner.java:773)
	at org.testng.TestRunner.run(TestRunner.java:623)
	at org.testng.SuiteRunner.runTest(SuiteRunner.java:357)
	at org.testng.SuiteRunner.runSequentially(SuiteRunner.java:352)
	at org.testng.SuiteRunner.privateRun(SuiteRunner.java:310)
	at org.testng.SuiteRunner.run(SuiteRunner.java:259)
	at org.testng.SuiteRunnerWorker.runSuite(SuiteRunnerWorker.java:52)
	at org.testng.SuiteRunnerWorker.run(SuiteRunnerWorker.java:86)
	at org.testng.TestNG.runSuitesSequentially(TestNG.java:1185)
	at org.testng.TestNG.runSuitesLocally(TestNG.java:1110)
	at org.testng.TestNG.run(TestNG.java:1018)
	at com.teradata.tempto.runner.TemptoRunner.run(TemptoRunner.java:81)
	at com.teradata.tempto.runner.TemptoRunner.runTempto(TemptoRunner.java:59)
	at com.teradata.tempto.runner.TemptoRunner.runTempto(TemptoRunner.java:47)
	at com.teradata.tempto.examples.TemptoExamples.main(TemptoExamples.java:30)
Caused by: java.lang.ClassNotFoundException: com.facebook.presto.hive.$internal.com.google.common.primitives.Ints
	at java.net.URLClassLoader.findClass(URLClassLoader.java:381)
	at java.lang.ClassLoader.loadClass(ClassLoader.java:424)
	at sun.misc.Launcher$AppClassLoader.loadClass(Launcher.java:331)
	at java.lang.ClassLoader.loadClass(ClassLoader.java:357)
	... 38 more
</pre></div></td>
<td>0</td>
<td>com.teradata.tempto.allRows@7dd3f20e</td></tr>
<tr>
<td title='com.teradata.tempto.allRows.query_2()'><b>query_2</b><br>Test class: com.teradata.tempto.allRows (sql_tests.testcases.nation.allRows.query_2)</td>
<td><div><pre>java.lang.NoClassDefFoundError: com/facebook/presto/hive/$internal/com/google/common/primitives/Ints
	at org.apache.hive.service.cli.Column.&lt;init&gt;(Column.java:149)
	at org.apache.hive.service.cli.ColumnBasedSet.&lt;init&gt;(ColumnBasedSet.java:51)
	at org.apache.hive.service.cli.RowSetFactory.create(RowSetFactory.java:37)
	at org.apache.hive.jdbc.HiveQueryResultSet.next(HiveQueryResultSet.java:333)
	at com.teradata.tempto.query.QueryResult$QueryResultBuilder.addRows(QueryResult.java:230)
	at com.teradata.tempto.query.QueryResult.forResultSet(QueryResult.java:178)
	at com.teradata.tempto.query.JdbcQueryExecutor.executeQueryNoParams(JdbcQueryExecutor.java:102)
	at com.teradata.tempto.query.JdbcQueryExecutor.execute(JdbcQueryExecutor.java:85)
	at com.teradata.tempto.query.JdbcQueryExecutor.executeQuery(JdbcQueryExecutor.java:62)
	at com.teradata.tempto.internal.convention.sql.SqlQueryConventionBasedTest.runTestQuery(SqlQueryConventionBasedTest.java:116)
	at com.teradata.tempto.internal.convention.sql.SqlQueryConventionBasedTest.test(SqlQueryConventionBasedTest.java:94)
	at com.teradata.tempto.internal.convention.ConventionBasedTestProxyGenerator$ConventionBasedTestProxy.test(ConventionBasedTestProxyGenerator.java:120)
	at com.teradata.tempto.allRows.query_2(Unknown Source)
	at com.teradata.tempto.runner.TemptoRunner.run(TemptoRunner.java:81)
	at com.teradata.tempto.runner.TemptoRunner.runTempto(TemptoRunner.java:59)
	at com.teradata.tempto.runner.TemptoRunner.runTempto(TemptoRunner.java:47)
	at com.teradata.tempto.examples.TemptoExamples.main(TemptoExamples.java:30)
... Removed 21 stack frames</pre></div><a href='#' onClick='toggleBox("stack-trace1940948670", this, "Click to show all stack frames", "Click to hide stack frames")'>Click to show all stack frames</a>
<div class='stack-trace' id='stack-trace1940948670'><pre>java.lang.NoClassDefFoundError: com/facebook/presto/hive/$internal/com/google/common/primitives/Ints
	at org.apache.hive.service.cli.Column.&lt;init&gt;(Column.java:149)
	at org.apache.hive.service.cli.ColumnBasedSet.&lt;init&gt;(ColumnBasedSet.java:51)
	at org.apache.hive.service.cli.RowSetFactory.create(RowSetFactory.java:37)
	at org.apache.hive.jdbc.HiveQueryResultSet.next(HiveQueryResultSet.java:333)
	at com.teradata.tempto.query.QueryResult$QueryResultBuilder.addRows(QueryResult.java:230)
	at com.teradata.tempto.query.QueryResult.forResultSet(QueryResult.java:178)
	at com.teradata.tempto.query.JdbcQueryExecutor.executeQueryNoParams(JdbcQueryExecutor.java:102)
	at com.teradata.tempto.query.JdbcQueryExecutor.execute(JdbcQueryExecutor.java:85)
	at com.teradata.tempto.query.JdbcQueryExecutor.executeQuery(JdbcQueryExecutor.java:62)
	at com.teradata.tempto.internal.convention.sql.SqlQueryConventionBasedTest.runTestQuery(SqlQueryConventionBasedTest.java:116)
	at com.teradata.tempto.internal.convention.sql.SqlQueryConventionBasedTest.test(SqlQueryConventionBasedTest.java:94)
	at com.teradata.tempto.internal.convention.ConventionBasedTestProxyGenerator$ConventionBasedTestProxy.test(ConventionBasedTestProxyGenerator.java:120)
	at com.teradata.tempto.allRows.query_2(Unknown Source)
	at sun.reflect.NativeMethodAccessorImpl.invoke0(Native Method)
	at sun.reflect.NativeMethodAccessorImpl.invoke(NativeMethodAccessorImpl.java:62)
	at sun.reflect.DelegatingMethodAccessorImpl.invoke(DelegatingMethodAccessorImpl.java:43)
	at java.lang.reflect.Method.invoke(Method.java:497)
	at org.testng.internal.MethodInvocationHelper.invokeMethod(MethodInvocationHelper.java:85)
	at org.testng.internal.Invoker.invokeMethod(Invoker.java:639)
	at org.testng.internal.Invoker.invokeTestMethod(Invoker.java:821)
	at org.testng.internal.Invoker.invokeTestMethods(Invoker.java:1131)
	at org.testng.internal.TestMethodWorker.invokeTestMethods(TestMethodWorker.java:124)
	at org.testng.internal.TestMethodWorker.run(TestMethodWorker.java:108)
	at org.testng.TestRunner.privateRun(TestRunner.java:773)
	at org.testng.TestRunner.run(TestRunner.java:623)
	at org.testng.SuiteRunner.runTest(SuiteRunner.java:357)
	at org.testng.SuiteRunner.runSequentially(SuiteRunner.java:352)
	at org.testng.SuiteRunner.privateRun(SuiteRunner.java:310)
	at org.testng.SuiteRunner.run(SuiteRunner.java:259)
	at org.testng.SuiteRunnerWorker.runSuite(SuiteRunnerWorker.java:52)
	at org.testng.SuiteRunnerWorker.run(SuiteRunnerWorker.java:86)
	at org.testng.TestNG.runSuitesSequentially(TestNG.java:1185)
	at org.testng.TestNG.runSuitesLocally(TestNG.java:1110)
	at org.testng.TestNG.run(TestNG.java:1018)
	at com.teradata.tempto.runner.TemptoRunner.run(TemptoRunner.java:81)
	at com.teradata.tempto.runner.TemptoRunner.runTempto(TemptoRunner.java:59)
	at com.teradata.tempto.runner.TemptoRunner.runTempto(TemptoRunner.java:47)
	at com.teradata.tempto.examples.TemptoExamples.main(TemptoExamples.java:30)
</pre></div></td>
<td>20</td>
<td>com.teradata.tempto.allRows@1dfadb7</td></tr>
<tr>
<td title='com.teradata.tempto.examples.SimpleQueryTest.selectAllFromMultipleTables()'><b>selectAllFromMultipleTables</b><br>Test class: com.teradata.tempto.examples.SimpleQueryTest</td>
<td><div><pre>java.lang.RuntimeException: error invoking methods annotated with com.teradata.tempto.AfterTestWithContext
	at com.teradata.tempto.internal.initialization.TestInitializationListener.invokeMethodsAnnotatedWith(TestInitializationListener.java:277)
	at com.teradata.tempto.internal.initialization.TestInitializationListener.runAfterWithContextMethods(TestInitializationListener.java:266)
	at com.teradata.tempto.internal.initialization.TestInitializationListener.onTestFinished(TestInitializationListener.java:244)
	at com.teradata.tempto.internal.initialization.TestInitializationListener.onTestFailure(TestInitializationListener.java:226)
	at com.teradata.tempto.runner.TemptoRunner.run(TemptoRunner.java:81)
	at com.teradata.tempto.runner.TemptoRunner.runTempto(TemptoRunner.java:59)
	at com.teradata.tempto.runner.TemptoRunner.runTempto(TemptoRunner.java:47)
	at com.teradata.tempto.examples.TemptoExamples.main(TemptoExamples.java:30)
	at com.teradata.tempto.internal.initialization.TestInitializationListener.invokeMethodsAnnotatedWith(TestInitializationListener.java:274)
	... 25 more
Caused by: org.junit.ComparisonFailure: expected:&lt;[tru]e&gt; but was:&lt;[fals]e&gt;
	at com.teradata.tempto.examples.SimpleQueryTest.afterTest(SimpleQueryTest.java:87)
	... 30 more
... Removed 26 stack frames</pre></div><a href='#' onClick='toggleBox("stack-trace217338836", this, "Click to show all stack frames", "Click to hide stack frames")'>Click to show all stack frames</a>
<div class='stack-trace' id='stack-trace217338836'><pre>java.lang.RuntimeException: error invoking methods annotated with com.teradata.tempto.AfterTestWithContext
	at com.teradata.tempto.internal.initialization.TestInitializationListener.invokeMethodsAnnotatedWith(TestInitializationListener.java:277)
	at com.teradata.tempto.internal.initialization.TestInitializationListener.runAfterWithContextMethods(TestInitializationListener.java:266)
	at com.teradata.tempto.internal.initialization.TestInitializationListener.onTestFinished(TestInitializationListener.java:244)
	at com.teradata.tempto.internal.initialization.TestInitializationListener.onTestFailure(TestInitializationListener.java:226)
	at org.testng.internal.Invoker.runTestListeners(Invoker.java:1699)
	at org.testng.internal.Invoker.runTestListeners(Invoker.java:1683)
	at org.testng.internal.Invoker.invokeMethod(Invoker.java:697)
	at org.testng.internal.Invoker.invokeTestMethod(Invoker.java:821)
	at org.testng.internal.Invoker.invokeTestMethods(Invoker.java:1131)
	at org.testng.internal.TestMethodWorker.invokeTestMethods(TestMethodWorker.java:124)
	at org.testng.internal.TestMethodWorker.run(TestMethodWorker.java:108)
	at org.testng.TestRunner.privateRun(TestRunner.java:773)
	at org.testng.TestRunner.run(TestRunner.java:623)
	at org.testng.SuiteRunner.runTest(SuiteRunner.java:357)
	at org.testng.SuiteRunner.runSequentially(SuiteRunner.java:352)
	at org.testng.SuiteRunner.privateRun(SuiteRunner.java:310)
	at org.testng.SuiteRunner.run(SuiteRunner.java:259)
	at org.testng.SuiteRunnerWorker.runSuite(SuiteRunnerWorker.java:52)
	at org.testng.SuiteRunnerWorker.run(SuiteRunnerWorker.java:86)
	at org.testng.TestNG.runSuitesSequentially(TestNG.java:1185)
	at org.testng.TestNG.runSuitesLocally(TestNG.java:1110)
	at org.testng.TestNG.run(TestNG.java:1018)
	at com.teradata.tempto.runner.TemptoRunner.run(TemptoRunner.java:81)
	at com.teradata.tempto.runner.TemptoRunner.runTempto(TemptoRunner.java:59)
	at com.teradata.tempto.runner.TemptoRunner.runTempto(TemptoRunner.java:47)
	at com.teradata.tempto.examples.TemptoExamples.main(TemptoExamples.java:30)
Caused by: java.lang.reflect.InvocationTargetException
	at sun.reflect.NativeMethodAccessorImpl.invoke0(Native Method)
	at sun.reflect.NativeMethodAccessorImpl.invoke(NativeMethodAccessorImpl.java:62)
	at sun.reflect.DelegatingMethodAccessorImpl.invoke(DelegatingMethodAccessorImpl.java:43)
	at java.lang.reflect.Method.invoke(Method.java:497)
	at com.teradata.tempto.internal.initialization.TestInitializationListener.invokeMethodsAnnotatedWith(TestInitializationListener.java:274)
	... 25 more
Caused by: org.junit.ComparisonFailure: expected:&lt;[tru]e&gt; but was:&lt;[fals]e&gt;
	at sun.reflect.NativeConstructorAccessorImpl.newInstance0(Native Method)
	at sun.reflect.NativeConstructorAccessorImpl.newInstance(NativeConstructorAccessorImpl.java:62)
	at sun.reflect.DelegatingConstructorAccessorImpl.newInstance(DelegatingConstructorAccessorImpl.java:45)
	at com.teradata.tempto.examples.SimpleQueryTest.afterTest(SimpleQueryTest.java:87)
	... 30 more
</pre></div></td>
<td>3</td>
<td>com.teradata.tempto.examples.SimpleQueryTest@786125a6</td></tr>
<tr>
<td title='com.teradata.tempto.examples.SimpleQueryTest.selectAllFromMultipleTables()'><b>selectAllFromMultipleTables</b><br>Test class: com.teradata.tempto.examples.SimpleQueryTest</td>
<td><div><pre>java.lang.RuntimeException: error invoking methods annotated with com.teradata.tempto.AfterTestWithContext
	at com.teradata.tempto.internal.initialization.TestInitializationListener.invokeMethodsAnnotatedWith(TestInitializationListener.java:277)
	at com.teradata.tempto.internal.initialization.TestInitializationListener.runAfterWithContextMethods(TestInitializationListener.java:266)
	at com.teradata.tempto.internal.initialization.TestInitializationListener.onTestFinished(TestInitializationListener.java:244)
	at com.teradata.tempto.internal.initialization.TestInitializationListener.onTestFailure(TestInitializationListener.java:226)
	at com.teradata.tempto.runner.TemptoRunner.run(TemptoRunner.java:81)
	at com.teradata.tempto.runner.TemptoRunner.runTempto(TemptoRunner.java:59)
	at com.teradata.tempto.runner.TemptoRunner.runTempto(TemptoRunner.java:47)
	at com.teradata.tempto.examples.TemptoExamples.main(TemptoExamples.java:30)
	at com.teradata.tempto.internal.initialization.TestInitializationListener.invokeMethodsAnnotatedWith(TestInitializationListener.java:274)
	... 25 more
Caused by: org.junit.ComparisonFailure: expected:&lt;[tru]e&gt; but was:&lt;[fals]e&gt;
	at com.teradata.tempto.examples.SimpleQueryTest.afterTest(SimpleQueryTest.java:87)
	... 30 more
... Removed 26 stack frames</pre></div><a href='#' onClick='toggleBox("stack-trace1992745798", this, "Click to show all stack frames", "Click to hide stack frames")'>Click to show all stack frames</a>
<div class='stack-trace' id='stack-trace1992745798'><pre>java.lang.RuntimeException: error invoking methods annotated with com.teradata.tempto.AfterTestWithContext
	at com.teradata.tempto.internal.initialization.TestInitializationListener.invokeMethodsAnnotatedWith(TestInitializationListener.java:277)
	at com.teradata.tempto.internal.initialization.TestInitializationListener.runAfterWithContextMethods(TestInitializationListener.java:266)
	at com.teradata.tempto.internal.initialization.TestInitializationListener.onTestFinished(TestInitializationListener.java:244)
	at com.teradata.tempto.internal.initialization.TestInitializationListener.onTestFailure(TestInitializationListener.java:226)
	at org.testng.internal.Invoker.runTestListeners(Invoker.java:1699)
	at org.testng.internal.Invoker.runTestListeners(Invoker.java:1683)
	at org.testng.internal.Invoker.invokeMethod(Invoker.java:697)
	at org.testng.internal.Invoker.invokeTestMethod(Invoker.java:821)
	at org.testng.internal.Invoker.invokeTestMethods(Invoker.java:1131)
	at org.testng.internal.TestMethodWorker.invokeTestMethods(TestMethodWorker.java:124)
	at org.testng.internal.TestMethodWorker.run(TestMethodWorker.java:108)
	at org.testng.TestRunner.privateRun(TestRunner.java:773)
	at org.testng.TestRunner.run(TestRunner.java:623)
	at org.testng.SuiteRunner.runTest(SuiteRunner.java:357)
	at org.testng.SuiteRunner.runSequentially(SuiteRunner.java:352)
	at org.testng.SuiteRunner.privateRun(SuiteRunner.java:310)
	at org.testng.SuiteRunner.run(SuiteRunner.java:259)
	at org.testng.SuiteRunnerWorker.runSuite(SuiteRunnerWorker.java:52)
	at org.testng.SuiteRunnerWorker.run(SuiteRunnerWorker.java:86)
	at org.testng.TestNG.runSuitesSequentially(TestNG.java:1185)
	at org.testng.TestNG.runSuitesLocally(TestNG.java:1110)
	at org.testng.TestNG.run(TestNG.java:1018)
	at com.teradata.tempto.runner.TemptoRunner.run(TemptoRunner.java:81)
	at com.teradata.tempto.runner.TemptoRunner.runTempto(TemptoRunner.java:59)
	at com.teradata.tempto.runner.TemptoRunner.runTempto(TemptoRunner.java:47)
	at com.teradata.tempto.examples.TemptoExamples.main(TemptoExamples.java:30)
Caused by: java.lang.reflect.InvocationTargetException
	at sun.reflect.NativeMethodAccessorImpl.invoke0(Native Method)
	at sun.reflect.NativeMethodAccessorImpl.invoke(NativeMethodAccessorImpl.java:62)
	at sun.reflect.DelegatingMethodAccessorImpl.invoke(DelegatingMethodAccessorImpl.java:43)
	at java.lang.reflect.Method.invoke(Method.java:497)
	at com.teradata.tempto.internal.initialization.TestInitializationListener.invokeMethodsAnnotatedWith(TestInitializationListener.java:274)
	... 25 more
Caused by: org.junit.ComparisonFailure: expected:&lt;[tru]e&gt; but was:&lt;[fals]e&gt;
	at sun.reflect.NativeConstructorAccessorImpl.newInstance0(Native Method)
	at sun.reflect.NativeConstructorAccessorImpl.newInstance(NativeConstructorAccessorImpl.java:62)
	at sun.reflect.DelegatingConstructorAccessorImpl.newInstance(DelegatingConstructorAccessorImpl.java:45)
	at com.teradata.tempto.examples.SimpleQueryTest.afterTest(SimpleQueryTest.java:87)
	... 30 more
</pre></div></td>
<td>0</td>
<td>com.teradata.tempto.examples.SimpleQueryTest@786125a6</td></tr>
<tr>
<td title='com.teradata.tempto.examples.SimpleQueryTest.selectAllFromNation()'><b>selectAllFromNation</b><br>Test class: com.teradata.tempto.examples.SimpleQueryTest</td>
<td><div><pre>java.lang.RuntimeException: error invoking methods annotated with com.teradata.tempto.AfterTestWithContext
	at com.teradata.tempto.internal.initialization.TestInitializationListener.invokeMethodsAnnotatedWith(TestInitializationListener.java:277)
	at com.teradata.tempto.internal.initialization.TestInitializationListener.runAfterWithContextMethods(TestInitializationListener.java:266)
	at com.teradata.tempto.internal.initialization.TestInitializationListener.onTestFinished(TestInitializationListener.java:244)
	at com.teradata.tempto.internal.initialization.TestInitializationListener.onTestFailure(TestInitializationListener.java:226)
	at com.teradata.tempto.runner.TemptoRunner.run(TemptoRunner.java:81)
	at com.teradata.tempto.runner.TemptoRunner.runTempto(TemptoRunner.java:59)
	at com.teradata.tempto.runner.TemptoRunner.runTempto(TemptoRunner.java:47)
	at com.teradata.tempto.examples.TemptoExamples.main(TemptoExamples.java:30)
	at com.teradata.tempto.internal.initialization.TestInitializationListener.invokeMethodsAnnotatedWith(TestInitializationListener.java:274)
	... 25 more
Caused by: org.junit.ComparisonFailure: expected:&lt;[tru]e&gt; but was:&lt;[fals]e&gt;
	at com.teradata.tempto.examples.SimpleQueryTest.afterTest(SimpleQueryTest.java:87)
	... 30 more
... Removed 26 stack frames</pre></div><a href='#' onClick='toggleBox("stack-trace452482118", this, "Click to show all stack frames", "Click to hide stack frames")'>Click to show all stack frames</a>
<div class='stack-trace' id='stack-trace452482118'><pre>java.lang.RuntimeException: error invoking methods annotated with com.teradata.tempto.AfterTestWithContext
	at com.teradata.tempto.internal.initialization.TestInitializationListener.invokeMethodsAnnotatedWith(TestInitializationListener.java:277)
	at com.teradata.tempto.internal.initialization.TestInitializationListener.runAfterWithContextMethods(TestInitializationListener.java:266)
	at com.teradata.tempto.internal.initialization.TestInitializationListener.onTestFinished(TestInitializationListener.java:244)
	at com.teradata.tempto.internal.initialization.TestInitializationListener.onTestFailure(TestInitializationListener.java:226)
	at org.testng.internal.Invoker.runTestListeners(Invoker.java:1699)
	at org.testng.internal.Invoker.runTestListeners(Invoker.java:1683)
	at org.testng.internal.Invoker.invokeMethod(Invoker.java:697)
	at org.testng.internal.Invoker.invokeTestMethod(Invoker.java:821)
	at org.testng.internal.Invoker.invokeTestMethods(Invoker.java:1131)
	at org.testng.internal.TestMethodWorker.invokeTestMethods(TestMethodWorker.java:124)
	at org.testng.internal.TestMethodWorker.run(TestMethodWorker.java:108)
	at org.testng.TestRunner.privateRun(TestRunner.java:773)
	at org.testng.TestRunner.run(TestRunner.java:623)
	at org.testng.SuiteRunner.runTest(SuiteRunner.java:357)
	at org.testng.SuiteRunner.runSequentially(SuiteRunner.java:352)
	at org.testng.SuiteRunner.privateRun(SuiteRunner.java:310)
	at org.testng.SuiteRunner.run(SuiteRunner.java:259)
	at org.testng.SuiteRunnerWorker.runSuite(SuiteRunnerWorker.java:52)
	at org.testng.SuiteRunnerWorker.run(SuiteRunnerWorker.java:86)
	at org.testng.TestNG.runSuitesSequentially(TestNG.java:1185)
	at org.testng.TestNG.runSuitesLocally(TestNG.java:1110)
	at org.testng.TestNG.run(TestNG.java:1018)
	at com.teradata.tempto.runner.TemptoRunner.run(TemptoRunner.java:81)
	at com.teradata.tempto.runner.TemptoRunner.runTempto(TemptoRunner.java:59)
	at com.teradata.tempto.runner.TemptoRunner.runTempto(TemptoRunner.java:47)
	at com.teradata.tempto.examples.TemptoExamples.main(TemptoExamples.java:30)
Caused by: java.lang.reflect.InvocationTargetException
	at sun.reflect.NativeMethodAccessorImpl.invoke0(Native Method)
	at sun.reflect.NativeMethodAccessorImpl.invoke(NativeMethodAccessorImpl.java:62)
	at sun.reflect.DelegatingMethodAccessorImpl.invoke(DelegatingMethodAccessorImpl.java:43)
	at java.lang.reflect.Method.invoke(Method.java:497)
	at com.teradata.tempto.internal.initialization.TestInitializationListener.invokeMethodsAnnotatedWith(TestInitializationListener.java:274)
	... 25 more
Caused by: org.junit.ComparisonFailure: expected:&lt;[tru]e&gt; but was:&lt;[fals]e&gt;
	at sun.reflect.NativeConstructorAccessorImpl.newInstance0(Native Method)
	at sun.reflect.NativeConstructorAccessorImpl.newInstance(NativeConstructorAccessorImpl.java:62)
	at sun.reflect.DelegatingConstructorAccessorImpl.newInstance(DelegatingConstructorAccessorImpl.java:45)
	at com.teradata.tempto.examples.SimpleQueryTest.afterTest(SimpleQueryTest.java:87)
	... 30 more
</pre></div></td>
<td>0</td>
<td>com.teradata.tempto.examples.SimpleQueryTest@786125a6</td></tr>
<tr>
<td title='com.teradata.tempto.examples.SimpleQueryTest.selectCountFromNation()'><b>selectCountFromNation</b><br>Test class: com.teradata.tempto.examples.SimpleQueryTest</td>
<td><div><pre>java.lang.RuntimeException: error invoking methods annotated with com.teradata.tempto.AfterTestWithContext
	at com.teradata.tempto.internal.initialization.TestInitializationListener.invokeMethodsAnnotatedWith(TestInitializationListener.java:277)
	at com.teradata.tempto.internal.initialization.TestInitializationListener.runAfterWithContextMethods(TestInitializationListener.java:266)
	at com.teradata.tempto.internal.initialization.TestInitializationListener.onTestFinished(TestInitializationListener.java:244)
	at com.teradata.tempto.internal.initialization.TestInitializationListener.onTestFailure(TestInitializationListener.java:226)
	at com.teradata.tempto.runner.TemptoRunner.run(TemptoRunner.java:81)
	at com.teradata.tempto.runner.TemptoRunner.runTempto(TemptoRunner.java:59)
	at com.teradata.tempto.runner.TemptoRunner.runTempto(TemptoRunner.java:47)
	at com.teradata.tempto.examples.TemptoExamples.main(TemptoExamples.java:30)
	at com.teradata.tempto.internal.initialization.TestInitializationListener.invokeMethodsAnnotatedWith(TestInitializationListener.java:274)
	... 25 more
Caused by: org.junit.ComparisonFailure: expected:&lt;[tru]e&gt; but was:&lt;[fals]e&gt;
	at com.teradata.tempto.examples.SimpleQueryTest.afterTest(SimpleQueryTest.java:87)
	... 30 more
... Removed 26 stack frames</pre></div><a href='#' onClick='toggleBox("stack-trace1558078620", this, "Click to show all stack frames", "Click to hide stack frames")'>Click to show all stack frames</a>
<div class='stack-trace' id='stack-trace1558078620'><pre>java.lang.RuntimeException: error invoking methods annotated with com.teradata.tempto.AfterTestWithContext
	at com.teradata.tempto.internal.initialization.TestInitializationListener.invokeMethodsAnnotatedWith(TestInitializationListener.java:277)
	at com.teradata.tempto.internal.initialization.TestInitializationListener.runAfterWithContextMethods(TestInitializationListener.java:266)
	at com.teradata.tempto.internal.initialization.TestInitializationListener.onTestFinished(TestInitializationListener.java:244)
	at com.teradata.tempto.internal.initialization.TestInitializationListener.onTestFailure(TestInitializationListener.java:226)
	at org.testng.internal.Invoker.runTestListeners(Invoker.java:1699)
	at org.testng.internal.Invoker.runTestListeners(Invoker.java:1683)
	at org.testng.internal.Invoker.invokeMethod(Invoker.java:697)
	at org.testng.internal.Invoker.invokeTestMethod(Invoker.java:821)
	at org.testng.internal.Invoker.invokeTestMethods(Invoker.java:1131)
	at org.testng.internal.TestMethodWorker.invokeTestMethods(TestMethodWorker.java:124)
	at org.testng.internal.TestMethodWorker.run(TestMethodWorker.java:108)
	at org.testng.TestRunner.privateRun(TestRunner.java:773)
	at org.testng.TestRunner.run(TestRunner.java:623)
	at org.testng.SuiteRunner.runTest(SuiteRunner.java:357)
	at org.testng.SuiteRunner.runSequentially(SuiteRunner.java:352)
	at org.testng.SuiteRunner.privateRun(SuiteRunner.java:310)
	at org.testng.SuiteRunner.run(SuiteRunner.java:259)
	at org.testng.SuiteRunnerWorker.runSuite(SuiteRunnerWorker.java:52)
	at org.testng.SuiteRunnerWorker.run(SuiteRunnerWorker.java:86)
	at org.testng.TestNG.runSuitesSequentially(TestNG.java:1185)
	at org.testng.TestNG.runSuitesLocally(TestNG.java:1110)
	at org.testng.TestNG.run(TestNG.java:1018)
	at com.teradata.tempto.runner.TemptoRunner.run(TemptoRunner.java:81)
	at com.teradata.tempto.runner.TemptoRunner.runTempto(TemptoRunner.java:59)
	at com.teradata.tempto.runner.TemptoRunner.runTempto(TemptoRunner.java:47)
	at com.teradata.tempto.examples.TemptoExamples.main(TemptoExamples.java:30)
Caused by: java.lang.reflect.InvocationTargetException
	at sun.reflect.NativeMethodAccessorImpl.invoke0(Native Method)
	at sun.reflect.NativeMethodAccessorImpl.invoke(NativeMethodAccessorImpl.java:62)
	at sun.reflect.DelegatingMethodAccessorImpl.invoke(DelegatingMethodAccessorImpl.java:43)
	at java.lang.reflect.Method.invoke(Method.java:497)
	at com.teradata.tempto.internal.initialization.TestInitializationListener.invokeMethodsAnnotatedWith(TestInitializationListener.java:274)
	... 25 more
Caused by: org.junit.ComparisonFailure: expected:&lt;[tru]e&gt; but was:&lt;[fals]e&gt;
	at sun.reflect.NativeConstructorAccessorImpl.newInstance0(Native Method)
	at sun.reflect.NativeConstructorAccessorImpl.newInstance(NativeConstructorAccessorImpl.java:62)
	at sun.reflect.DelegatingConstructorAccessorImpl.newInstance(DelegatingConstructorAccessorImpl.java:45)
	at com.teradata.tempto.examples.SimpleQueryTest.afterTest(SimpleQueryTest.java:87)
	... 30 more
</pre></div></td>
<td>0</td>
<td>com.teradata.tempto.examples.SimpleQueryTest@786125a6</td></tr>
<tr>
<td title='com.teradata.tempto.examples.ExampleSshClientUsage.sshClientUsage()'><b>sshClientUsage</b><br>Test class: com.teradata.tempto.examples.ExampleSshClientUsage</td>
<td><div><pre>java.lang.RuntimeException: com.jcraft.jsch.JSchException: Auth fail
	at com.teradata.tempto.internal.ssh.JSchSshClient.upload(JSchSshClient.java:98)
	at com.teradata.tempto.examples.ExampleSshClientUsage.sshClientUsage(ExampleSshClientUsage.java:52)
	at com.teradata.tempto.runner.TemptoRunner.run(TemptoRunner.java:81)
	at com.teradata.tempto.runner.TemptoRunner.runTempto(TemptoRunner.java:59)
	at com.teradata.tempto.runner.TemptoRunner.runTempto(TemptoRunner.java:47)
	at com.teradata.tempto.examples.TemptoExamples.main(TemptoExamples.java:30)
Caused by: com.jcraft.jsch.JSchException: Auth fail
	at com.jcraft.jsch.Session.connect(Session.java:512)
	at com.jcraft.jsch.Session.connect(Session.java:183)
	at com.teradata.tempto.internal.ssh.JSchSshClient.getActiveSession(JSchSshClient.java:78)
	at com.teradata.tempto.internal.ssh.JSchSshClient.upload(JSchSshClient.java:88)
	... 26 more
... Removed 21 stack frames</pre></div><a href='#' onClick='toggleBox("stack-trace175995338", this, "Click to show all stack frames", "Click to hide stack frames")'>Click to show all stack frames</a>
<div class='stack-trace' id='stack-trace175995338'><pre>java.lang.RuntimeException: com.jcraft.jsch.JSchException: Auth fail
	at com.teradata.tempto.internal.ssh.JSchSshClient.upload(JSchSshClient.java:98)
	at com.teradata.tempto.examples.ExampleSshClientUsage.sshClientUsage(ExampleSshClientUsage.java:52)
	at sun.reflect.NativeMethodAccessorImpl.invoke0(Native Method)
	at sun.reflect.NativeMethodAccessorImpl.invoke(NativeMethodAccessorImpl.java:62)
	at sun.reflect.DelegatingMethodAccessorImpl.invoke(DelegatingMethodAccessorImpl.java:43)
	at java.lang.reflect.Method.invoke(Method.java:497)
	at org.testng.internal.MethodInvocationHelper.invokeMethod(MethodInvocationHelper.java:85)
	at org.testng.internal.Invoker.invokeMethod(Invoker.java:639)
	at org.testng.internal.Invoker.invokeTestMethod(Invoker.java:821)
	at org.testng.internal.Invoker.invokeTestMethods(Invoker.java:1131)
	at org.testng.internal.TestMethodWorker.invokeTestMethods(TestMethodWorker.java:124)
	at org.testng.internal.TestMethodWorker.run(TestMethodWorker.java:108)
	at org.testng.TestRunner.privateRun(TestRunner.java:773)
	at org.testng.TestRunner.run(TestRunner.java:623)
	at org.testng.SuiteRunner.runTest(SuiteRunner.java:357)
	at org.testng.SuiteRunner.runSequentially(SuiteRunner.java:352)
	at org.testng.SuiteRunner.privateRun(SuiteRunner.java:310)
	at org.testng.SuiteRunner.run(SuiteRunner.java:259)
	at org.testng.SuiteRunnerWorker.runSuite(SuiteRunnerWorker.java:52)
	at org.testng.SuiteRunnerWorker.run(SuiteRunnerWorker.java:86)
	at org.testng.TestNG.runSuitesSequentially(TestNG.java:1185)
	at org.testng.TestNG.runSuitesLocally(TestNG.java:1110)
	at org.testng.TestNG.run(TestNG.java:1018)
	at com.teradata.tempto.runner.TemptoRunner.run(TemptoRunner.java:81)
	at com.teradata.tempto.runner.TemptoRunner.runTempto(TemptoRunner.java:59)
	at com.teradata.tempto.runner.TemptoRunner.runTempto(TemptoRunner.java:47)
	at com.teradata.tempto.examples.TemptoExamples.main(TemptoExamples.java:30)
Caused by: com.jcraft.jsch.JSchException: Auth fail
	at com.jcraft.jsch.Session.connect(Session.java:512)
	at com.jcraft.jsch.Session.connect(Session.java:183)
	at com.teradata.tempto.internal.ssh.JSchSshClient.getActiveSession(JSchSshClient.java:78)
	at com.teradata.tempto.internal.ssh.JSchSshClient.upload(JSchSshClient.java:88)
	... 26 more
</pre></div></td>
<td>2</td>
<td>com.teradata.tempto.examples.ExampleSshClientUsage@3c32f3d8</td></tr>
<tr>
<td title='com.teradata.tempto.examples.TpchDataSourceTest.testDataSource()'><b>testDataSource</b><br>Test class: com.teradata.tempto.examples.TpchDataSourceTest</td>
<td><div><pre>org.junit.ComparisonFailure: expected:&lt;&quot;/tempto/tpch/sf-1[,]00/REGION&quot;&gt; but was:&lt;&quot;/tempto/tpch/sf-1[_]00/REGION&quot;&gt;
	at com.teradata.tempto.examples.TpchDataSourceTest.testDataSource(TpchDataSourceTest.java:43)
	at com.teradata.tempto.runner.TemptoRunner.run(TemptoRunner.java:81)
	at com.teradata.tempto.runner.TemptoRunner.runTempto(TemptoRunner.java:59)
	at com.teradata.tempto.runner.TemptoRunner.runTempto(TemptoRunner.java:47)
	at com.teradata.tempto.examples.TemptoExamples.main(TemptoExamples.java:30)
... Removed 24 stack frames</pre></div><a href='#' onClick='toggleBox("stack-trace597637855", this, "Click to show all stack frames", "Click to hide stack frames")'>Click to show all stack frames</a>
<div class='stack-trace' id='stack-trace597637855'><pre>org.junit.ComparisonFailure: expected:&lt;&quot;/tempto/tpch/sf-1[,]00/REGION&quot;&gt; but was:&lt;&quot;/tempto/tpch/sf-1[_]00/REGION&quot;&gt;
	at sun.reflect.NativeConstructorAccessorImpl.newInstance0(Native Method)
	at sun.reflect.NativeConstructorAccessorImpl.newInstance(NativeConstructorAccessorImpl.java:62)
	at sun.reflect.DelegatingConstructorAccessorImpl.newInstance(DelegatingConstructorAccessorImpl.java:45)
	at com.teradata.tempto.examples.TpchDataSourceTest.testDataSource(TpchDataSourceTest.java:43)
	at sun.reflect.NativeMethodAccessorImpl.invoke0(Native Method)
	at sun.reflect.NativeMethodAccessorImpl.invoke(NativeMethodAccessorImpl.java:62)
	at sun.reflect.DelegatingMethodAccessorImpl.invoke(DelegatingMethodAccessorImpl.java:43)
	at java.lang.reflect.Method.invoke(Method.java:497)
	at org.testng.internal.MethodInvocationHelper.invokeMethod(MethodInvocationHelper.java:85)
	at org.testng.internal.Invoker.invokeMethod(Invoker.java:639)
	at org.testng.internal.Invoker.invokeTestMethod(Invoker.java:821)
	at org.testng.internal.Invoker.invokeTestMethods(Invoker.java:1131)
	at org.testng.internal.TestMethodWorker.invokeTestMethods(TestMethodWorker.java:124)
	at org.testng.internal.TestMethodWorker.run(TestMethodWorker.java:108)
	at org.testng.TestRunner.privateRun(TestRunner.java:773)
	at org.testng.TestRunner.run(TestRunner.java:623)
	at org.testng.SuiteRunner.runTest(SuiteRunner.java:357)
	at org.testng.SuiteRunner.runSequentially(SuiteRunner.java:352)
	at org.testng.SuiteRunner.privateRun(SuiteRunner.java:310)
	at org.testng.SuiteRunner.run(SuiteRunner.java:259)
	at org.testng.SuiteRunnerWorker.runSuite(SuiteRunnerWorker.java:52)
	at org.testng.SuiteRunnerWorker.run(SuiteRunnerWorker.java:86)
	at org.testng.TestNG.runSuitesSequentially(TestNG.java:1185)
	at org.testng.TestNG.runSuitesLocally(TestNG.java:1110)
	at org.testng.TestNG.run(TestNG.java:1018)
	at com.teradata.tempto.runner.TemptoRunner.run(TemptoRunner.java:81)
	at com.teradata.tempto.runner.TemptoRunner.runTempto(TemptoRunner.java:59)
	at com.teradata.tempto.runner.TemptoRunner.runTempto(TemptoRunner.java:47)
	at com.teradata.tempto.examples.TemptoExamples.main(TemptoExamples.java:30)
</pre></div></td>
<td>0</td>
<td>com.teradata.tempto.examples.TpchDataSourceTest@53e6b541</td></tr>
</table><p>
<table width='100%' border='1' class='invocation-passed'>
<tr><td colspan='4' align='center'><b>PASSED TESTS</b></td></tr>
<tr><td><b>Test method</b></td>
<td width="30%"><b>Exception</b></td>
<td width="10%"><b>Time (seconds)</b></td>
<td><b>Instance</b></td>
</tr>
<tr>
<td title='com.teradata.tempto.sample_psql_table.allRows()'><b>allRows</b><br>Test class: com.teradata.tempto.sample_psql_table (sql_tests.testcases.sample_psql_table.allRows)</td>
<td></td>
<td>0</td>
<td>com.teradata.tempto.sample_psql_table@7424a39e</td></tr>
<tr>
<td title='com.teradata.tempto.sample_psql_table.allRowsOnPsql2()'><b>allRowsOnPsql2</b><br>Test class: com.teradata.tempto.sample_psql_table (sql_tests.testcases.sample_psql_table.allRowsOnPsql2)</td>
<td></td>
<td>0</td>
<td>com.teradata.tempto.sample_psql_table@2526ecb7</td></tr>
<tr>
<td title='com.teradata.tempto.examples.ExampleSshClientUsage.dynamicSshClient()'><b>dynamicSshClient</b><br>Test class: com.teradata.tempto.examples.ExampleSshClientUsage</td>
<td></td>
<td>2</td>
<td>com.teradata.tempto.examples.ExampleSshClientUsage@3c32f3d8</td></tr>
<tr>
<td title='com.teradata.tempto.examples.PostgresqlQueryTest.selectFromImmutableTable()'><b>selectFromImmutableTable</b><br>Test class: com.teradata.tempto.examples.PostgresqlQueryTest</td>
<td></td>
<td>0</td>
<td>com.teradata.tempto.examples.PostgresqlQueryTest@17f4276b</td></tr>
<tr>
<td title='com.teradata.tempto.examples.PostgresqlQueryTest.selectFromMutableTable()'><b>selectFromMutableTable</b><br>Test class: com.teradata.tempto.examples.PostgresqlQueryTest</td>
<td></td>
<td>0</td>
<td>com.teradata.tempto.examples.PostgresqlQueryTest@17f4276b</td></tr>
<tr>
<td title='com.teradata.tempto.examples.InjectionTest.testInjection()'><b>testInjection</b><br>Test class: com.teradata.tempto.examples.InjectionTest</td>
<td></td>
<td>0</td>
<td>com.teradata.tempto.examples.InjectionTest@46700301</td></tr>
</table><p>
</body>
</html>