<!DOCTYPE html PUBLIC "-//W3C//DTD XHTML 1.1//EN" "http://www.w3.org/TR/xhtml11/DTD/xhtml11.dtd">
<html xmlns="http://www.w3.org/1999/xhtml"><head><title>TestNG Report</title><style type="text/css">table {margin-bottom:10px;border-collapse:collapse;empty-cells:show}th,td {border:1px solid #009;padding:.25em .5em}th {vertical-align:bottom}td {vertical-align:top}table a {font-weight:bold}.stripe td {background-color: #E6EBF9}.num {text-align:right}.passedodd td {background-color: #3F3}.passedeven td {background-color: #0A0}.skippedodd td {background-color: #DDD}.skippedeven td {background-color: #CCC}.failedodd td,.attn {background-color: #F33}.failedeven td,.stripe .attn {background-color: #D00}.stacktrace {white-space:pre;font-family:monospace}.totop {font-size:85%;text-align:center;border-bottom:2px solid #000}</style></head><body><table><tr><th>Test</th><th># Passed</th><th># Skipped</th><th># Failed</th><th>Time (ms)</th><th>Included Groups</th><th>Excluded Groups</th></tr><tr><th colspan="7">tempto-tests</th></tr><tr><td><a href="#t0">all</a></td><td class="num">6</td><td class="num">0</td><td class="num attn">17</td><td class="num">81,228</td><td></td><td></td></tr></table><table><thead><tr><th>Class</th><th>Method</th><th>Start</th><th>Time (ms)</th></tr></thead><tbody><tr><th colspan="4">tempto-tests</th></tr></tbody><tbody id="t0"><tr><th colspan="4">all &#8212; failed</th></tr><tr class="failedeven"><td rowspan="2">com.teradata.tempto.allRows</td><td><a href="#m0">query_1</a></td><td rowspan="1">1444066259123</td><td rowspan="1">802</td></tr><tr class="failedeven"><td><a href="#m1">query_2</a></td><td rowspan="1">1444066259937</td><td rowspan="1">20011</td></tr><tr class="failedodd"><td rowspan="2">com.teradata.tempto.examples.ExampleSshClientUsage</td><td><a href="#m2">longRunningCommandTimeout</a></td><td rowspan="1">1444066247702</td><td rowspan="1">2974</td></tr><tr class="failedodd"><td><a href="#m3">sshClientUsage</a></td><td rowspan="1">1444066250686</td><td rowspan="1">2516</td></tr><tr class="failedeven"><td rowspan="6">com.teradata.tempto.examples.SimpleQueryTest</td><td><a href="#m4">createAndDropMutableTable</a></td><td rowspan="1">1444066253571</td><td rowspan="1">588</td></tr><tr class="failedeven"><td><a href="#m5">failingTest</a></td><td rowspan="1">1444066254163</td><td rowspan="1">205</td></tr><tr class="failedeven"><td><a href="#m6">selectAllFromMultipleTables</a></td><td rowspan="2">1444066254372</td><td rowspan="2">3776</td></tr><tr class="failedeven"><td><a href="#m7">selectAllFromMultipleTables</a></td></tr><tr class="failedeven"><td><a href="#m8">selectAllFromNation</a></td><td rowspan="1">1444066258619</td><td rowspan="1">184</td></tr><tr class="failedeven"><td><a href="#m9">selectCountFromNation</a></td><td rowspan="1">1444066258805</td><td rowspan="1">181</td></tr><tr class="failedodd"><td rowspan="1">com.teradata.tempto.examples.TpchDataSourceTest</td><td><a href="#m10">testDataSource</a></td><td rowspan="1">1444066258988</td><td rowspan="1">132</td></tr><tr class="failedeven"><td rowspan="1">com.teradata.tempto.nation</td><td><a href="#m11">generated_nation</a></td><td rowspan="1">1444066279960</td><td rowspan="1">325</td></tr><tr class="failedodd"><td rowspan="1">com.teradata.tempto.sample_hive_table</td><td><a href="#m12">allRows</a></td><td rowspan="1">1444066280296</td><td rowspan="1">331</td></tr><tr class="failedeven"><td rowspan="2">com.teradata.tempto.sample_presto_table</td><td><a href="#m13">allRows</a></td><td rowspan="1">1444066280639</td><td rowspan="1">165</td></tr><tr class="failedeven"><td><a href="#m14">psqlOverPrestoAllRows</a></td><td rowspan="1">1444066280809</td><td rowspan="1">121</td></tr><tr class="failedodd"><td rowspan="2">com.teradata.tempto.sample_table_insert</td><td><a href="#m15">insert_0</a></td><td rowspan="1">1444066281168</td><td rowspan="1">15525</td></tr><tr class="failedodd"><td><a href="#m16">insert_1</a></td><td rowspan="1">1444066296714</td><td rowspan="1">19589</td></tr><tr><th colspan="4">all &#8212; passed</th></tr><tr class="passedeven"><td rowspan="1">com.teradata.tempto.examples.ExampleSshClientUsage</td><td><a href="#m17">dynamicSshClient</a></td><td rowspan="1">1444066245654</td><td rowspan="1">2009</td></tr><tr class="passedodd"><td rowspan="1">com.teradata.tempto.examples.InjectionTest</td><td><a href="#m18">testInjection</a></td><td rowspan="1">1444066316314</td><td rowspan="1">99</td></tr><tr class="passedeven"><td rowspan="2">com.teradata.tempto.examples.PostgresqlQueryTest</td><td><a href="#m19">selectFromImmutableTable</a></td><td rowspan="1">1444066253206</td><td rowspan="1">194</td></tr><tr class="passedeven"><td><a href="#m20">selectFromMutableTable</a></td><td rowspan="1">1444066253402</td><td rowspan="1">166</td></tr><tr class="passedodd"><td rowspan="2">com.teradata.tempto.sample_psql_table</td><td><a href="#m21">allRows</a></td><td rowspan="1">1444066280935</td><td rowspan="1">106</td></tr><tr class="passedodd"><td><a href="#m22">allRowsOnPsql2</a></td><td rowspan="1">1444066281047</td><td rowspan="1">117</td></tr></tbody></table><h2>all</h2><h3 id="m0">com.teradata.tempto.allRows#query_1</h3><table class="result"><tr><th>Exception</th></tr><tr><td><div class="stacktrace">java.lang.NoClassDefFoundError: com/facebook/presto/hive/$internal/com/google/common/primitives/Ints
	at org.apache.hive.service.cli.Column.&lt;init&gt;(Column.java:149)
	at org.apache.hive.service.cli.ColumnBasedSet.&lt;init&gt;(ColumnBasedSet.java:51)
	at org.apache.hive.service.cli.RowSetFactory.create(RowSetFactory.java:37)
	at org.apache.hive.jdbc.HiveQueryResultSet.next(HiveQueryResultSet.java:333)
	at com.teradata.tempto.query.QueryResult$QueryResultBuilder.addRows(QueryResult.java:230)
	at com.teradata.tempto.query.QueryResult.forResultSet(QueryResult.java:178)
	at com.teradata.tempto.query.JdbcQueryExecutor.executeQueryNoParams(JdbcQueryExecutor.java:102)
	at com.teradata.tempto.query.JdbcQueryExecutor.execute(JdbcQueryExecutor.java:85)
	at com.teradata.tempto.query.JdbcQueryExecutor.executeQuery(JdbcQueryExecutor.java:62)
	at com.teradata.tempto.internal.convention.sql.SqlQueryConventionBasedTest.runTestQuery(SqlQueryConventionBasedTest.java:116)
	at com.teradata.tempto.internal.convention.sql.SqlQueryConventionBasedTest.test(SqlQueryConventionBasedTest.java:94)
	at com.teradata.tempto.internal.convention.ConventionBasedTestProxyGenerator$ConventionBasedTestProxy.test(ConventionBasedTestProxyGenerator.java:120)
	at com.teradata.tempto.allRows.query_1(Unknown Source)
	at com.teradata.tempto.runner.TemptoRunner.run(TemptoRunner.java:81)
	at com.teradata.tempto.runner.TemptoRunner.runTempto(TemptoRunner.java:59)
	at com.teradata.tempto.runner.TemptoRunner.runTempto(TemptoRunner.java:47)
	at com.teradata.tempto.examples.TemptoExamples.main(TemptoExamples.java:30)
Caused by: java.lang.ClassNotFoundException: com.facebook.presto.hive.$internal.com.google.common.primitives.Ints
	at java.net.URLClassLoader.findClass(URLClassLoader.java:381)
	at java.lang.ClassLoader.loadClass(ClassLoader.java:424)
	at sun.misc.Launcher$AppClassLoader.loadClass(Launcher.java:331)
	at java.lang.ClassLoader.loadClass(ClassLoader.java:357)
	... 38 more
... Removed 21 stack frames</div></td></tr></table><p class="totop"><a href="#summary">back to summary</a></p><h3 id="m1">com.teradata.tempto.allRows#query_2</h3><table class="result"><tr><th>Exception</th></tr><tr><td><div class="stacktrace">java.lang.NoClassDefFoundError: com/facebook/presto/hive/$internal/com/google/common/primitives/Ints
	at org.apache.hive.service.cli.Column.&lt;init&gt;(Column.java:149)
	at org.apache.hive.service.cli.ColumnBasedSet.&lt;init&gt;(ColumnBasedSet.java:51)
	at org.apache.hive.service.cli.RowSetFactory.create(RowSetFactory.java:37)
	at org.apache.hive.jdbc.HiveQueryResultSet.next(HiveQueryResultSet.java:333)
	at com.teradata.tempto.query.QueryResult$QueryResultBuilder.addRows(QueryResult.java:230)
	at com.teradata.tempto.query.QueryResult.forResultSet(QueryResult.java:178)
	at com.teradata.tempto.query.JdbcQueryExecutor.executeQueryNoParams(JdbcQueryExecutor.java:102)
	at com.teradata.tempto.query.JdbcQueryExecutor.execute(JdbcQueryExecutor.java:85)
	at com.teradata.tempto.query.JdbcQueryExecutor.executeQuery(JdbcQueryExecutor.java:62)
	at com.teradata.tempto.internal.convention.sql.SqlQueryConventionBasedTest.runTestQuery(SqlQueryConventionBasedTest.java:116)
	at com.teradata.tempto.internal.convention.sql.SqlQueryConventionBasedTest.test(SqlQueryConventionBasedTest.java:94)
	at com.teradata.tempto.internal.convention.ConventionBasedTestProxyGenerator$ConventionBasedTestProxy.test(ConventionBasedTestProxyGenerator.java:120)
	at com.teradata.tempto.allRows.query_2(Unknown Source)
	at com.teradata.tempto.runner.TemptoRunner.run(TemptoRunner.java:81)
	at com.teradata.tempto.runner.TemptoRunner.runTempto(TemptoRunner.java:59)
	at com.teradata.tempto.runner.TemptoRunner.runTempto(TemptoRunner.java:47)
	at com.teradata.tempto.examples.TemptoExamples.main(TemptoExamples.java:30)
... Removed 21 stack frames</div></td></tr></table><p class="totop"><a href="#summary">back to summary</a></p><h3 id="m2">com.teradata.tempto.examples.ExampleSshClientUsage#longRunningCommandTimeout</h3><table class="result"><tr><th>Exception</th></tr><tr><td><div class="stacktrace">java.lang.AssertionError: 
Expecting:
 &lt;&quot;com.jcraft.jsch.JSchException: Auth fail&quot;&gt;
to contain:
 &lt;&quot;did not finish within given timeout&quot;&gt; 
	at com.teradata.tempto.examples.ExampleSshClientUsage.longRunningCommandTimeout(ExampleSshClientUsage.java:79)
	at com.teradata.tempto.runner.TemptoRunner.run(TemptoRunner.java:81)
	at com.teradata.tempto.runner.TemptoRunner.runTempto(TemptoRunner.java:59)
	at com.teradata.tempto.runner.TemptoRunner.runTempto(TemptoRunner.java:47)
	at com.teradata.tempto.examples.TemptoExamples.main(TemptoExamples.java:30)
... Removed 21 stack frames</div></td></tr></table><p class="totop"><a href="#summary">back to summary</a></p><h3 id="m3">com.teradata.tempto.examples.ExampleSshClientUsage#sshClientUsage</h3><table class="result"><tr><th>Exception</th></tr><tr><td><div class="stacktrace">java.lang.RuntimeException: com.jcraft.jsch.JSchException: Auth fail
	at com.teradata.tempto.internal.ssh.JSchSshClient.upload(JSchSshClient.java:98)
	at com.teradata.tempto.examples.ExampleSshClientUsage.sshClientUsage(ExampleSshClientUsage.java:52)
	at com.teradata.tempto.runner.TemptoRunner.run(TemptoRunner.java:81)
	at com.teradata.tempto.runner.TemptoRunner.runTempto(TemptoRunner.java:59)
	at com.teradata.tempto.runner.TemptoRunner.runTempto(TemptoRunner.java:47)
	at com.teradata.tempto.examples.TemptoExamples.main(TemptoExamples.java:30)
Caused by: com.jcraft.jsch.JSchException: Auth fail
	at com.jcraft.jsch.Session.connect(Session.java:512)
	at com.jcraft.jsch.Session.connect(Session.java:183)
	at com.teradata.tempto.internal.ssh.JSchSshClient.getActiveSession(JSchSshClient.java:78)
	at com.teradata.tempto.internal.ssh.JSchSshClient.upload(JSchSshClient.java:88)
	... 26 more
... Removed 21 stack frames</div></td></tr></table><p class="totop"><a href="#summary">back to summary</a></p><h3 id="m4">com.teradata.tempto.examples.SimpleQueryTest#createAndDropMutableTable</h3><table class="result"><tr><th>Exception</th></tr><tr><td><div class="stacktrace">java.lang.RuntimeException: error invoking methods annotated with com.teradata.tempto.AfterTestWithContext
	at com.teradata.tempto.internal.initialization.TestInitializationListener.invokeMethodsAnnotatedWith(TestInitializationListener.java:277)
	at com.teradata.tempto.internal.initialization.TestInitializationListener.runAfterWithContextMethods(TestInitializationListener.java:266)
	at com.teradata.tempto.internal.initialization.TestInitializationListener.onTestFinished(TestInitializationListener.java:244)
	at com.teradata.tempto.internal.initialization.TestInitializationListener.onTestSuccess(TestInitializationListener.java:219)
	at com.teradata.tempto.runner.TemptoRunner.run(TemptoRunner.java:81)
	at com.teradata.tempto.runner.TemptoRunner.runTempto(TemptoRunner.java:59)
	at com.teradata.tempto.runner.TemptoRunner.runTempto(TemptoRunner.java:47)
	at com.teradata.tempto.examples.TemptoExamples.main(TemptoExamples.java:30)
	at com.teradata.tempto.internal.initialization.TestInitializationListener.invokeMethodsAnnotatedWith(TestInitializationListener.java:274)
	... 25 more
Caused by: org.junit.ComparisonFailure: expected:&lt;[tru]e&gt; but was:&lt;[fals]e&gt;
	at com.teradata.tempto.examples.SimpleQueryTest.afterTest(SimpleQueryTest.java:87)
	... 30 more
... Removed 26 stack frames</div></td></tr></table><p class="totop"><a href="#summary">back to summary</a></p><h3 id="m5">com.teradata.tempto.examples.SimpleQueryTest#failingTest</h3><table class="result"><tr><th>Exception</th></tr><tr><td><div class="stacktrace">java.lang.RuntimeException: error invoking methods annotated with com.teradata.tempto.AfterTestWithContext
	at com.teradata.tempto.internal.initialization.TestInitializationListener.invokeMethodsAnnotatedWith(TestInitializationListener.java:277)
	at com.teradata.tempto.internal.initialization.TestInitializationListener.runAfterWithContextMethods(TestInitializationListener.java:266)
	at com.teradata.tempto.internal.initialization.TestInitializationListener.onTestFinished(TestInitializationListener.java:244)
	at com.teradata.tempto.internal.initialization.TestInitializationListener.onTestFailure(TestInitializationListener.java:226)
	at com.teradata.tempto.runner.TemptoRunner.run(TemptoRunner.java:81)
	at com.teradata.tempto.runner.TemptoRunner.runTempto(TemptoRunner.java:59)
	at com.teradata.tempto.runner.TemptoRunner.runTempto(TemptoRunner.java:47)
	at com.teradata.tempto.examples.TemptoExamples.main(TemptoExamples.java:30)
	at com.teradata.tempto.internal.initialization.TestInitializationListener.invokeMethodsAnnotatedWith(TestInitializationListener.java:274)
	... 25 more
Caused by: org.junit.ComparisonFailure: expected:&lt;[tru]e&gt; but was:&lt;[fals]e&gt;
	at com.teradata.tempto.examples.SimpleQueryTest.afterTest(SimpleQueryTest.java:87)
	... 30 more
... Removed 26 stack frames</div></td></tr></table><p class="totop"><a href="#summary">back to summary</a></p><h3 id="m6">com.teradata.tempto.examples.SimpleQueryTest#selectAllFromMultipleTables</h3><table class="result"><tr><th>Exception</th></tr><tr><td><div class="stacktrace">java.lang.RuntimeException: error invoking methods annotated with com.teradata.tempto.AfterTestWithContext
	at com.teradata.tempto.internal.initialization.TestInitializationListener.invokeMethodsAnnotatedWith(TestInitializationListener.java:277)
	at com.teradata.tempto.internal.initialization.TestInitializationListener.runAfterWithContextMethods(TestInitializationListener.java:266)
	at com.teradata.tempto.internal.initialization.TestInitializationListener.onTestFinished(TestInitializationListener.java:244)
	at com.teradata.tempto.internal.initialization.TestInitializationListener.onTestFailure(TestInitializationListener.java:226)
	at com.teradata.tempto.runner.TemptoRunner.run(TemptoRunner.java:81)
	at com.teradata.tempto.runner.TemptoRunner.runTempto(TemptoRunner.java:59)
	at com.teradata.tempto.runner.TemptoRunner.runTempto(TemptoRunner.java:47)
	at com.teradata.tempto.examples.TemptoExamples.main(TemptoExamples.java:30)
	at com.teradata.tempto.internal.initialization.TestInitializationListener.invokeMethodsAnnotatedWith(TestInitializationListener.java:274)
	... 25 more
Caused by: org.junit.ComparisonFailure: expected:&lt;[tru]e&gt; but was:&lt;[fals]e&gt;
	at com.teradata.tempto.examples.SimpleQueryTest.afterTest(SimpleQueryTest.java:87)
	... 30 more
... Removed 26 stack frames</div></td></tr></table><p class="totop"><a href="#summary">back to summary</a></p><h3 id="m7">com.teradata.tempto.examples.SimpleQueryTest#selectAllFromMultipleTables</h3><table class="result"><tr><th>Exception</th></tr><tr><td><div class="stacktrace">java.lang.RuntimeException: error invoking methods annotated with com.teradata.tempto.AfterTestWithContext
	at com.teradata.tempto.internal.initialization.TestInitializationListener.invokeMethodsAnnotatedWith(TestInitializationListener.java:277)
	at com.teradata.tempto.internal.initialization.TestInitializationListener.runAfterWithContextMethods(TestInitializationListener.java:266)
	at com.teradata.tempto.internal.initialization.TestInitializationListener.onTestFinished(TestInitializationListener.java:244)
	at com.teradata.tempto.internal.initialization.TestInitializationListener.onTestFailure(TestInitializationListener.java:226)
	at com.teradata.tempto.runner.TemptoRunner.run(TemptoRunner.java:81)
	at com.teradata.tempto.runner.TemptoRunner.runTempto(TemptoRunner.java:59)
	at com.teradata.tempto.runner.TemptoRunner.runTempto(TemptoRunner.java:47)
	at com.teradata.tempto.examples.TemptoExamples.main(TemptoExamples.java:30)
	at com.teradata.tempto.internal.initialization.TestInitializationListener.invokeMethodsAnnotatedWith(TestInitializationListener.java:274)
	... 25 more
Caused by: org.junit.ComparisonFailure: expected:&lt;[tru]e&gt; but was:&lt;[fals]e&gt;
	at com.teradata.tempto.examples.SimpleQueryTest.afterTest(SimpleQueryTest.java:87)
	... 30 more
... Removed 26 stack frames</div></td></tr></table><p class="totop"><a href="#summary">back to summary</a></p><h3 id="m8">com.teradata.tempto.examples.SimpleQueryTest#selectAllFromNation</h3><table class="result"><tr><th>Exception</th></tr><tr><td><div class="stacktrace">java.lang.RuntimeException: error invoking methods annotated with com.teradata.tempto.AfterTestWithContext
	at com.teradata.tempto.internal.initialization.TestInitializationListener.invokeMethodsAnnotatedWith(TestInitializationListener.java:277)
	at com.teradata.tempto.internal.initialization.TestInitializationListener.runAfterWithContextMethods(TestInitializationListener.java:266)
	at com.teradata.tempto.internal.initialization.TestInitializationListener.onTestFinished(TestInitializationListener.java:244)
	at com.teradata.tempto.internal.initialization.TestInitializationListener.onTestFailure(TestInitializationListener.java:226)
	at com.teradata.tempto.runner.TemptoRunner.run(TemptoRunner.java:81)
	at com.teradata.tempto.runner.TemptoRunner.runTempto(TemptoRunner.java:59)
	at com.teradata.tempto.runner.TemptoRunner.runTempto(TemptoRunner.java:47)
	at com.teradata.tempto.examples.TemptoExamples.main(TemptoExamples.java:30)
	at com.teradata.tempto.internal.initialization.TestInitializationListener.invokeMethodsAnnotatedWith(TestInitializationListener.java:274)
	... 25 more
Caused by: org.junit.ComparisonFailure: expected:&lt;[tru]e&gt; but was:&lt;[fals]e&gt;
	at com.teradata.tempto.examples.SimpleQueryTest.afterTest(SimpleQueryTest.java:87)
	... 30 more
... Removed 26 stack frames</div></td></tr></table><p class="totop"><a href="#summary">back to summary</a></p><h3 id="m9">com.teradata.tempto.examples.SimpleQueryTest#selectCountFromNation</h3><table class="result"><tr><th>Exception</th></tr><tr><td><div class="stacktrace">java.lang.RuntimeException: error invoking methods annotated with com.teradata.tempto.AfterTestWithContext
	at com.teradata.tempto.internal.initialization.TestInitializationListener.invokeMethodsAnnotatedWith(TestInitializationListener.java:277)
	at com.teradata.tempto.internal.initialization.TestInitializationListener.runAfterWithContextMethods(TestInitializationListener.java:266)
	at com.teradata.tempto.internal.initialization.TestInitializationListener.onTestFinished(TestInitializationListener.java:244)
	at com.teradata.tempto.internal.initialization.TestInitializationListener.onTestFailure(TestInitializationListener.java:226)
	at com.teradata.tempto.runner.TemptoRunner.run(TemptoRunner.java:81)
	at com.teradata.tempto.runner.TemptoRunner.runTempto(TemptoRunner.java:59)
	at com.teradata.tempto.runner.TemptoRunner.runTempto(TemptoRunner.java:47)
	at com.teradata.tempto.examples.TemptoExamples.main(TemptoExamples.java:30)
	at com.teradata.tempto.internal.initialization.TestInitializationListener.invokeMethodsAnnotatedWith(TestInitializationListener.java:274)
	... 25 more
Caused by: org.junit.ComparisonFailure: expected:&lt;[tru]e&gt; but was:&lt;[fals]e&gt;
	at com.teradata.tempto.examples.SimpleQueryTest.afterTest(SimpleQueryTest.java:87)
	... 30 more
... Removed 26 stack frames</div></td></tr></table><p class="totop"><a href="#summary">back to summary</a></p><h3 id="m10">com.teradata.tempto.examples.TpchDataSourceTest#testDataSource</h3><table class="result"><tr><th>Exception</th></tr><tr><td><div class="stacktrace">org.junit.ComparisonFailure: expected:&lt;&quot;/tempto/tpch/sf-1[,]00/REGION&quot;&gt; but was:&lt;&quot;/tempto/tpch/sf-1[_]00/REGION&quot;&gt;
	at com.teradata.tempto.examples.TpchDataSourceTest.testDataSource(TpchDataSourceTest.java:43)
	at com.teradata.tempto.runner.TemptoRunner.run(TemptoRunner.java:81)
	at com.teradata.tempto.runner.TemptoRunner.runTempto(TemptoRunner.java:59)
	at com.teradata.tempto.runner.TemptoRunner.runTempto(TemptoRunner.java:47)
	at com.teradata.tempto.examples.TemptoExamples.main(TemptoExamples.java:30)
... Removed 24 stack frames</div></td></tr></table><p class="totop"><a href="#summary">back to summary</a></p><h3 id="m11">com.teradata.tempto.nation#generated_nation</h3><table class="result"><tr><th>Exception</th></tr><tr><td><div class="stacktrace">java.lang.NoClassDefFoundError: com/facebook/presto/hive/$internal/com/google/common/primitives/Ints
	at org.apache.hive.service.cli.Column.&lt;init&gt;(Column.java:149)
	at org.apache.hive.service.cli.ColumnBasedSet.&lt;init&gt;(ColumnBasedSet.java:51)
	at org.apache.hive.service.cli.RowSetFactory.create(RowSetFactory.java:37)
	at org.apache.hive.jdbc.HiveQueryResultSet.next(HiveQueryResultSet.java:333)
	at com.teradata.tempto.query.QueryResult$QueryResultBuilder.addRows(QueryResult.java:230)
	at com.teradata.tempto.query.QueryResult.forResultSet(QueryResult.java:178)
	at com.teradata.tempto.query.JdbcQueryExecutor.executeQueryNoParams(JdbcQueryExecutor.java:102)
	at com.teradata.tempto.query.JdbcQueryExecutor.execute(JdbcQueryExecutor.java:85)
	at com.teradata.tempto.query.JdbcQueryExecutor.executeQuery(JdbcQueryExecutor.java:62)
	at com.teradata.tempto.internal.convention.sql.SqlQueryConventionBasedTest.runTestQuery(SqlQueryConventionBasedTest.java:116)
	at com.teradata.tempto.internal.convention.sql.SqlQueryConventionBasedTest.test(SqlQueryConventionBasedTest.java:94)
	at com.teradata.tempto.internal.convention.ConventionBasedTestProxyGenerator$ConventionBasedTestProxy.test(ConventionBasedTestProxyGenerator.java:120)
	at com.teradata.tempto.nation.generated_nation(Unknown Source)
	at com.teradata.tempto.runner.TemptoRunner.run(TemptoRunner.java:81)
	at com.teradata.tempto.runner.TemptoRunner.runTempto(TemptoRunner.java:59)
	at com.teradata.tempto.runner.TemptoRunner.runTempto(TemptoRunner.java:47)
	at com.teradata.tempto.examples.TemptoExamples.main(TemptoExamples.java:30)
... Removed 21 stack frames</div></td></tr></table><p class="totop"><a href="#summary">back to summary</a></p><h3 id="m12">com.teradata.tempto.sample_hive_table#allRows</h3><table class="result"><tr><th>Exception</th></tr><tr><td><div class="stacktrace">java.lang.NoClassDefFoundError: com/facebook/presto/hive/$internal/com/google/common/primitives/Ints
	at org.apache.hive.service.cli.Column.&lt;init&gt;(Column.java:149)
	at org.apache.hive.service.cli.ColumnBasedSet.&lt;init&gt;(ColumnBasedSet.java:51)
	at org.apache.hive.service.cli.RowSetFactory.create(RowSetFactory.java:37)
	at org.apache.hive.jdbc.HiveQueryResultSet.next(HiveQueryResultSet.java:333)
	at com.teradata.tempto.query.QueryResult$QueryResultBuilder.addRows(QueryResult.java:230)
	at com.teradata.tempto.query.QueryResult.forResultSet(QueryResult.java:178)
	at com.teradata.tempto.query.JdbcQueryExecutor.executeQueryNoParams(JdbcQueryExecutor.java:102)
	at com.teradata.tempto.query.JdbcQueryExecutor.execute(JdbcQueryExecutor.java:85)
	at com.teradata.tempto.query.JdbcQueryExecutor.executeQuery(JdbcQueryExecutor.java:62)
	at com.teradata.tempto.internal.convention.sql.SqlQueryConventionBasedTest.runTestQuery(SqlQueryConventionBasedTest.java:116)
	at com.teradata.tempto.internal.convention.sql.SqlQueryConventionBasedTest.test(SqlQueryConventionBasedTest.java:94)
	at com.teradata.tempto.internal.convention.ConventionBasedTestProxyGenerator$ConventionBasedTestProxy.test(ConventionBasedTestProxyGenerator.java:120)
	at com.teradata.tempto.sample_hive_table.allRows(Unknown Source)
	at com.teradata.tempto.runner.TemptoRunner.run(TemptoRunner.java:81)
	at com.teradata.tempto.runner.TemptoRunner.runTempto(TemptoRunner.java:59)
	at com.teradata.tempto.runner.TemptoRunner.runTempto(TemptoRunner.java:47)
	at com.teradata.tempto.examples.TemptoExamples.main(TemptoExamples.java:30)
... Removed 21 stack frames</div></td></tr></table><p class="totop"><a href="#summary">back to summary</a></p><h3 id="m13">com.teradata.tempto.sample_presto_table#allRows</h3><table class="result"><tr><th>Exception</th></tr><tr><td><div class="stacktrace">com.teradata.tempto.query.QueryExecutionException: java.sql.SQLException: Error executing query
	at com.teradata.tempto.query.JdbcQueryExecutor.execute(JdbcQueryExecutor.java:92)
	at com.teradata.tempto.query.JdbcQueryExecutor.executeQuery(JdbcQueryExecutor.java:62)
	at com.teradata.tempto.internal.convention.sql.SqlQueryConventionBasedTest.runTestQuery(SqlQueryConventionBasedTest.java:116)
	at com.teradata.tempto.internal.convention.sql.SqlQueryConventionBasedTest.test(SqlQueryConventionBasedTest.java:94)
	at com.teradata.tempto.internal.convention.ConventionBasedTestProxyGenerator$ConventionBasedTestProxy.test(ConventionBasedTestProxyGenerator.java:120)
	at com.teradata.tempto.sample_presto_table.allRows(Unknown Source)
	at com.teradata.tempto.runner.TemptoRunner.run(TemptoRunner.java:81)
	at com.teradata.tempto.runner.TemptoRunner.runTempto(TemptoRunner.java:59)
	at com.teradata.tempto.runner.TemptoRunner.runTempto(TemptoRunner.java:47)
	at com.teradata.tempto.examples.TemptoExamples.main(TemptoExamples.java:30)
Caused by: java.sql.SQLException: Error executing query
	at com.facebook.presto.jdbc.PrestoStatement.executeQuery(PrestoStatement.java:54)
	at com.teradata.tempto.query.JdbcQueryExecutor.executeQueryNoParams(JdbcQueryExecutor.java:101)
	at com.teradata.tempto.query.JdbcQueryExecutor.execute(JdbcQueryExecutor.java:85)
	... 30 more
Caused by: com.facebook.presto.jdbc.internal.airlift.http.client.RuntimeIOException: Server refused connection: http://localhost:8080/v1/statement
	at com.facebook.presto.jdbc.internal.airlift.http.client.ResponseHandlerUtils.propagate(ResponseHandlerUtils.java:17)
	at com.facebook.presto.jdbc.internal.airlift.http.client.FullJsonResponseHandler.handleException(FullJsonResponseHandler.java:55)
	at com.facebook.presto.jdbc.internal.airlift.http.client.FullJsonResponseHandler.handleException(FullJsonResponseHandler.java:35)
	at com.facebook.presto.jdbc.internal.airlift.http.client.jetty.JettyHttpClient.execute(JettyHttpClient.java:297)
	at com.facebook.presto.jdbc.internal.client.StatementClient.&lt;init&gt;(StatementClient.java:96)
	at com.facebook.presto.jdbc.QueryExecutor.startQuery(QueryExecutor.java:63)
	at com.facebook.presto.jdbc.PrestoConnection.startQuery(PrestoConnection.java:588)
	at com.facebook.presto.jdbc.PrestoStatement.executeQuery(PrestoStatement.java:49)
	... 32 more
Caused by: java.net.ConnectException: Connection refused
	at sun.nio.ch.SocketChannelImpl.checkConnect(Native Method)
	at sun.nio.ch.SocketChannelImpl.finishConnect(SocketChannelImpl.java:717)
	at com.facebook.presto.jdbc.internal.jetty.io.SelectorManager.finishConnect(SelectorManager.java:340)
	at com.facebook.presto.jdbc.internal.jetty.io.SelectorManager$ManagedSelector.processConnect(SelectorManager.java:671)
	at com.facebook.presto.jdbc.internal.jetty.io.SelectorManager$ManagedSelector.processKey(SelectorManager.java:640)
	at com.facebook.presto.jdbc.internal.jetty.io.SelectorManager$ManagedSelector.select(SelectorManager.java:607)
	at com.facebook.presto.jdbc.internal.jetty.io.SelectorManager$ManagedSelector.run(SelectorManager.java:545)
	at com.facebook.presto.jdbc.internal.jetty.util.thread.NonBlockingThread.run(NonBlockingThread.java:52)
	at com.facebook.presto.jdbc.internal.jetty.util.thread.QueuedThreadPool.runJob(QueuedThreadPool.java:635)
	at com.facebook.presto.jdbc.internal.jetty.util.thread.QueuedThreadPool$3.run(QueuedThreadPool.java:555)
	at java.lang.Thread.run(Thread.java:745)
... Removed 21 stack frames</div></td></tr></table><p class="totop"><a href="#summary">back to summary</a></p><h3 id="m14">com.teradata.tempto.sample_presto_table#psqlOverPrestoAllRows</h3><table class="result"><tr><th>Exception</th></tr><tr><td><div class="stacktrace">com.teradata.tempto.query.QueryExecutionException: java.sql.SQLException: Error executing query
	at com.teradata.tempto.query.JdbcQueryExecutor.execute(JdbcQueryExecutor.java:92)
	at com.teradata.tempto.query.JdbcQueryExecutor.executeQuery(JdbcQueryExecutor.java:62)
	at com.teradata.tempto.internal.convention.sql.SqlQueryConventionBasedTest.runTestQuery(SqlQueryConventionBasedTest.java:116)
	at com.teradata.tempto.internal.convention.sql.SqlQueryConventionBasedTest.test(SqlQueryConventionBasedTest.java:94)
	at com.teradata.tempto.internal.convention.ConventionBasedTestProxyGenerator$ConventionBasedTestProxy.test(ConventionBasedTestProxyGenerator.java:120)
	at com.teradata.tempto.sample_presto_table.psqlOverPrestoAllRows(Unknown Source)
	at com.teradata.tempto.runner.TemptoRunner.run(TemptoRunner.java:81)
	at com.teradata.tempto.runner.TemptoRunner.runTempto(TemptoRunner.java:59)
	at com.teradata.tempto.runner.TemptoRunner.runTempto(TemptoRunner.java:47)
	at com.teradata.tempto.examples.TemptoExamples.main(TemptoExamples.java:30)
Caused by: java.sql.SQLException: Error executing query
	at com.facebook.presto.jdbc.PrestoStatement.executeQuery(PrestoStatement.java:54)
	at com.teradata.tempto.query.JdbcQueryExecutor.executeQueryNoParams(JdbcQueryExecutor.java:101)
	at com.teradata.tempto.query.JdbcQueryExecutor.execute(JdbcQueryExecutor.java:85)
	... 30 more
Caused by: com.facebook.presto.jdbc.internal.airlift.http.client.RuntimeIOException: Server refused connection: http://localhost:8080/v1/statement
	at com.facebook.presto.jdbc.internal.airlift.http.client.ResponseHandlerUtils.propagate(ResponseHandlerUtils.java:17)
	at com.facebook.presto.jdbc.internal.airlift.http.client.FullJsonResponseHandler.handleException(FullJsonResponseHandler.java:55)
	at com.facebook.presto.jdbc.internal.airlift.http.client.FullJsonResponseHandler.handleException(FullJsonResponseHandler.java:35)
	at com.facebook.presto.jdbc.internal.airlift.http.client.jetty.JettyHttpClient.execute(JettyHttpClient.java:297)
	at com.facebook.presto.jdbc.internal.client.StatementClient.&lt;init&gt;(StatementClient.java:96)
	at com.facebook.presto.jdbc.QueryExecutor.startQuery(QueryExecutor.java:63)
	at com.facebook.presto.jdbc.PrestoConnection.startQuery(PrestoConnection.java:588)
	at com.facebook.presto.jdbc.PrestoStatement.executeQuery(PrestoStatement.java:49)
	... 32 more
Caused by: java.net.ConnectException: Connection refused
	at sun.nio.ch.SocketChannelImpl.checkConnect(Native Method)
	at sun.nio.ch.SocketChannelImpl.finishConnect(SocketChannelImpl.java:717)
	at com.facebook.presto.jdbc.internal.jetty.io.SelectorManager.finishConnect(SelectorManager.java:340)
	at com.facebook.presto.jdbc.internal.jetty.io.SelectorManager$ManagedSelector.processConnect(SelectorManager.java:671)
	at com.facebook.presto.jdbc.internal.jetty.io.SelectorManager$ManagedSelector.processKey(SelectorManager.java:640)
	at com.facebook.presto.jdbc.internal.jetty.io.SelectorManager$ManagedSelector.select(SelectorManager.java:607)
	at com.facebook.presto.jdbc.internal.jetty.io.SelectorManager$ManagedSelector.run(SelectorManager.java:545)
	at com.facebook.presto.jdbc.internal.jetty.util.thread.NonBlockingThread.run(NonBlockingThread.java:52)
	at com.facebook.presto.jdbc.internal.jetty.util.thread.QueuedThreadPool.runJob(QueuedThreadPool.java:635)
	at com.facebook.presto.jdbc.internal.jetty.util.thread.QueuedThreadPool$3.run(QueuedThreadPool.java:555)
	at java.lang.Thread.run(Thread.java:745)
... Removed 21 stack frames</div></td></tr></table><p class="totop"><a href="#summary">back to summary</a></p><h3 id="m15">com.teradata.tempto.sample_table_insert#insert_0</h3><table class="result"><tr><th>Exception</th></tr><tr><td><div class="stacktrace">java.lang.NoClassDefFoundError: com/facebook/presto/hive/$internal/com/google/common/primitives/Ints
	at org.apache.hive.service.cli.Column.&lt;init&gt;(Column.java:149)
	at org.apache.hive.service.cli.ColumnBasedSet.&lt;init&gt;(ColumnBasedSet.java:51)
	at org.apache.hive.service.cli.RowSetFactory.create(RowSetFactory.java:37)
	at org.apache.hive.jdbc.HiveQueryResultSet.next(HiveQueryResultSet.java:333)
	at com.teradata.tempto.query.QueryResult$QueryResultBuilder.addRows(QueryResult.java:230)
	at com.teradata.tempto.query.QueryResult.forResultSet(QueryResult.java:178)
	at com.teradata.tempto.query.JdbcQueryExecutor.executeQueryNoParams(JdbcQueryExecutor.java:102)
	at com.teradata.tempto.query.JdbcQueryExecutor.execute(JdbcQueryExecutor.java:85)
	at com.teradata.tempto.query.JdbcQueryExecutor.executeQuery(JdbcQueryExecutor.java:62)
	at com.teradata.tempto.internal.convention.sql.SqlQueryConventionBasedTest.runTestQuery(SqlQueryConventionBasedTest.java:116)
	at com.teradata.tempto.internal.convention.sql.SqlQueryConventionBasedTest.test(SqlQueryConventionBasedTest.java:94)
	at com.teradata.tempto.internal.convention.ConventionBasedTestProxyGenerator$ConventionBasedTestProxy.test(ConventionBasedTestProxyGenerator.java:120)
	at com.teradata.tempto.sample_table_insert.insert_0(Unknown Source)
	at com.teradata.tempto.runner.TemptoRunner.run(TemptoRunner.java:81)
	at com.teradata.tempto.runner.TemptoRunner.runTempto(TemptoRunner.java:59)
	at com.teradata.tempto.runner.TemptoRunner.runTempto(TemptoRunner.java:47)
	at com.teradata.tempto.examples.TemptoExamples.main(TemptoExamples.java:30)
... Removed 21 stack frames</div></td></tr></table><p class="totop"><a href="#summary">back to summary</a></p><h3 id="m16">com.teradata.tempto.sample_table_insert#insert_1</h3><table class="result"><tr><th>Exception</th></tr><tr><td><div class="stacktrace">java.lang.RuntimeException: freemarker.core.InvalidReferenceException: The following has evaluated to null or missing:
==&gt; mutableTables.sample_table_prepared  [in template &quot;name&quot; at line 1, column 17]

----
Tip: It&apos;s the step after the last dot that caused this error, not those before it.
----
Tip: If the failing expression is known to be legally refer to something that&apos;s null or missing, either specify a default value like myOptionalVar!myDefault, or use &lt;#if myOptionalVar??&gt;when-present&lt;#else&gt;when-missing&lt;/#if&gt;. (These only cover the last step of the expression; to cover the whole expression, use parenthesis: (myOptionalVar.foo)!myDefault, (myOptionalVar.foo)??
----

----
FTL stack trace (&quot;~&quot; means nesting-related):
	- Failed at: ${mutableTables.sample_table_prepared}  [in template &quot;name&quot; at line 1, column 15]
----
	at com.teradata.tempto.internal.convention.sql.SqlQueryConventionBasedTest.resolveTemplates(SqlQueryConventionBasedTest.java:139)
	at com.teradata.tempto.internal.convention.sql.SqlQueryConventionBasedTest.runTestQuery(SqlQueryConventionBasedTest.java:115)
	at com.teradata.tempto.internal.convention.sql.SqlQueryConventionBasedTest.test(SqlQueryConventionBasedTest.java:94)
	at com.teradata.tempto.internal.convention.ConventionBasedTestProxyGenerator$ConventionBasedTestProxy.test(ConventionBasedTestProxyGenerator.java:120)
	at com.teradata.tempto.sample_table_insert.insert_1(Unknown Source)
	at com.teradata.tempto.runner.TemptoRunner.run(TemptoRunner.java:81)
	at com.teradata.tempto.runner.TemptoRunner.runTempto(TemptoRunner.java:59)
	at com.teradata.tempto.runner.TemptoRunner.runTempto(TemptoRunner.java:47)
	at com.teradata.tempto.examples.TemptoExamples.main(TemptoExamples.java:30)
Caused by: freemarker.core.InvalidReferenceException: The following has evaluated to null or missing:
==&gt; mutableTables.sample_table_prepared  [in template &quot;name&quot; at line 1, column 17]

----
Tip: It&apos;s the step after the last dot that caused this error, not those before it.
----
Tip: If the failing expression is known to be legally refer to something that&apos;s null or missing, either specify a default value like myOptionalVar!myDefault, or use &lt;#if myOptionalVar??&gt;when-present&lt;#else&gt;when-missing&lt;/#if&gt;. (These only cover the last step of the expression; to cover the whole expression, use parenthesis: (myOptionalVar.foo)!myDefault, (myOptionalVar.foo)??
----

----
FTL stack trace (&quot;~&quot; means nesting-related):
	- Failed at: ${mutableTables.sample_table_prepared}  [in template &quot;name&quot; at line 1, column 15]
----
	at freemarker.core.InvalidReferenceException.getInstance(InvalidReferenceException.java:116)
	at freemarker.core.EvalUtil.coerceModelToString(EvalUtil.java:346)
	at freemarker.core.Expression.evalAndCoerceToString(Expression.java:82)
	at freemarker.core.DollarVariable.accept(DollarVariable.java:40)
	at freemarker.core.Environment.visit(Environment.java:312)
	at freemarker.core.MixedContent.accept(MixedContent.java:62)
	at freemarker.core.Environment.visit(Environment.java:312)
	at freemarker.core.Environment.process(Environment.java:290)
	at freemarker.template.Template.process(Template.java:312)
	at com.teradata.tempto.internal.convention.sql.SqlQueryConventionBasedTest.resolveTemplates(SqlQueryConventionBasedTest.java:133)
	... 29 more
... Removed 21 stack frames</div></td></tr></table><p class="totop"><a href="#summary">back to summary</a></p><h3 id="m17">com.teradata.tempto.examples.ExampleSshClientUsage#dynamicSshClient</h3><table class="result"></table><p class="totop"><a href="#summary">back to summary</a></p><h3 id="m18">com.teradata.tempto.examples.InjectionTest#testInjection</h3><table class="result"></table><p class="totop"><a href="#summary">back to summary</a></p><h3 id="m19">com.teradata.tempto.examples.PostgresqlQueryTest#selectFromImmutableTable</h3><table class="result"></table><p class="totop"><a href="#summary">back to summary</a></p><h3 id="m20">com.teradata.tempto.examples.PostgresqlQueryTest#selectFromMutableTable</h3><table class="result"></table><p class="totop"><a href="#summary">back to summary</a></p><h3 id="m21">com.teradata.tempto.sample_psql_table#allRows</h3><table class="result"></table><p class="totop"><a href="#summary">back to summary</a></p><h3 id="m22">com.teradata.tempto.sample_psql_table#allRowsOnPsql2</h3><table class="result"></table><p class="totop"><a href="#summary">back to summary</a></p></body></html>