<!DOCTYPE html>

<html>
  <head>
  <title>TestNG reports</title>

    <link type="text/css" href="testng-reports.css" rel="stylesheet" />  
    <script type="text/javascript" src="jquery-1.7.1.min.js"></script>
    <script type="text/javascript" src="testng-reports.js"></script>
    <script type="text/javascript" src="https://www.google.com/jsapi"></script>
    <script type='text/javascript'>
      google.load('visualization', '1', {packages:['table']});
      google.setOnLoadCallback(drawTable);
      var suiteTableInitFunctions = new Array();
      var suiteTableData = new Array();
    </script>
    <!--
      <script type="text/javascript" src="jquery-ui/js/jquery-ui-1.8.16.custom.min.js"></script>
     -->
  </head>

  <body>
    <div class="top-banner-root">
      <span class="top-banner-title-font">Test results</span>
      <br/>
      <span class="top-banner-font-1">1 suite, 17 failed tests</span>
    </div> <!-- top-banner-root -->
    <div class="navigator-root">
      <div class="navigator-suite-header">
        <span>All suites</span>
        <a href="#" class="collapse-all-link" title="Collapse/expand all the suites">
          <img class="collapse-all-icon" src="collapseall.gif">
          </img> <!-- collapse-all-icon -->
        </a> <!-- collapse-all-link -->
      </div> <!-- navigator-suite-header -->
      <div class="suite">
        <div class="rounded-window">
          <div class="suite-header light-rounded-window-top">
            <a href="#" class="navigator-link" panel-name="suite-tempto-tests">
              <span class="suite-name border-failed">tempto-tests</span>
            </a> <!-- navigator-link -->
          </div> <!-- suite-header light-rounded-window-top -->
          <div class="navigator-suite-content">
            <div class="suite-section-title">
              <span>Info</span>
            </div> <!-- suite-section-title -->
            <div class="suite-section-content">
              <ul>
                <li>
                  <a href="#" class="navigator-link " panel-name="test-xml-tempto-tests">
                    <span>tempto-tests</span>
                  </a> <!-- navigator-link  -->
                </li>
                <li>
                  <a href="#" class="navigator-link " panel-name="testlist-tempto-tests">
                    <span class="test-stats">1 test</span>
                  </a> <!-- navigator-link  -->
                </li>
                <li>
                  <a href="#" class="navigator-link " panel-name="group-tempto-tests">
                    <span>13 groups</span>
                  </a> <!-- navigator-link  -->
                </li>
                <li>
                  <a href="#" class="navigator-link " panel-name="times-tempto-tests">
                    <span>Times</span>
                  </a> <!-- navigator-link  -->
                </li>
                <li>
                  <a href="#" class="navigator-link " panel-name="reporter-tempto-tests">
                    <span>Reporter output</span>
                  </a> <!-- navigator-link  -->
                </li>
                <li>
                  <a href="#" class="navigator-link " panel-name="ignored-methods-tempto-tests">
                    <span>Ignored methods</span>
                  </a> <!-- navigator-link  -->
                </li>
                <li>
                  <a href="#" class="navigator-link " panel-name="chronological-tempto-tests">
                    <span>Chronological view</span>
                  </a> <!-- navigator-link  -->
                </li>
              </ul>
            </div> <!-- suite-section-content -->
            <div class="result-section">
              <div class="suite-section-title">
                <span>Results</span>
              </div> <!-- suite-section-title -->
              <div class="suite-section-content">
                <ul>
                  <li>
                    <span class="method-stats">23 methods, 17 failed,   6 passed</span>
                  </li>
                  <li>
                    <span class="method-list-title failed">Failed methods</span>
                    <span class="show-or-hide-methods failed">
                      <a href="#" panel-name="suite-tempto-tests" class="hide-methods failed suite-tempto-tests"> (hide)</a> <!-- hide-methods failed suite-tempto-tests -->
                      <a href="#" panel-name="suite-tempto-tests" class="show-methods failed suite-tempto-tests"> (show)</a> <!-- show-methods failed suite-tempto-tests -->
                    </span>
                    <div class="method-list-content failed suite-tempto-tests">
                      <span>
                        <img width="3%" src="failed.png"/>
                        <a href="#" class="method navigator-link" panel-name="suite-tempto-tests" title="com.teradata.tempto.sample_presto_table" hash-for-method="allRows">allRows</a> <!-- method navigator-link -->
                      </span>
                      <br/>
                      <span>
                        <img width="3%" src="failed.png"/>
                        <a href="#" class="method navigator-link" panel-name="suite-tempto-tests" title="com.teradata.tempto.sample_hive_table" hash-for-method="allRows">allRows</a> <!-- method navigator-link -->
                      </span>
                      <br/>
                      <span>
                        <img width="3%" src="failed.png"/>
                        <a href="#" class="method navigator-link" panel-name="suite-tempto-tests" title="com.teradata.tempto.examples.SimpleQueryTest" hash-for-method="createAndDropMutableTable">createAndDropMutableTable</a> <!-- method navigator-link -->
                      </span>
                      <br/>
                      <span>
                        <img width="3%" src="failed.png"/>
                        <a href="#" class="method navigator-link" panel-name="suite-tempto-tests" title="com.teradata.tempto.examples.SimpleQueryTest" hash-for-method="failingTest">failingTest</a> <!-- method navigator-link -->
                      </span>
                      <br/>
                      <span>
                        <img width="3%" src="failed.png"/>
                        <a href="#" class="method navigator-link" panel-name="suite-tempto-tests" title="com.teradata.tempto.nation" hash-for-method="generated_nation">generated_nation</a> <!-- method navigator-link -->
                      </span>
                      <br/>
                      <span>
                        <img width="3%" src="failed.png"/>
                        <a href="#" class="method navigator-link" panel-name="suite-tempto-tests" title="com.teradata.tempto.sample_table_insert" hash-for-method="insert_0">insert_0</a> <!-- method navigator-link -->
                      </span>
                      <br/>
                      <span>
                        <img width="3%" src="failed.png"/>
                        <a href="#" class="method navigator-link" panel-name="suite-tempto-tests" title="com.teradata.tempto.sample_table_insert" hash-for-method="insert_1">insert_1</a> <!-- method navigator-link -->
                      </span>
                      <br/>
                      <span>
                        <img width="3%" src="failed.png"/>
                        <a href="#" class="method navigator-link" panel-name="suite-tempto-tests" title="com.teradata.tempto.examples.ExampleSshClientUsage" hash-for-method="longRunningCommandTimeout">longRunningCommandTimeout</a> <!-- method navigator-link -->
                      </span>
                      <br/>
                      <span>
                        <img width="3%" src="failed.png"/>
                        <a href="#" class="method navigator-link" panel-name="suite-tempto-tests" title="com.teradata.tempto.sample_presto_table" hash-for-method="psqlOverPrestoAllRows">psqlOverPrestoAllRows</a> <!-- method navigator-link -->
                      </span>
                      <br/>
                      <span>
                        <img width="3%" src="failed.png"/>
                        <a href="#" class="method navigator-link" panel-name="suite-tempto-tests" title="com.teradata.tempto.allRows" hash-for-method="query_1">query_1</a> <!-- method navigator-link -->
                      </span>
                      <br/>
                      <span>
                        <img width="3%" src="failed.png"/>
                        <a href="#" class="method navigator-link" panel-name="suite-tempto-tests" title="com.teradata.tempto.allRows" hash-for-method="query_2">query_2</a> <!-- method navigator-link -->
                      </span>
                      <br/>
                      <span>
                        <img width="3%" src="failed.png"/>
                        <a href="#" class="method navigator-link" panel-name="suite-tempto-tests" title="com.teradata.tempto.examples.SimpleQueryTest" hash-for-method="selectAllFromMultipleTables">selectAllFromMultipleTables</a> <!-- method navigator-link -->
                      </span>
                      <br/>
                      <span>
                        <img width="3%" src="failed.png"/>
                        <a href="#" class="method navigator-link" panel-name="suite-tempto-tests" title="com.teradata.tempto.examples.SimpleQueryTest" hash-for-method="selectAllFromMultipleTables">selectAllFromMultipleTables</a> <!-- method navigator-link -->
                      </span>
                      <br/>
                      <span>
                        <img width="3%" src="failed.png"/>
                        <a href="#" class="method navigator-link" panel-name="suite-tempto-tests" title="com.teradata.tempto.examples.SimpleQueryTest" hash-for-method="selectAllFromNation">selectAllFromNation</a> <!-- method navigator-link -->
                      </span>
                      <br/>
                      <span>
                        <img width="3%" src="failed.png"/>
                        <a href="#" class="method navigator-link" panel-name="suite-tempto-tests" title="com.teradata.tempto.examples.SimpleQueryTest" hash-for-method="selectCountFromNation">selectCountFromNation</a> <!-- method navigator-link -->
                      </span>
                      <br/>
                      <span>
                        <img width="3%" src="failed.png"/>
                        <a href="#" class="method navigator-link" panel-name="suite-tempto-tests" title="com.teradata.tempto.examples.ExampleSshClientUsage" hash-for-method="sshClientUsage">sshClientUsage</a> <!-- method navigator-link -->
                      </span>
                      <br/>
                      <span>
                        <img width="3%" src="failed.png"/>
                        <a href="#" class="method navigator-link" panel-name="suite-tempto-tests" title="com.teradata.tempto.examples.TpchDataSourceTest" hash-for-method="testDataSource">testDataSource</a> <!-- method navigator-link -->
                      </span>
                      <br/>
                    </div> <!-- method-list-content failed suite-tempto-tests -->
                  </li>
                  <li>
                    <span class="method-list-title passed">Passed methods</span>
                    <span class="show-or-hide-methods passed">
                      <a href="#" panel-name="suite-tempto-tests" class="hide-methods passed suite-tempto-tests"> (hide)</a> <!-- hide-methods passed suite-tempto-tests -->
                      <a href="#" panel-name="suite-tempto-tests" class="show-methods passed suite-tempto-tests"> (show)</a> <!-- show-methods passed suite-tempto-tests -->
                    </span>
                    <div class="method-list-content passed suite-tempto-tests">
                      <span>
                        <img width="3%" src="passed.png"/>
                        <a href="#" class="method navigator-link" panel-name="suite-tempto-tests" title="com.teradata.tempto.sample_psql_table" hash-for-method="allRows">allRows</a> <!-- method navigator-link -->
                      </span>
                      <br/>
                      <span>
                        <img width="3%" src="passed.png"/>
                        <a href="#" class="method navigator-link" panel-name="suite-tempto-tests" title="com.teradata.tempto.sample_psql_table" hash-for-method="allRowsOnPsql2">allRowsOnPsql2</a> <!-- method navigator-link -->
                      </span>
                      <br/>
                      <span>
                        <img width="3%" src="passed.png"/>
                        <a href="#" class="method navigator-link" panel-name="suite-tempto-tests" title="com.teradata.tempto.examples.ExampleSshClientUsage" hash-for-method="dynamicSshClient">dynamicSshClient</a> <!-- method navigator-link -->
                      </span>
                      <br/>
                      <span>
                        <img width="3%" src="passed.png"/>
                        <a href="#" class="method navigator-link" panel-name="suite-tempto-tests" title="com.teradata.tempto.examples.PostgresqlQueryTest" hash-for-method="selectFromImmutableTable">selectFromImmutableTable</a> <!-- method navigator-link -->
                      </span>
                      <br/>
                      <span>
                        <img width="3%" src="passed.png"/>
                        <a href="#" class="method navigator-link" panel-name="suite-tempto-tests" title="com.teradata.tempto.examples.PostgresqlQueryTest" hash-for-method="selectFromMutableTable">selectFromMutableTable</a> <!-- method navigator-link -->
                      </span>
                      <br/>
                      <span>
                        <img width="3%" src="passed.png"/>
                        <a href="#" class="method navigator-link" panel-name="suite-tempto-tests" title="com.teradata.tempto.examples.InjectionTest" hash-for-method="testInjection">testInjection</a> <!-- method navigator-link -->
                      </span>
                      <br/>
                    </div> <!-- method-list-content passed suite-tempto-tests -->
                  </li>
                </ul>
              </div> <!-- suite-section-content -->
            </div> <!-- result-section -->
          </div> <!-- navigator-suite-content -->
        </div> <!-- rounded-window -->
      </div> <!-- suite -->
    </div> <!-- navigator-root -->
    <div class="wrapper">
      <div class="main-panel-root">
        <div panel-name="suite-tempto-tests" class="panel tempto-tests">
          <div class="suite-tempto-tests-class-failed">
            <div class="main-panel-header rounded-window-top">
              <img src="failed.png"/>
              <span class="class-name">com.teradata.tempto.sample_table_insert</span>
            </div> <!-- main-panel-header rounded-window-top -->
            <div class="main-panel-content rounded-window-bottom">
              <div class="method">
                <div class="method-content">
                  <a name="insert_1">
                  </a> <!-- insert_1 -->
                  <span class="method-name">insert_1</span>
                  <div class="stack-trace">java.lang.RuntimeException: freemarker.core.InvalidReferenceException: The following has evaluated to null or missing:
==&gt; mutableTables.sample_table_prepared  [in template &quot;name&quot; at line 1, column 17]

----
Tip: It&apos;s the step after the last dot that caused this error, not those before it.
----
Tip: If the failing expression is known to be legally refer to something that&apos;s null or missing, either specify a default value like myOptionalVar!myDefault, or use &lt;#if myOptionalVar??&gt;when-present&lt;#else&gt;when-missing&lt;/#if&gt;. (These only cover the last step of the expression; to cover the whole expression, use parenthesis: (myOptionalVar.foo)!myDefault, (myOptionalVar.foo)??
----

----
FTL stack trace (&quot;~&quot; means nesting-related):
	- Failed at: ${mutableTables.sample_table_prepared}  [in template &quot;name&quot; at line 1, column 15]
----
	at com.teradata.tempto.internal.convention.sql.SqlQueryConventionBasedTest.resolveTemplates(SqlQueryConventionBasedTest.java:139)
	at com.teradata.tempto.internal.convention.sql.SqlQueryConventionBasedTest.runTestQuery(SqlQueryConventionBasedTest.java:115)
	at com.teradata.tempto.internal.convention.sql.SqlQueryConventionBasedTest.test(SqlQueryConventionBasedTest.java:94)
	at com.teradata.tempto.internal.convention.ConventionBasedTestProxyGenerator$ConventionBasedTestProxy.test(ConventionBasedTestProxyGenerator.java:120)
	at com.teradata.tempto.sample_table_insert.insert_1(Unknown Source)
	at com.teradata.tempto.runner.TemptoRunner.run(TemptoRunner.java:81)
	at com.teradata.tempto.runner.TemptoRunner.runTempto(TemptoRunner.java:59)
	at com.teradata.tempto.runner.TemptoRunner.runTempto(TemptoRunner.java:47)
	at com.teradata.tempto.examples.TemptoExamples.main(TemptoExamples.java:30)
Caused by: freemarker.core.InvalidReferenceException: The following has evaluated to null or missing:
==&gt; mutableTables.sample_table_prepared  [in template &quot;name&quot; at line 1, column 17]

----
Tip: It&apos;s the step after the last dot that caused this error, not those before it.
----
Tip: If the failing expression is known to be legally refer to something that&apos;s null or missing, either specify a default value like myOptionalVar!myDefault, or use &lt;#if myOptionalVar??&gt;when-present&lt;#else&gt;when-missing&lt;/#if&gt;. (These only cover the last step of the expression; to cover the whole expression, use parenthesis: (myOptionalVar.foo)!myDefault, (myOptionalVar.foo)??
----

----
FTL stack trace (&quot;~&quot; means nesting-related):
	- Failed at: ${mutableTables.sample_table_prepared}  [in template &quot;name&quot; at line 1, column 15]
----
	at freemarker.core.InvalidReferenceException.getInstance(InvalidReferenceException.java:116)
	at freemarker.core.EvalUtil.coerceModelToString(EvalUtil.java:346)
	at freemarker.core.Expression.evalAndCoerceToString(Expression.java:82)
	at freemarker.core.DollarVariable.accept(DollarVariable.java:40)
	at freemarker.core.Environment.visit(Environment.java:312)
	at freemarker.core.MixedContent.accept(MixedContent.java:62)
	at freemarker.core.Environment.visit(Environment.java:312)
	at freemarker.core.Environment.process(Environment.java:290)
	at freemarker.template.Template.process(Template.java:312)
	at com.teradata.tempto.internal.convention.sql.SqlQueryConventionBasedTest.resolveTemplates(SqlQueryConventionBasedTest.java:133)
	... 29 more
... Removed 21 stack frames
</div> <!-- stack-trace -->
                </div> <!-- method-content -->
              </div> <!-- method -->
            </div> <!-- main-panel-content rounded-window-bottom -->
          </div> <!-- suite-tempto-tests-class-failed -->
          <div class="suite-tempto-tests-class-failed">
            <div class="main-panel-header rounded-window-top">
              <img src="failed.png"/>
              <span class="class-name">com.teradata.tempto.sample_table_insert</span>
            </div> <!-- main-panel-header rounded-window-top -->
            <div class="main-panel-content rounded-window-bottom">
              <div class="method">
                <div class="method-content">
                  <a name="insert_0">
                  </a> <!-- insert_0 -->
                  <span class="method-name">insert_0</span>
                  <div class="stack-trace">java.lang.NoClassDefFoundError: com/facebook/presto/hive/$internal/com/google/common/primitives/Ints
	at org.apache.hive.service.cli.Column.&lt;init&gt;(Column.java:149)
	at org.apache.hive.service.cli.ColumnBasedSet.&lt;init&gt;(ColumnBasedSet.java:51)
	at org.apache.hive.service.cli.RowSetFactory.create(RowSetFactory.java:37)
	at org.apache.hive.jdbc.HiveQueryResultSet.next(HiveQueryResultSet.java:333)
	at com.teradata.tempto.query.QueryResult$QueryResultBuilder.addRows(QueryResult.java:230)
	at com.teradata.tempto.query.QueryResult.forResultSet(QueryResult.java:178)
	at com.teradata.tempto.query.JdbcQueryExecutor.executeQueryNoParams(JdbcQueryExecutor.java:102)
	at com.teradata.tempto.query.JdbcQueryExecutor.execute(JdbcQueryExecutor.java:85)
	at com.teradata.tempto.query.JdbcQueryExecutor.executeQuery(JdbcQueryExecutor.java:62)
	at com.teradata.tempto.internal.convention.sql.SqlQueryConventionBasedTest.runTestQuery(SqlQueryConventionBasedTest.java:116)
	at com.teradata.tempto.internal.convention.sql.SqlQueryConventionBasedTest.test(SqlQueryConventionBasedTest.java:94)
	at com.teradata.tempto.internal.convention.ConventionBasedTestProxyGenerator$ConventionBasedTestProxy.test(ConventionBasedTestProxyGenerator.java:120)
	at com.teradata.tempto.sample_table_insert.insert_0(Unknown Source)
	at com.teradata.tempto.runner.TemptoRunner.run(TemptoRunner.java:81)
	at com.teradata.tempto.runner.TemptoRunner.runTempto(TemptoRunner.java:59)
	at com.teradata.tempto.runner.TemptoRunner.runTempto(TemptoRunner.java:47)
	at com.teradata.tempto.examples.TemptoExamples.main(TemptoExamples.java:30)
... Removed 21 stack frames
</div> <!-- stack-trace -->
                </div> <!-- method-content -->
              </div> <!-- method -->
            </div> <!-- main-panel-content rounded-window-bottom -->
          </div> <!-- suite-tempto-tests-class-failed -->
          <div class="suite-tempto-tests-class-failed">
            <div class="main-panel-header rounded-window-top">
              <img src="failed.png"/>
              <span class="class-name">com.teradata.tempto.allRows</span>
            </div> <!-- main-panel-header rounded-window-top -->
            <div class="main-panel-content rounded-window-bottom">
              <div class="method">
                <div class="method-content">
                  <a name="query_2">
                  </a> <!-- query_2 -->
                  <span class="method-name">query_2</span>
                  <div class="stack-trace">java.lang.NoClassDefFoundError: com/facebook/presto/hive/$internal/com/google/common/primitives/Ints
	at org.apache.hive.service.cli.Column.&lt;init&gt;(Column.java:149)
	at org.apache.hive.service.cli.ColumnBasedSet.&lt;init&gt;(ColumnBasedSet.java:51)
	at org.apache.hive.service.cli.RowSetFactory.create(RowSetFactory.java:37)
	at org.apache.hive.jdbc.HiveQueryResultSet.next(HiveQueryResultSet.java:333)
	at com.teradata.tempto.query.QueryResult$QueryResultBuilder.addRows(QueryResult.java:230)
	at com.teradata.tempto.query.QueryResult.forResultSet(QueryResult.java:178)
	at com.teradata.tempto.query.JdbcQueryExecutor.executeQueryNoParams(JdbcQueryExecutor.java:102)
	at com.teradata.tempto.query.JdbcQueryExecutor.execute(JdbcQueryExecutor.java:85)
	at com.teradata.tempto.query.JdbcQueryExecutor.executeQuery(JdbcQueryExecutor.java:62)
	at com.teradata.tempto.internal.convention.sql.SqlQueryConventionBasedTest.runTestQuery(SqlQueryConventionBasedTest.java:116)
	at com.teradata.tempto.internal.convention.sql.SqlQueryConventionBasedTest.test(SqlQueryConventionBasedTest.java:94)
	at com.teradata.tempto.internal.convention.ConventionBasedTestProxyGenerator$ConventionBasedTestProxy.test(ConventionBasedTestProxyGenerator.java:120)
	at com.teradata.tempto.allRows.query_2(Unknown Source)
	at com.teradata.tempto.runner.TemptoRunner.run(TemptoRunner.java:81)
	at com.teradata.tempto.runner.TemptoRunner.runTempto(TemptoRunner.java:59)
	at com.teradata.tempto.runner.TemptoRunner.runTempto(TemptoRunner.java:47)
	at com.teradata.tempto.examples.TemptoExamples.main(TemptoExamples.java:30)
... Removed 21 stack frames
</div> <!-- stack-trace -->
                </div> <!-- method-content -->
              </div> <!-- method -->
            </div> <!-- main-panel-content rounded-window-bottom -->
          </div> <!-- suite-tempto-tests-class-failed -->
          <div class="suite-tempto-tests-class-failed">
            <div class="main-panel-header rounded-window-top">
              <img src="failed.png"/>
              <span class="class-name">com.teradata.tempto.sample_presto_table</span>
            </div> <!-- main-panel-header rounded-window-top -->
            <div class="main-panel-content rounded-window-bottom">
              <div class="method">
                <div class="method-content">
                  <a name="allRows">
                  </a> <!-- allRows -->
                  <span class="method-name">allRows</span>
                  <div class="stack-trace">com.teradata.tempto.query.QueryExecutionException: java.sql.SQLException: Error executing query
	at com.teradata.tempto.query.JdbcQueryExecutor.execute(JdbcQueryExecutor.java:92)
	at com.teradata.tempto.query.JdbcQueryExecutor.executeQuery(JdbcQueryExecutor.java:62)
	at com.teradata.tempto.internal.convention.sql.SqlQueryConventionBasedTest.runTestQuery(SqlQueryConventionBasedTest.java:116)
	at com.teradata.tempto.internal.convention.sql.SqlQueryConventionBasedTest.test(SqlQueryConventionBasedTest.java:94)
	at com.teradata.tempto.internal.convention.ConventionBasedTestProxyGenerator$ConventionBasedTestProxy.test(ConventionBasedTestProxyGenerator.java:120)
	at com.teradata.tempto.sample_presto_table.allRows(Unknown Source)
	at com.teradata.tempto.runner.TemptoRunner.run(TemptoRunner.java:81)
	at com.teradata.tempto.runner.TemptoRunner.runTempto(TemptoRunner.java:59)
	at com.teradata.tempto.runner.TemptoRunner.runTempto(TemptoRunner.java:47)
	at com.teradata.tempto.examples.TemptoExamples.main(TemptoExamples.java:30)
Caused by: java.sql.SQLException: Error executing query
	at com.facebook.presto.jdbc.PrestoStatement.executeQuery(PrestoStatement.java:54)
	at com.teradata.tempto.query.JdbcQueryExecutor.executeQueryNoParams(JdbcQueryExecutor.java:101)
	at com.teradata.tempto.query.JdbcQueryExecutor.execute(JdbcQueryExecutor.java:85)
	... 30 more
Caused by: com.facebook.presto.jdbc.internal.airlift.http.client.RuntimeIOException: Server refused connection: http://localhost:8080/v1/statement
	at com.facebook.presto.jdbc.internal.airlift.http.client.ResponseHandlerUtils.propagate(ResponseHandlerUtils.java:17)
	at com.facebook.presto.jdbc.internal.airlift.http.client.FullJsonResponseHandler.handleException(FullJsonResponseHandler.java:55)
	at com.facebook.presto.jdbc.internal.airlift.http.client.FullJsonResponseHandler.handleException(FullJsonResponseHandler.java:35)
	at com.facebook.presto.jdbc.internal.airlift.http.client.jetty.JettyHttpClient.execute(JettyHttpClient.java:297)
	at com.facebook.presto.jdbc.internal.client.StatementClient.&lt;init&gt;(StatementClient.java:96)
	at com.facebook.presto.jdbc.QueryExecutor.startQuery(QueryExecutor.java:63)
	at com.facebook.presto.jdbc.PrestoConnection.startQuery(PrestoConnection.java:588)
	at com.facebook.presto.jdbc.PrestoStatement.executeQuery(PrestoStatement.java:49)
	... 32 more
Caused by: java.net.ConnectException: Connection refused
	at sun.nio.ch.SocketChannelImpl.checkConnect(Native Method)
	at sun.nio.ch.SocketChannelImpl.finishConnect(SocketChannelImpl.java:717)
	at com.facebook.presto.jdbc.internal.jetty.io.SelectorManager.finishConnect(SelectorManager.java:340)
	at com.facebook.presto.jdbc.internal.jetty.io.SelectorManager$ManagedSelector.processConnect(SelectorManager.java:671)
	at com.facebook.presto.jdbc.internal.jetty.io.SelectorManager$ManagedSelector.processKey(SelectorManager.java:640)
	at com.facebook.presto.jdbc.internal.jetty.io.SelectorManager$ManagedSelector.select(SelectorManager.java:607)
	at com.facebook.presto.jdbc.internal.jetty.io.SelectorManager$ManagedSelector.run(SelectorManager.java:545)
	at com.facebook.presto.jdbc.internal.jetty.util.thread.NonBlockingThread.run(NonBlockingThread.java:52)
	at com.facebook.presto.jdbc.internal.jetty.util.thread.QueuedThreadPool.runJob(QueuedThreadPool.java:635)
	at com.facebook.presto.jdbc.internal.jetty.util.thread.QueuedThreadPool$3.run(QueuedThreadPool.java:555)
	at java.lang.Thread.run(Thread.java:745)
... Removed 21 stack frames
</div> <!-- stack-trace -->
                </div> <!-- method-content -->
              </div> <!-- method -->
            </div> <!-- main-panel-content rounded-window-bottom -->
          </div> <!-- suite-tempto-tests-class-failed -->
          <div class="suite-tempto-tests-class-failed">
            <div class="main-panel-header rounded-window-top">
              <img src="failed.png"/>
              <span class="class-name">com.teradata.tempto.sample_presto_table</span>
            </div> <!-- main-panel-header rounded-window-top -->
            <div class="main-panel-content rounded-window-bottom">
              <div class="method">
                <div class="method-content">
                  <a name="psqlOverPrestoAllRows">
                  </a> <!-- psqlOverPrestoAllRows -->
                  <span class="method-name">psqlOverPrestoAllRows</span>
                  <div class="stack-trace">com.teradata.tempto.query.QueryExecutionException: java.sql.SQLException: Error executing query
	at com.teradata.tempto.query.JdbcQueryExecutor.execute(JdbcQueryExecutor.java:92)
	at com.teradata.tempto.query.JdbcQueryExecutor.executeQuery(JdbcQueryExecutor.java:62)
	at com.teradata.tempto.internal.convention.sql.SqlQueryConventionBasedTest.runTestQuery(SqlQueryConventionBasedTest.java:116)
	at com.teradata.tempto.internal.convention.sql.SqlQueryConventionBasedTest.test(SqlQueryConventionBasedTest.java:94)
	at com.teradata.tempto.internal.convention.ConventionBasedTestProxyGenerator$ConventionBasedTestProxy.test(ConventionBasedTestProxyGenerator.java:120)
	at com.teradata.tempto.sample_presto_table.psqlOverPrestoAllRows(Unknown Source)
	at com.teradata.tempto.runner.TemptoRunner.run(TemptoRunner.java:81)
	at com.teradata.tempto.runner.TemptoRunner.runTempto(TemptoRunner.java:59)
	at com.teradata.tempto.runner.TemptoRunner.runTempto(TemptoRunner.java:47)
	at com.teradata.tempto.examples.TemptoExamples.main(TemptoExamples.java:30)
Caused by: java.sql.SQLException: Error executing query
	at com.facebook.presto.jdbc.PrestoStatement.executeQuery(PrestoStatement.java:54)
	at com.teradata.tempto.query.JdbcQueryExecutor.executeQueryNoParams(JdbcQueryExecutor.java:101)
	at com.teradata.tempto.query.JdbcQueryExecutor.execute(JdbcQueryExecutor.java:85)
	... 30 more
Caused by: com.facebook.presto.jdbc.internal.airlift.http.client.RuntimeIOException: Server refused connection: http://localhost:8080/v1/statement
	at com.facebook.presto.jdbc.internal.airlift.http.client.ResponseHandlerUtils.propagate(ResponseHandlerUtils.java:17)
	at com.facebook.presto.jdbc.internal.airlift.http.client.FullJsonResponseHandler.handleException(FullJsonResponseHandler.java:55)
	at com.facebook.presto.jdbc.internal.airlift.http.client.FullJsonResponseHandler.handleException(FullJsonResponseHandler.java:35)
	at com.facebook.presto.jdbc.internal.airlift.http.client.jetty.JettyHttpClient.execute(JettyHttpClient.java:297)
	at com.facebook.presto.jdbc.internal.client.StatementClient.&lt;init&gt;(StatementClient.java:96)
	at com.facebook.presto.jdbc.QueryExecutor.startQuery(QueryExecutor.java:63)
	at com.facebook.presto.jdbc.PrestoConnection.startQuery(PrestoConnection.java:588)
	at com.facebook.presto.jdbc.PrestoStatement.executeQuery(PrestoStatement.java:49)
	... 32 more
Caused by: java.net.ConnectException: Connection refused
	at sun.nio.ch.SocketChannelImpl.checkConnect(Native Method)
	at sun.nio.ch.SocketChannelImpl.finishConnect(SocketChannelImpl.java:717)
	at com.facebook.presto.jdbc.internal.jetty.io.SelectorManager.finishConnect(SelectorManager.java:340)
	at com.facebook.presto.jdbc.internal.jetty.io.SelectorManager$ManagedSelector.processConnect(SelectorManager.java:671)
	at com.facebook.presto.jdbc.internal.jetty.io.SelectorManager$ManagedSelector.processKey(SelectorManager.java:640)
	at com.facebook.presto.jdbc.internal.jetty.io.SelectorManager$ManagedSelector.select(SelectorManager.java:607)
	at com.facebook.presto.jdbc.internal.jetty.io.SelectorManager$ManagedSelector.run(SelectorManager.java:545)
	at com.facebook.presto.jdbc.internal.jetty.util.thread.NonBlockingThread.run(NonBlockingThread.java:52)
	at com.facebook.presto.jdbc.internal.jetty.util.thread.QueuedThreadPool.runJob(QueuedThreadPool.java:635)
	at com.facebook.presto.jdbc.internal.jetty.util.thread.QueuedThreadPool$3.run(QueuedThreadPool.java:555)
	at java.lang.Thread.run(Thread.java:745)
... Removed 21 stack frames
</div> <!-- stack-trace -->
                </div> <!-- method-content -->
              </div> <!-- method -->
            </div> <!-- main-panel-content rounded-window-bottom -->
          </div> <!-- suite-tempto-tests-class-failed -->
          <div class="suite-tempto-tests-class-failed">
            <div class="main-panel-header rounded-window-top">
              <img src="failed.png"/>
              <span class="class-name">com.teradata.tempto.allRows</span>
            </div> <!-- main-panel-header rounded-window-top -->
            <div class="main-panel-content rounded-window-bottom">
              <div class="method">
                <div class="method-content">
                  <a name="query_1">
                  </a> <!-- query_1 -->
                  <span class="method-name">query_1</span>
                  <div class="stack-trace">java.lang.NoClassDefFoundError: com/facebook/presto/hive/$internal/com/google/common/primitives/Ints
	at org.apache.hive.service.cli.Column.&lt;init&gt;(Column.java:149)
	at org.apache.hive.service.cli.ColumnBasedSet.&lt;init&gt;(ColumnBasedSet.java:51)
	at org.apache.hive.service.cli.RowSetFactory.create(RowSetFactory.java:37)
	at org.apache.hive.jdbc.HiveQueryResultSet.next(HiveQueryResultSet.java:333)
	at com.teradata.tempto.query.QueryResult$QueryResultBuilder.addRows(QueryResult.java:230)
	at com.teradata.tempto.query.QueryResult.forResultSet(QueryResult.java:178)
	at com.teradata.tempto.query.JdbcQueryExecutor.executeQueryNoParams(JdbcQueryExecutor.java:102)
	at com.teradata.tempto.query.JdbcQueryExecutor.execute(JdbcQueryExecutor.java:85)
	at com.teradata.tempto.query.JdbcQueryExecutor.executeQuery(JdbcQueryExecutor.java:62)
	at com.teradata.tempto.internal.convention.sql.SqlQueryConventionBasedTest.runTestQuery(SqlQueryConventionBasedTest.java:116)
	at com.teradata.tempto.internal.convention.sql.SqlQueryConventionBasedTest.test(SqlQueryConventionBasedTest.java:94)
	at com.teradata.tempto.internal.convention.ConventionBasedTestProxyGenerator$ConventionBasedTestProxy.test(ConventionBasedTestProxyGenerator.java:120)
	at com.teradata.tempto.allRows.query_1(Unknown Source)
	at com.teradata.tempto.runner.TemptoRunner.run(TemptoRunner.java:81)
	at com.teradata.tempto.runner.TemptoRunner.runTempto(TemptoRunner.java:59)
	at com.teradata.tempto.runner.TemptoRunner.runTempto(TemptoRunner.java:47)
	at com.teradata.tempto.examples.TemptoExamples.main(TemptoExamples.java:30)
Caused by: java.lang.ClassNotFoundException: com.facebook.presto.hive.$internal.com.google.common.primitives.Ints
	at java.net.URLClassLoader.findClass(URLClassLoader.java:381)
	at java.lang.ClassLoader.loadClass(ClassLoader.java:424)
	at sun.misc.Launcher$AppClassLoader.loadClass(Launcher.java:331)
	at java.lang.ClassLoader.loadClass(ClassLoader.java:357)
	... 38 more
... Removed 21 stack frames
</div> <!-- stack-trace -->
                </div> <!-- method-content -->
              </div> <!-- method -->
            </div> <!-- main-panel-content rounded-window-bottom -->
          </div> <!-- suite-tempto-tests-class-failed -->
          <div class="suite-tempto-tests-class-failed">
            <div class="main-panel-header rounded-window-top">
              <img src="failed.png"/>
              <span class="class-name">com.teradata.tempto.examples.SimpleQueryTest</span>
            </div> <!-- main-panel-header rounded-window-top -->
            <div class="main-panel-content rounded-window-bottom">
              <div class="method">
                <div class="method-content">
                  <a name="createAndDropMutableTable">
                  </a> <!-- createAndDropMutableTable -->
                  <span class="method-name">createAndDropMutableTable</span>
                  <div class="stack-trace">java.lang.RuntimeException: error invoking methods annotated with com.teradata.tempto.AfterTestWithContext
	at com.teradata.tempto.internal.initialization.TestInitializationListener.invokeMethodsAnnotatedWith(TestInitializationListener.java:277)
	at com.teradata.tempto.internal.initialization.TestInitializationListener.runAfterWithContextMethods(TestInitializationListener.java:266)
	at com.teradata.tempto.internal.initialization.TestInitializationListener.onTestFinished(TestInitializationListener.java:244)
	at com.teradata.tempto.internal.initialization.TestInitializationListener.onTestSuccess(TestInitializationListener.java:219)
	at com.teradata.tempto.runner.TemptoRunner.run(TemptoRunner.java:81)
	at com.teradata.tempto.runner.TemptoRunner.runTempto(TemptoRunner.java:59)
	at com.teradata.tempto.runner.TemptoRunner.runTempto(TemptoRunner.java:47)
	at com.teradata.tempto.examples.TemptoExamples.main(TemptoExamples.java:30)
	at com.teradata.tempto.internal.initialization.TestInitializationListener.invokeMethodsAnnotatedWith(TestInitializationListener.java:274)
	... 25 more
Caused by: org.junit.ComparisonFailure: expected:&lt;[tru]e&gt; but was:&lt;[fals]e&gt;
	at com.teradata.tempto.examples.SimpleQueryTest.afterTest(SimpleQueryTest.java:87)
	... 30 more
... Removed 26 stack frames
</div> <!-- stack-trace -->
                </div> <!-- method-content -->
              </div> <!-- method -->
              <div class="method">
                <div class="method-content">
                  <a name="failingTest">
                  </a> <!-- failingTest -->
                  <span class="method-name">failingTest</span>
                  <div class="stack-trace">java.lang.RuntimeException: error invoking methods annotated with com.teradata.tempto.AfterTestWithContext
	at com.teradata.tempto.internal.initialization.TestInitializationListener.invokeMethodsAnnotatedWith(TestInitializationListener.java:277)
	at com.teradata.tempto.internal.initialization.TestInitializationListener.runAfterWithContextMethods(TestInitializationListener.java:266)
	at com.teradata.tempto.internal.initialization.TestInitializationListener.onTestFinished(TestInitializationListener.java:244)
	at com.teradata.tempto.internal.initialization.TestInitializationListener.onTestFailure(TestInitializationListener.java:226)
	at com.teradata.tempto.runner.TemptoRunner.run(TemptoRunner.java:81)
	at com.teradata.tempto.runner.TemptoRunner.runTempto(TemptoRunner.java:59)
	at com.teradata.tempto.runner.TemptoRunner.runTempto(TemptoRunner.java:47)
	at com.teradata.tempto.examples.TemptoExamples.main(TemptoExamples.java:30)
	at com.teradata.tempto.internal.initialization.TestInitializationListener.invokeMethodsAnnotatedWith(TestInitializationListener.java:274)
	... 25 more
Caused by: org.junit.ComparisonFailure: expected:&lt;[tru]e&gt; but was:&lt;[fals]e&gt;
	at com.teradata.tempto.examples.SimpleQueryTest.afterTest(SimpleQueryTest.java:87)
	... 30 more
... Removed 26 stack frames
</div> <!-- stack-trace -->
                </div> <!-- method-content -->
              </div> <!-- method -->
              <div class="method">
                <div class="method-content">
                  <a name="selectAllFromMultipleTables">
                  </a> <!-- selectAllFromMultipleTables -->
                  <span class="method-name">selectAllFromMultipleTables</span>
                  <div class="stack-trace">java.lang.RuntimeException: error invoking methods annotated with com.teradata.tempto.AfterTestWithContext
	at com.teradata.tempto.internal.initialization.TestInitializationListener.invokeMethodsAnnotatedWith(TestInitializationListener.java:277)
	at com.teradata.tempto.internal.initialization.TestInitializationListener.runAfterWithContextMethods(TestInitializationListener.java:266)
	at com.teradata.tempto.internal.initialization.TestInitializationListener.onTestFinished(TestInitializationListener.java:244)
	at com.teradata.tempto.internal.initialization.TestInitializationListener.onTestFailure(TestInitializationListener.java:226)
	at com.teradata.tempto.runner.TemptoRunner.run(TemptoRunner.java:81)
	at com.teradata.tempto.runner.TemptoRunner.runTempto(TemptoRunner.java:59)
	at com.teradata.tempto.runner.TemptoRunner.runTempto(TemptoRunner.java:47)
	at com.teradata.tempto.examples.TemptoExamples.main(TemptoExamples.java:30)
	at com.teradata.tempto.internal.initialization.TestInitializationListener.invokeMethodsAnnotatedWith(TestInitializationListener.java:274)
	... 25 more
Caused by: org.junit.ComparisonFailure: expected:&lt;[tru]e&gt; but was:&lt;[fals]e&gt;
	at com.teradata.tempto.examples.SimpleQueryTest.afterTest(SimpleQueryTest.java:87)
	... 30 more
... Removed 26 stack frames
</div> <!-- stack-trace -->
                </div> <!-- method-content -->
              </div> <!-- method -->
              <div class="method">
                <div class="method-content">
                  <a name="selectAllFromMultipleTables">
                  </a> <!-- selectAllFromMultipleTables -->
                  <span class="method-name">selectAllFromMultipleTables</span>
                  <div class="stack-trace">java.lang.RuntimeException: error invoking methods annotated with com.teradata.tempto.AfterTestWithContext
	at com.teradata.tempto.internal.initialization.TestInitializationListener.invokeMethodsAnnotatedWith(TestInitializationListener.java:277)
	at com.teradata.tempto.internal.initialization.TestInitializationListener.runAfterWithContextMethods(TestInitializationListener.java:266)
	at com.teradata.tempto.internal.initialization.TestInitializationListener.onTestFinished(TestInitializationListener.java:244)
	at com.teradata.tempto.internal.initialization.TestInitializationListener.onTestFailure(TestInitializationListener.java:226)
	at com.teradata.tempto.runner.TemptoRunner.run(TemptoRunner.java:81)
	at com.teradata.tempto.runner.TemptoRunner.runTempto(TemptoRunner.java:59)
	at com.teradata.tempto.runner.TemptoRunner.runTempto(TemptoRunner.java:47)
	at com.teradata.tempto.examples.TemptoExamples.main(TemptoExamples.java:30)
	at com.teradata.tempto.internal.initialization.TestInitializationListener.invokeMethodsAnnotatedWith(TestInitializationListener.java:274)
	... 25 more
Caused by: org.junit.ComparisonFailure: expected:&lt;[tru]e&gt; but was:&lt;[fals]e&gt;
	at com.teradata.tempto.examples.SimpleQueryTest.afterTest(SimpleQueryTest.java:87)
	... 30 more
... Removed 26 stack frames
</div> <!-- stack-trace -->
                </div> <!-- method-content -->
              </div> <!-- method -->
              <div class="method">
                <div class="method-content">
                  <a name="selectAllFromNation">
                  </a> <!-- selectAllFromNation -->
                  <span class="method-name">selectAllFromNation</span>
                  <div class="stack-trace">java.lang.RuntimeException: error invoking methods annotated with com.teradata.tempto.AfterTestWithContext
	at com.teradata.tempto.internal.initialization.TestInitializationListener.invokeMethodsAnnotatedWith(TestInitializationListener.java:277)
	at com.teradata.tempto.internal.initialization.TestInitializationListener.runAfterWithContextMethods(TestInitializationListener.java:266)
	at com.teradata.tempto.internal.initialization.TestInitializationListener.onTestFinished(TestInitializationListener.java:244)
	at com.teradata.tempto.internal.initialization.TestInitializationListener.onTestFailure(TestInitializationListener.java:226)
	at com.teradata.tempto.runner.TemptoRunner.run(TemptoRunner.java:81)
	at com.teradata.tempto.runner.TemptoRunner.runTempto(TemptoRunner.java:59)
	at com.teradata.tempto.runner.TemptoRunner.runTempto(TemptoRunner.java:47)
	at com.teradata.tempto.examples.TemptoExamples.main(TemptoExamples.java:30)
	at com.teradata.tempto.internal.initialization.TestInitializationListener.invokeMethodsAnnotatedWith(TestInitializationListener.java:274)
	... 25 more
Caused by: org.junit.ComparisonFailure: expected:&lt;[tru]e&gt; but was:&lt;[fals]e&gt;
	at com.teradata.tempto.examples.SimpleQueryTest.afterTest(SimpleQueryTest.java:87)
	... 30 more
... Removed 26 stack frames
</div> <!-- stack-trace -->
                </div> <!-- method-content -->
              </div> <!-- method -->
              <div class="method">
                <div class="method-content">
                  <a name="selectCountFromNation">
                  </a> <!-- selectCountFromNation -->
                  <span class="method-name">selectCountFromNation</span>
                  <div class="stack-trace">java.lang.RuntimeException: error invoking methods annotated with com.teradata.tempto.AfterTestWithContext
	at com.teradata.tempto.internal.initialization.TestInitializationListener.invokeMethodsAnnotatedWith(TestInitializationListener.java:277)
	at com.teradata.tempto.internal.initialization.TestInitializationListener.runAfterWithContextMethods(TestInitializationListener.java:266)
	at com.teradata.tempto.internal.initialization.TestInitializationListener.onTestFinished(TestInitializationListener.java:244)
	at com.teradata.tempto.internal.initialization.TestInitializationListener.onTestFailure(TestInitializationListener.java:226)
	at com.teradata.tempto.runner.TemptoRunner.run(TemptoRunner.java:81)
	at com.teradata.tempto.runner.TemptoRunner.runTempto(TemptoRunner.java:59)
	at com.teradata.tempto.runner.TemptoRunner.runTempto(TemptoRunner.java:47)
	at com.teradata.tempto.examples.TemptoExamples.main(TemptoExamples.java:30)
	at com.teradata.tempto.internal.initialization.TestInitializationListener.invokeMethodsAnnotatedWith(TestInitializationListener.java:274)
	... 25 more
Caused by: org.junit.ComparisonFailure: expected:&lt;[tru]e&gt; but was:&lt;[fals]e&gt;
	at com.teradata.tempto.examples.SimpleQueryTest.afterTest(SimpleQueryTest.java:87)
	... 30 more
... Removed 26 stack frames
</div> <!-- stack-trace -->
                </div> <!-- method-content -->
              </div> <!-- method -->
            </div> <!-- main-panel-content rounded-window-bottom -->
          </div> <!-- suite-tempto-tests-class-failed -->
          <div class="suite-tempto-tests-class-failed">
            <div class="main-panel-header rounded-window-top">
              <img src="failed.png"/>
              <span class="class-name">com.teradata.tempto.examples.TpchDataSourceTest</span>
            </div> <!-- main-panel-header rounded-window-top -->
            <div class="main-panel-content rounded-window-bottom">
              <div class="method">
                <div class="method-content">
                  <a name="testDataSource">
                  </a> <!-- testDataSource -->
                  <span class="method-name">testDataSource</span>
                  <div class="stack-trace">org.junit.ComparisonFailure: expected:&lt;&quot;/tempto/tpch/sf-1[,]00/REGION&quot;&gt; but was:&lt;&quot;/tempto/tpch/sf-1[_]00/REGION&quot;&gt;
	at com.teradata.tempto.examples.TpchDataSourceTest.testDataSource(TpchDataSourceTest.java:43)
	at com.teradata.tempto.runner.TemptoRunner.run(TemptoRunner.java:81)
	at com.teradata.tempto.runner.TemptoRunner.runTempto(TemptoRunner.java:59)
	at com.teradata.tempto.runner.TemptoRunner.runTempto(TemptoRunner.java:47)
	at com.teradata.tempto.examples.TemptoExamples.main(TemptoExamples.java:30)
... Removed 24 stack frames
</div> <!-- stack-trace -->
                </div> <!-- method-content -->
              </div> <!-- method -->
            </div> <!-- main-panel-content rounded-window-bottom -->
          </div> <!-- suite-tempto-tests-class-failed -->
          <div class="suite-tempto-tests-class-failed">
            <div class="main-panel-header rounded-window-top">
              <img src="failed.png"/>
              <span class="class-name">com.teradata.tempto.examples.ExampleSshClientUsage</span>
            </div> <!-- main-panel-header rounded-window-top -->
            <div class="main-panel-content rounded-window-bottom">
              <div class="method">
                <div class="method-content">
                  <a name="longRunningCommandTimeout">
                  </a> <!-- longRunningCommandTimeout -->
                  <span class="method-name">longRunningCommandTimeout</span>
                  <div class="stack-trace">java.lang.AssertionError: 
Expecting:
 &lt;&quot;com.jcraft.jsch.JSchException: Auth fail&quot;&gt;
to contain:
 &lt;&quot;did not finish within given timeout&quot;&gt; 
	at com.teradata.tempto.examples.ExampleSshClientUsage.longRunningCommandTimeout(ExampleSshClientUsage.java:79)
	at com.teradata.tempto.runner.TemptoRunner.run(TemptoRunner.java:81)
	at com.teradata.tempto.runner.TemptoRunner.runTempto(TemptoRunner.java:59)
	at com.teradata.tempto.runner.TemptoRunner.runTempto(TemptoRunner.java:47)
	at com.teradata.tempto.examples.TemptoExamples.main(TemptoExamples.java:30)
... Removed 21 stack frames
</div> <!-- stack-trace -->
                </div> <!-- method-content -->
              </div> <!-- method -->
              <div class="method">
                <div class="method-content">
                  <a name="sshClientUsage">
                  </a> <!-- sshClientUsage -->
                  <span class="method-name">sshClientUsage</span>
                  <div class="stack-trace">java.lang.RuntimeException: com.jcraft.jsch.JSchException: Auth fail
	at com.teradata.tempto.internal.ssh.JSchSshClient.upload(JSchSshClient.java:98)
	at com.teradata.tempto.examples.ExampleSshClientUsage.sshClientUsage(ExampleSshClientUsage.java:52)
	at com.teradata.tempto.runner.TemptoRunner.run(TemptoRunner.java:81)
	at com.teradata.tempto.runner.TemptoRunner.runTempto(TemptoRunner.java:59)
	at com.teradata.tempto.runner.TemptoRunner.runTempto(TemptoRunner.java:47)
	at com.teradata.tempto.examples.TemptoExamples.main(TemptoExamples.java:30)
Caused by: com.jcraft.jsch.JSchException: Auth fail
	at com.jcraft.jsch.Session.connect(Session.java:512)
	at com.jcraft.jsch.Session.connect(Session.java:183)
	at com.teradata.tempto.internal.ssh.JSchSshClient.getActiveSession(JSchSshClient.java:78)
	at com.teradata.tempto.internal.ssh.JSchSshClient.upload(JSchSshClient.java:88)
	... 26 more
... Removed 21 stack frames
</div> <!-- stack-trace -->
                </div> <!-- method-content -->
              </div> <!-- method -->
            </div> <!-- main-panel-content rounded-window-bottom -->
          </div> <!-- suite-tempto-tests-class-failed -->
          <div class="suite-tempto-tests-class-failed">
            <div class="main-panel-header rounded-window-top">
              <img src="failed.png"/>
              <span class="class-name">com.teradata.tempto.nation</span>
            </div> <!-- main-panel-header rounded-window-top -->
            <div class="main-panel-content rounded-window-bottom">
              <div class="method">
                <div class="method-content">
                  <a name="generated_nation">
                  </a> <!-- generated_nation -->
                  <span class="method-name">generated_nation</span>
                  <div class="stack-trace">java.lang.NoClassDefFoundError: com/facebook/presto/hive/$internal/com/google/common/primitives/Ints
	at org.apache.hive.service.cli.Column.&lt;init&gt;(Column.java:149)
	at org.apache.hive.service.cli.ColumnBasedSet.&lt;init&gt;(ColumnBasedSet.java:51)
	at org.apache.hive.service.cli.RowSetFactory.create(RowSetFactory.java:37)
	at org.apache.hive.jdbc.HiveQueryResultSet.next(HiveQueryResultSet.java:333)
	at com.teradata.tempto.query.QueryResult$QueryResultBuilder.addRows(QueryResult.java:230)
	at com.teradata.tempto.query.QueryResult.forResultSet(QueryResult.java:178)
	at com.teradata.tempto.query.JdbcQueryExecutor.executeQueryNoParams(JdbcQueryExecutor.java:102)
	at com.teradata.tempto.query.JdbcQueryExecutor.execute(JdbcQueryExecutor.java:85)
	at com.teradata.tempto.query.JdbcQueryExecutor.executeQuery(JdbcQueryExecutor.java:62)
	at com.teradata.tempto.internal.convention.sql.SqlQueryConventionBasedTest.runTestQuery(SqlQueryConventionBasedTest.java:116)
	at com.teradata.tempto.internal.convention.sql.SqlQueryConventionBasedTest.test(SqlQueryConventionBasedTest.java:94)
	at com.teradata.tempto.internal.convention.ConventionBasedTestProxyGenerator$ConventionBasedTestProxy.test(ConventionBasedTestProxyGenerator.java:120)
	at com.teradata.tempto.nation.generated_nation(Unknown Source)
	at com.teradata.tempto.runner.TemptoRunner.run(TemptoRunner.java:81)
	at com.teradata.tempto.runner.TemptoRunner.runTempto(TemptoRunner.java:59)
	at com.teradata.tempto.runner.TemptoRunner.runTempto(TemptoRunner.java:47)
	at com.teradata.tempto.examples.TemptoExamples.main(TemptoExamples.java:30)
... Removed 21 stack frames
</div> <!-- stack-trace -->
                </div> <!-- method-content -->
              </div> <!-- method -->
            </div> <!-- main-panel-content rounded-window-bottom -->
          </div> <!-- suite-tempto-tests-class-failed -->
          <div class="suite-tempto-tests-class-failed">
            <div class="main-panel-header rounded-window-top">
              <img src="failed.png"/>
              <span class="class-name">com.teradata.tempto.sample_hive_table</span>
            </div> <!-- main-panel-header rounded-window-top -->
            <div class="main-panel-content rounded-window-bottom">
              <div class="method">
                <div class="method-content">
                  <a name="allRows">
                  </a> <!-- allRows -->
                  <span class="method-name">allRows</span>
                  <div class="stack-trace">java.lang.NoClassDefFoundError: com/facebook/presto/hive/$internal/com/google/common/primitives/Ints
	at org.apache.hive.service.cli.Column.&lt;init&gt;(Column.java:149)
	at org.apache.hive.service.cli.ColumnBasedSet.&lt;init&gt;(ColumnBasedSet.java:51)
	at org.apache.hive.service.cli.RowSetFactory.create(RowSetFactory.java:37)
	at org.apache.hive.jdbc.HiveQueryResultSet.next(HiveQueryResultSet.java:333)
	at com.teradata.tempto.query.QueryResult$QueryResultBuilder.addRows(QueryResult.java:230)
	at com.teradata.tempto.query.QueryResult.forResultSet(QueryResult.java:178)
	at com.teradata.tempto.query.JdbcQueryExecutor.executeQueryNoParams(JdbcQueryExecutor.java:102)
	at com.teradata.tempto.query.JdbcQueryExecutor.execute(JdbcQueryExecutor.java:85)
	at com.teradata.tempto.query.JdbcQueryExecutor.executeQuery(JdbcQueryExecutor.java:62)
	at com.teradata.tempto.internal.convention.sql.SqlQueryConventionBasedTest.runTestQuery(SqlQueryConventionBasedTest.java:116)
	at com.teradata.tempto.internal.convention.sql.SqlQueryConventionBasedTest.test(SqlQueryConventionBasedTest.java:94)
	at com.teradata.tempto.internal.convention.ConventionBasedTestProxyGenerator$ConventionBasedTestProxy.test(ConventionBasedTestProxyGenerator.java:120)
	at com.teradata.tempto.sample_hive_table.allRows(Unknown Source)
	at com.teradata.tempto.runner.TemptoRunner.run(TemptoRunner.java:81)
	at com.teradata.tempto.runner.TemptoRunner.runTempto(TemptoRunner.java:59)
	at com.teradata.tempto.runner.TemptoRunner.runTempto(TemptoRunner.java:47)
	at com.teradata.tempto.examples.TemptoExamples.main(TemptoExamples.java:30)
... Removed 21 stack frames
</div> <!-- stack-trace -->
                </div> <!-- method-content -->
              </div> <!-- method -->
            </div> <!-- main-panel-content rounded-window-bottom -->
          </div> <!-- suite-tempto-tests-class-failed -->
          <div class="suite-tempto-tests-class-passed">
            <div class="main-panel-header rounded-window-top">
              <img src="passed.png"/>
              <span class="class-name">com.teradata.tempto.examples.InjectionTest</span>
            </div> <!-- main-panel-header rounded-window-top -->
            <div class="main-panel-content rounded-window-bottom">
              <div class="method">
                <div class="method-content">
                  <a name="testInjection">
                  </a> <!-- testInjection -->
                  <span class="method-name">testInjection</span>
                </div> <!-- method-content -->
              </div> <!-- method -->
            </div> <!-- main-panel-content rounded-window-bottom -->
          </div> <!-- suite-tempto-tests-class-passed -->
          <div class="suite-tempto-tests-class-passed">
            <div class="main-panel-header rounded-window-top">
              <img src="passed.png"/>
              <span class="class-name">com.teradata.tempto.examples.ExampleSshClientUsage</span>
            </div> <!-- main-panel-header rounded-window-top -->
            <div class="main-panel-content rounded-window-bottom">
              <div class="method">
                <div class="method-content">
                  <a name="dynamicSshClient">
                  </a> <!-- dynamicSshClient -->
                  <span class="method-name">dynamicSshClient</span>
                </div> <!-- method-content -->
              </div> <!-- method -->
            </div> <!-- main-panel-content rounded-window-bottom -->
          </div> <!-- suite-tempto-tests-class-passed -->
          <div class="suite-tempto-tests-class-passed">
            <div class="main-panel-header rounded-window-top">
              <img src="passed.png"/>
              <span class="class-name">com.teradata.tempto.sample_psql_table</span>
            </div> <!-- main-panel-header rounded-window-top -->
            <div class="main-panel-content rounded-window-bottom">
              <div class="method">
                <div class="method-content">
                  <a name="allRowsOnPsql2">
                  </a> <!-- allRowsOnPsql2 -->
                  <span class="method-name">allRowsOnPsql2</span>
                </div> <!-- method-content -->
              </div> <!-- method -->
            </div> <!-- main-panel-content rounded-window-bottom -->
          </div> <!-- suite-tempto-tests-class-passed -->
          <div class="suite-tempto-tests-class-passed">
            <div class="main-panel-header rounded-window-top">
              <img src="passed.png"/>
              <span class="class-name">com.teradata.tempto.sample_psql_table</span>
            </div> <!-- main-panel-header rounded-window-top -->
            <div class="main-panel-content rounded-window-bottom">
              <div class="method">
                <div class="method-content">
                  <a name="allRows">
                  </a> <!-- allRows -->
                  <span class="method-name">allRows</span>
                </div> <!-- method-content -->
              </div> <!-- method -->
            </div> <!-- main-panel-content rounded-window-bottom -->
          </div> <!-- suite-tempto-tests-class-passed -->
          <div class="suite-tempto-tests-class-passed">
            <div class="main-panel-header rounded-window-top">
              <img src="passed.png"/>
              <span class="class-name">com.teradata.tempto.examples.PostgresqlQueryTest</span>
            </div> <!-- main-panel-header rounded-window-top -->
            <div class="main-panel-content rounded-window-bottom">
              <div class="method">
                <div class="method-content">
                  <a name="selectFromImmutableTable">
                  </a> <!-- selectFromImmutableTable -->
                  <span class="method-name">selectFromImmutableTable</span>
                </div> <!-- method-content -->
              </div> <!-- method -->
              <div class="method">
                <div class="method-content">
                  <a name="selectFromMutableTable">
                  </a> <!-- selectFromMutableTable -->
                  <span class="method-name">selectFromMutableTable</span>
                </div> <!-- method-content -->
              </div> <!-- method -->
            </div> <!-- main-panel-content rounded-window-bottom -->
          </div> <!-- suite-tempto-tests-class-passed -->
        </div> <!-- panel tempto-tests -->
        <div panel-name="test-xml-tempto-tests" class="panel">
          <div class="main-panel-header rounded-window-top">
            <span class="header-content">tempto-tests</span>
          </div> <!-- main-panel-header rounded-window-top -->
          <div class="main-panel-content rounded-window-bottom">
            <pre>
&lt;?xml version=&quot;1.0&quot; encoding=&quot;UTF-8&quot;?&gt;
&lt;!DOCTYPE suite SYSTEM &quot;http://testng.org/testng-1.0.dtd&quot;&gt;
&lt;suite name=&quot;tempto-tests&quot;&gt;
  &lt;test name=&quot;all&quot;&gt;
    &lt;method-selectors&gt;
      &lt;method-selector&gt;
        &lt;selector-class name=&quot;com.teradata.tempto.internal.listeners.TestNameGroupNameMethodSelector&quot; priority=&quot;20&quot;/&gt;
      &lt;/method-selector&gt;
    &lt;/method-selectors&gt;
    &lt;packages&gt;
      &lt;package name=&quot;com.teradata.tempto.examples&quot;/&gt;
    &lt;/packages&gt;
    &lt;classes&gt;
      &lt;class name=&quot;com.teradata.tempto.internal.convention.ConventionBasedTestFactory&quot;/&gt;
      &lt;class name=&quot;com.teradata.tempto.examples.ExampleQueryAssertTest&quot;/&gt;
      &lt;class name=&quot;com.teradata.tempto.examples.ExampleSshClientUsage&quot;/&gt;
      &lt;class name=&quot;com.teradata.tempto.examples.InjectionTest&quot;/&gt;
      &lt;class name=&quot;com.teradata.tempto.examples.PostgresqlQueryTest$ImmutableTestJdbcTable&quot;/&gt;
      &lt;class name=&quot;com.teradata.tempto.examples.PostgresqlQueryTest$MutableTestJdbcTable&quot;/&gt;
      &lt;class name=&quot;com.teradata.tempto.examples.PostgresqlQueryTest&quot;/&gt;
      &lt;class name=&quot;com.teradata.tempto.examples.SimpleQueryTest$MultipleTablesTestRequirements&quot;/&gt;
      &lt;class name=&quot;com.teradata.tempto.examples.SimpleQueryTest$SimpleTestRequirements&quot;/&gt;
      &lt;class name=&quot;com.teradata.tempto.examples.SimpleQueryTest&quot;/&gt;
      &lt;class name=&quot;com.teradata.tempto.examples.TemptoExamples&quot;/&gt;
      &lt;class name=&quot;com.teradata.tempto.examples.TpchDataSourceTest&quot;/&gt;
    &lt;/classes&gt;
  &lt;/test&gt; &lt;!-- all --&gt;
&lt;/suite&gt; &lt;!-- tempto-tests --&gt;
            </pre>
          </div> <!-- main-panel-content rounded-window-bottom -->
        </div> <!-- panel -->
        <div panel-name="testlist-tempto-tests" class="panel">
          <div class="main-panel-header rounded-window-top">
            <span class="header-content">Tests for tempto-tests</span>
          </div> <!-- main-panel-header rounded-window-top -->
          <div class="main-panel-content rounded-window-bottom">
            <ul>
              <li>
                <span class="test-name">all (12 classes)</span>
              </li>
            </ul>
          </div> <!-- main-panel-content rounded-window-bottom -->
        </div> <!-- panel -->
        <div panel-name="group-tempto-tests" class="panel">
          <div class="main-panel-header rounded-window-top">
            <span class="header-content">Groups for tempto-tests</span>
          </div> <!-- main-panel-header rounded-window-top -->
          <div class="main-panel-content rounded-window-bottom">
            <div class="test-group">
              <span class="test-group-name">blah</span>
              <br/>
              <div class="method-in-group">
                <span class="method-in-group-name">query_1</span>
                <br/>
              </div> <!-- method-in-group -->
              <div class="method-in-group">
                <span class="method-in-group-name">query_2</span>
                <br/>
              </div> <!-- method-in-group -->
            </div> <!-- test-group -->
            <div class="test-group">
              <span class="test-group-name">example_smoketest</span>
              <br/>
              <div class="method-in-group">
                <span class="method-in-group-name">query_1</span>
                <br/>
              </div> <!-- method-in-group -->
              <div class="method-in-group">
                <span class="method-in-group-name">query_2</span>
                <br/>
              </div> <!-- method-in-group -->
              <div class="method-in-group">
                <span class="method-in-group-name">testDataSource</span>
                <br/>
              </div> <!-- method-in-group -->
            </div> <!-- test-group -->
            <div class="test-group">
              <span class="test-group-name">failing</span>
              <br/>
              <div class="method-in-group">
                <span class="method-in-group-name">failingTest</span>
                <br/>
              </div> <!-- method-in-group -->
            </div> <!-- test-group -->
            <div class="test-group">
              <span class="test-group-name">generated</span>
              <br/>
              <div class="method-in-group">
                <span class="method-in-group-name">generated_nation</span>
                <br/>
              </div> <!-- method-in-group -->
            </div> <!-- test-group -->
            <div class="test-group">
              <span class="test-group-name">hive_convention</span>
              <br/>
              <div class="method-in-group">
                <span class="method-in-group-name">allRows</span>
                <br/>
              </div> <!-- method-in-group -->
            </div> <!-- test-group -->
            <div class="test-group">
              <span class="test-group-name">injection</span>
              <br/>
              <div class="method-in-group">
                <span class="method-in-group-name">testInjection</span>
                <br/>
              </div> <!-- method-in-group -->
            </div> <!-- test-group -->
            <div class="test-group">
              <span class="test-group-name">insert</span>
              <br/>
              <div class="method-in-group">
                <span class="method-in-group-name">insert_0</span>
                <br/>
              </div> <!-- method-in-group -->
              <div class="method-in-group">
                <span class="method-in-group-name">insert_1</span>
                <br/>
              </div> <!-- method-in-group -->
            </div> <!-- test-group -->
            <div class="test-group">
              <span class="test-group-name">presto_convention</span>
              <br/>
              <div class="method-in-group">
                <span class="method-in-group-name">allRows</span>
                <br/>
              </div> <!-- method-in-group -->
              <div class="method-in-group">
                <span class="method-in-group-name">psqlOverPrestoAllRows</span>
                <br/>
              </div> <!-- method-in-group -->
            </div> <!-- test-group -->
            <div class="test-group">
              <span class="test-group-name">psql_convention</span>
              <br/>
              <div class="method-in-group">
                <span class="method-in-group-name">allRows</span>
                <br/>
              </div> <!-- method-in-group -->
              <div class="method-in-group">
                <span class="method-in-group-name">allRowsOnPsql2</span>
                <br/>
              </div> <!-- method-in-group -->
            </div> <!-- test-group -->
            <div class="test-group">
              <span class="test-group-name">psql_query</span>
              <br/>
              <div class="method-in-group">
                <span class="method-in-group-name">selectFromImmutableTable</span>
                <br/>
              </div> <!-- method-in-group -->
              <div class="method-in-group">
                <span class="method-in-group-name">selectFromMutableTable</span>
                <br/>
              </div> <!-- method-in-group -->
            </div> <!-- test-group -->
            <div class="test-group">
              <span class="test-group-name">query</span>
              <br/>
              <div class="method-in-group">
                <span class="method-in-group-name">createAndDropMutableTable</span>
                <br/>
              </div> <!-- method-in-group -->
              <div class="method-in-group">
                <span class="method-in-group-name">selectAllFromMultipleTables</span>
                <br/>
              </div> <!-- method-in-group -->
              <div class="method-in-group">
                <span class="method-in-group-name">selectAllFromNation</span>
                <br/>
              </div> <!-- method-in-group -->
              <div class="method-in-group">
                <span class="method-in-group-name">selectCountFromNation</span>
                <br/>
              </div> <!-- method-in-group -->
            </div> <!-- test-group -->
            <div class="test-group">
              <span class="test-group-name">smoke</span>
              <br/>
              <div class="method-in-group">
                <span class="method-in-group-name">selectCountFromNation</span>
                <br/>
              </div> <!-- method-in-group -->
            </div> <!-- test-group -->
            <div class="test-group">
              <span class="test-group-name">ssh</span>
              <br/>
              <div class="method-in-group">
                <span class="method-in-group-name">dynamicSshClient</span>
                <br/>
              </div> <!-- method-in-group -->
              <div class="method-in-group">
                <span class="method-in-group-name">longRunningCommandTimeout</span>
                <br/>
              </div> <!-- method-in-group -->
              <div class="method-in-group">
                <span class="method-in-group-name">sshClientUsage</span>
                <br/>
              </div> <!-- method-in-group -->
            </div> <!-- test-group -->
          </div> <!-- main-panel-content rounded-window-bottom -->
        </div> <!-- panel -->
        <div panel-name="times-tempto-tests" class="panel">
          <div class="main-panel-header rounded-window-top">
            <span class="header-content">Times for tempto-tests</span>
          </div> <!-- main-panel-header rounded-window-top -->
          <div class="main-panel-content rounded-window-bottom">
            <div class="times-div">
              <script type="text/javascript">
suiteTableInitFunctions.push('tableData_tempto-tests');
function tableData_tempto-tests() {
var data = new google.visualization.DataTable();
data.addColumn('number', 'Number');
data.addColumn('string', 'Method');
data.addColumn('string', 'Class');
data.addColumn('number', 'Time (ms)');
data.addRows(23);
data.setCell(0, 0, 0)
data.setCell(0, 1, 'query_2')
data.setCell(0, 2, 'com.teradata.tempto.allRows')
data.setCell(0, 3, 20011);
data.setCell(1, 0, 1)
data.setCell(1, 1, 'insert_1')
data.setCell(1, 2, 'com.teradata.tempto.sample_table_insert')
data.setCell(1, 3, 19589);
data.setCell(2, 0, 2)
data.setCell(2, 1, 'insert_0')
data.setCell(2, 2, 'com.teradata.tempto.sample_table_insert')
data.setCell(2, 3, 15525);
data.setCell(3, 0, 3)
data.setCell(3, 1, 'selectAllFromMultipleTables')
data.setCell(3, 2, 'com.teradata.tempto.examples.SimpleQueryTest')
data.setCell(3, 3, 3776);
data.setCell(4, 0, 4)
data.setCell(4, 1, 'longRunningCommandTimeout')
data.setCell(4, 2, 'com.teradata.tempto.examples.ExampleSshClientUsage')
data.setCell(4, 3, 2974);
data.setCell(5, 0, 5)
data.setCell(5, 1, 'sshClientUsage')
data.setCell(5, 2, 'com.teradata.tempto.examples.ExampleSshClientUsage')
data.setCell(5, 3, 2516);
data.setCell(6, 0, 6)
data.setCell(6, 1, 'dynamicSshClient')
data.setCell(6, 2, 'com.teradata.tempto.examples.ExampleSshClientUsage')
data.setCell(6, 3, 2009);
data.setCell(7, 0, 7)
data.setCell(7, 1, 'query_1')
data.setCell(7, 2, 'com.teradata.tempto.allRows')
data.setCell(7, 3, 802);
data.setCell(8, 0, 8)
data.setCell(8, 1, 'createAndDropMutableTable')
data.setCell(8, 2, 'com.teradata.tempto.examples.SimpleQueryTest')
data.setCell(8, 3, 588);
data.setCell(9, 0, 9)
data.setCell(9, 1, 'selectAllFromMultipleTables')
data.setCell(9, 2, 'com.teradata.tempto.examples.SimpleQueryTest')
data.setCell(9, 3, 466);
data.setCell(10, 0, 10)
data.setCell(10, 1, 'allRows')
data.setCell(10, 2, 'com.teradata.tempto.sample_hive_table')
data.setCell(10, 3, 331);
data.setCell(11, 0, 11)
data.setCell(11, 1, 'generated_nation')
data.setCell(11, 2, 'com.teradata.tempto.nation')
data.setCell(11, 3, 325);
data.setCell(12, 0, 12)
data.setCell(12, 1, 'failingTest')
data.setCell(12, 2, 'com.teradata.tempto.examples.SimpleQueryTest')
data.setCell(12, 3, 205);
data.setCell(13, 0, 13)
data.setCell(13, 1, 'selectFromImmutableTable')
data.setCell(13, 2, 'com.teradata.tempto.examples.PostgresqlQueryTest')
data.setCell(13, 3, 194);
data.setCell(14, 0, 14)
data.setCell(14, 1, 'selectAllFromNation')
data.setCell(14, 2, 'com.teradata.tempto.examples.SimpleQueryTest')
data.setCell(14, 3, 184);
data.setCell(15, 0, 15)
data.setCell(15, 1, 'selectCountFromNation')
data.setCell(15, 2, 'com.teradata.tempto.examples.SimpleQueryTest')
data.setCell(15, 3, 181);
data.setCell(16, 0, 16)
data.setCell(16, 1, 'selectFromMutableTable')
data.setCell(16, 2, 'com.teradata.tempto.examples.PostgresqlQueryTest')
data.setCell(16, 3, 166);
data.setCell(17, 0, 17)
data.setCell(17, 1, 'allRows')
data.setCell(17, 2, 'com.teradata.tempto.sample_presto_table')
data.setCell(17, 3, 165);
data.setCell(18, 0, 18)
data.setCell(18, 1, 'testDataSource')
data.setCell(18, 2, 'com.teradata.tempto.examples.TpchDataSourceTest')
data.setCell(18, 3, 132);
data.setCell(19, 0, 19)
data.setCell(19, 1, 'psqlOverPrestoAllRows')
data.setCell(19, 2, 'com.teradata.tempto.sample_presto_table')
data.setCell(19, 3, 121);
data.setCell(20, 0, 20)
data.setCell(20, 1, 'allRowsOnPsql2')
data.setCell(20, 2, 'com.teradata.tempto.sample_psql_table')
data.setCell(20, 3, 117);
data.setCell(21, 0, 21)
data.setCell(21, 1, 'allRows')
data.setCell(21, 2, 'com.teradata.tempto.sample_psql_table')
data.setCell(21, 3, 106);
data.setCell(22, 0, 22)
data.setCell(22, 1, 'testInjection')
data.setCell(22, 2, 'com.teradata.tempto.examples.InjectionTest')
data.setCell(22, 3, 99);
window.suiteTableData['tempto-tests']= { tableData: data, tableDiv: 'times-div-tempto-tests'}
return data;
}
              </script>
              <span class="suite-total-time">Total running time: 1 minutes</span>
              <div id="times-div-tempto-tests">
              </div> <!-- times-div-tempto-tests -->
            </div> <!-- times-div -->
          </div> <!-- main-panel-content rounded-window-bottom -->
        </div> <!-- panel -->
        <div panel-name="reporter-tempto-tests" class="panel">
          <div class="main-panel-header rounded-window-top">
            <span class="header-content">Reporter output for tempto-tests</span>
          </div> <!-- main-panel-header rounded-window-top -->
          <div class="main-panel-content rounded-window-bottom">
          </div> <!-- main-panel-content rounded-window-bottom -->
        </div> <!-- panel -->
        <div panel-name="ignored-methods-tempto-tests" class="panel">
          <div class="main-panel-header rounded-window-top">
            <span class="header-content">5 ignored methods</span>
          </div> <!-- main-panel-header rounded-window-top -->
          <div class="main-panel-content rounded-window-bottom">
            <div class="ignored-class-div">
              <span class="ignored-class-name">com.teradata.tempto.examples.ExampleQueryAssertTest</span>
              <div class="ignored-methods-div">
                <span class="ignored-method-name">testHasColumnName</span>
                <br/>
                <span class="ignored-method-name">testContainsExactly</span>
                <br/>
                <span class="ignored-method-name">testHasColumnIndex</span>
                <br/>
                <span class="ignored-method-name">testContainsOnly</span>
                <br/>
              </div> <!-- ignored-methods-div -->
            </div> <!-- ignored-class-div -->
            <div class="ignored-class-div">
              <span class="ignored-class-name">com.teradata.tempto.examples.SimpleQueryTest</span>
              <div class="ignored-methods-div">
                <span class="ignored-method-name">disabledTest</span>
                <br/>
              </div> <!-- ignored-methods-div -->
            </div> <!-- ignored-class-div -->
          </div> <!-- main-panel-content rounded-window-bottom -->
        </div> <!-- panel -->
        <div panel-name="chronological-tempto-tests" class="panel">
          <div class="main-panel-header rounded-window-top">
            <span class="header-content">Methods in chronological order</span>
          </div> <!-- main-panel-header rounded-window-top -->
          <div class="main-panel-content rounded-window-bottom">
            <div class="chronological-class">
              <div class="chronological-class-name">com.teradata.tempto.examples.ExampleSshClientUsage</div> <!-- chronological-class-name -->
              <div class="test-method">
                <span class="method-name">dynamicSshClient</span>
                <span class="method-start">0 ms</span>
              </div> <!-- test-method -->
              <div class="test-method">
                <img src="failed.png">
                </img>
                <span class="method-name">longRunningCommandTimeout</span>
                <span class="method-start">2048 ms</span>
              </div> <!-- test-method -->
              <div class="test-method">
                <img src="failed.png">
                </img>
                <span class="method-name">sshClientUsage</span>
                <span class="method-start">5032 ms</span>
              </div> <!-- test-method -->
            </div> <!-- chronological-class -->
            <div class="chronological-class">
              <div class="chronological-class-name">com.teradata.tempto.examples.PostgresqlQueryTest</div> <!-- chronological-class-name -->
              <div class="test-method">
                <span class="method-name">selectFromImmutableTable</span>
                <span class="method-start">7552 ms</span>
              </div> <!-- test-method -->
              <div class="test-method">
                <span class="method-name">selectFromMutableTable</span>
                <span class="method-start">7748 ms</span>
              </div> <!-- test-method -->
            </div> <!-- chronological-class -->
            <div class="chronological-class">
              <div class="chronological-class-name">com.teradata.tempto.examples.SimpleQueryTest</div> <!-- chronological-class-name -->
              <div class="test-method">
                <span class="method-name">createAndDropMutableTable</span>
                <span class="method-start">7917 ms</span>
              </div> <!-- test-method -->
              <div class="test-method">
                <img src="failed.png">
                </img>
                <span class="method-name">failingTest</span>
                <span class="method-start">8509 ms</span>
              </div> <!-- test-method -->
              <div class="test-method">
                <img src="failed.png">
                </img>
                <span class="method-name">selectAllFromMultipleTables</span>
                <span class="method-start">8718 ms</span>
              </div> <!-- test-method -->
              <div class="test-method">
                <img src="failed.png">
                </img>
                <span class="method-name">selectAllFromMultipleTables</span>
                <span class="method-start">12496 ms</span>
              </div> <!-- test-method -->
              <div class="test-method">
                <img src="failed.png">
                </img>
                <span class="method-name">selectAllFromNation</span>
                <span class="method-start">12965 ms</span>
              </div> <!-- test-method -->
              <div class="test-method">
                <img src="failed.png">
                </img>
                <span class="method-name">selectCountFromNation</span>
                <span class="method-start">13151 ms</span>
              </div> <!-- test-method -->
            </div> <!-- chronological-class -->
            <div class="chronological-class">
              <div class="chronological-class-name">com.teradata.tempto.examples.TpchDataSourceTest</div> <!-- chronological-class-name -->
              <div class="test-method">
                <img src="failed.png">
                </img>
                <span class="method-name">testDataSource</span>
                <span class="method-start">13334 ms</span>
              </div> <!-- test-method -->
            </div> <!-- chronological-class -->
            <div class="chronological-class">
              <div class="chronological-class-name">com.teradata.tempto.allRows</div> <!-- chronological-class-name -->
              <div class="test-method">
                <img src="failed.png">
                </img>
                <span class="method-name">query_1</span>
                <span class="method-start">13469 ms</span>
              </div> <!-- test-method -->
              <div class="test-method">
                <img src="failed.png">
                </img>
                <span class="method-name">query_2</span>
                <span class="method-start">14283 ms</span>
              </div> <!-- test-method -->
            </div> <!-- chronological-class -->
            <div class="chronological-class">
              <div class="chronological-class-name">com.teradata.tempto.nation</div> <!-- chronological-class-name -->
              <div class="test-method">
                <img src="failed.png">
                </img>
                <span class="method-name">generated_nation</span>
                <span class="method-start">34306 ms</span>
              </div> <!-- test-method -->
            </div> <!-- chronological-class -->
            <div class="chronological-class">
              <div class="chronological-class-name">com.teradata.tempto.sample_hive_table</div> <!-- chronological-class-name -->
              <div class="test-method">
                <img src="failed.png">
                </img>
                <span class="method-name">allRows</span>
                <span class="method-start">34642 ms</span>
              </div> <!-- test-method -->
            </div> <!-- chronological-class -->
            <div class="chronological-class">
              <div class="chronological-class-name">com.teradata.tempto.sample_presto_table</div> <!-- chronological-class-name -->
              <div class="test-method">
                <img src="failed.png">
                </img>
                <span class="method-name">allRows</span>
                <span class="method-start">34985 ms</span>
              </div> <!-- test-method -->
              <div class="test-method">
                <img src="failed.png">
                </img>
                <span class="method-name">psqlOverPrestoAllRows</span>
                <span class="method-start">35155 ms</span>
              </div> <!-- test-method -->
            </div> <!-- chronological-class -->
            <div class="chronological-class">
              <div class="chronological-class-name">com.teradata.tempto.sample_psql_table</div> <!-- chronological-class-name -->
              <div class="test-method">
                <span class="method-name">allRows</span>
                <span class="method-start">35281 ms</span>
              </div> <!-- test-method -->
              <div class="test-method">
                <span class="method-name">allRowsOnPsql2</span>
                <span class="method-start">35393 ms</span>
              </div> <!-- test-method -->
            </div> <!-- chronological-class -->
            <div class="chronological-class">
              <div class="chronological-class-name">com.teradata.tempto.sample_table_insert</div> <!-- chronological-class-name -->
              <div class="test-method">
                <img src="failed.png">
                </img>
                <span class="method-name">insert_0</span>
                <span class="method-start">35514 ms</span>
              </div> <!-- test-method -->
              <div class="test-method">
                <img src="failed.png">
                </img>
                <span class="method-name">insert_1</span>
                <span class="method-start">51060 ms</span>
              </div> <!-- test-method -->
            </div> <!-- chronological-class -->
            <div class="chronological-class">
              <div class="chronological-class-name">com.teradata.tempto.examples.InjectionTest</div> <!-- chronological-class-name -->
              <div class="test-method">
                <span class="method-name">testInjection</span>
                <span class="method-start">70660 ms</span>
              </div> <!-- test-method -->
          </div> <!-- main-panel-content rounded-window-bottom -->
        </div> <!-- panel -->
      </div> <!-- main-panel-root -->
    </div> <!-- wrapper -->
  </body>
</html>
